[ 2016-08-08T11:08:07+08:00 ] 127.0.0.1 /gamenoll.com/
INFO: [ app_init ] --START--
INFO: Run Behavior\BuildLiteBehavior [ RunTime:0.000000s ]
INFO: [ app_init ] --END-- [ RunTime:0.001000s ]

[ 2016-08-08T11:08:09+08:00 ] 127.0.0.1 /gamenoll.com/index.php/Index/thirdLogin/type/yahoo.html
INFO: [ app_init ] --START--
INFO: Run Behavior\BuildLiteBehavior [ RunTime:0.000000s ]
INFO: [ app_init ] --END-- [ RunTime:0.000000s ]

[ 2016-08-08T11:35:32+08:00 ] 127.0.0.1 /gamenoll.com/
INFO: [ app_init ] --START--
INFO: Run Behavior\BuildLiteBehavior [ RunTime:0.000000s ]
INFO: [ app_init ] --END-- [ RunTime:0.001000s ]

[ 2016-08-08T11:35:35+08:00 ] 127.0.0.1 /gamenoll.com/
INFO: [ app_init ] --START--
INFO: Run Behavior\BuildLiteBehavior [ RunTime:0.000000s ]
INFO: [ app_init ] --END-- [ RunTime:0.001000s ]

[ 2016-08-08T11:35:47+08:00 ] 127.0.0.1 /gamenoll.com/
INFO: [ app_init ] --START--
INFO: Run Behavior\BuildLiteBehavior [ RunTime:0.000000s ]
INFO: [ app_init ] --END-- [ RunTime:0.000000s ]

[ 2016-08-08T11:35:51+08:00 ] 127.0.0.1 /gamenoll.com/
INFO: [ app_init ] --START--
INFO: Run Behavior\BuildLiteBehavior [ RunTime:0.000000s ]
INFO: [ app_init ] --END-- [ RunTime:0.000000s ]

[ 2016-08-08T11:36:20+08:00 ] 127.0.0.1 /gamenoll.com/
INFO: [ app_init ] --START--
INFO: Run Behavior\BuildLiteBehavior [ RunTime:0.000000s ]
INFO: [ app_init ] --END-- [ RunTime:0.001000s ]

[ 2016-08-08T11:36:21+08:00 ] 127.0.0.1 /gamenoll.com/
INFO: [ app_init ] --START--
INFO: Run Behavior\BuildLiteBehavior [ RunTime:0.000000s ]
INFO: [ app_init ] --END-- [ RunTime:0.001000s ]

[ 2016-08-08T11:36:21+08:00 ] 127.0.0.1 /gamenoll.com/
INFO: [ app_init ] --START--
INFO: Run Behavior\BuildLiteBehavior [ RunTime:0.000000s ]
INFO: [ app_init ] --END-- [ RunTime:0.001000s ]

[ 2016-08-08T11:36:21+08:00 ] 127.0.0.1 /gamenoll.com/
INFO: [ app_init ] --START--
INFO: Run Behavior\BuildLiteBehavior [ RunTime:0.000000s ]
INFO: [ app_init ] --END-- [ RunTime:0.000000s ]

[ 2016-08-08T11:36:36+08:00 ] 127.0.0.1 /gamenoll.com/
INFO: [ app_init ] --START--
INFO: Run Behavior\BuildLiteBehavior [ RunTime:0.000000s ]
INFO: [ app_init ] --END-- [ RunTime:0.001000s ]

[ 2016-08-08T11:36:42+08:00 ] 127.0.0.1 /gamenoll.com/
INFO: [ app_init ] --START--
INFO: Run Behavior\BuildLiteBehavior [ RunTime:0.000000s ]
INFO: [ app_init ] --END-- [ RunTime:0.001000s ]

[ 2016-08-08T11:36:43+08:00 ] 127.0.0.1 /gamenoll.com/
INFO: [ app_init ] --START--
INFO: Run Behavior\BuildLiteBehavior [ RunTime:0.000000s ]
INFO: [ app_init ] --END-- [ RunTime:0.001000s ]

[ 2016-08-08T11:36:43+08:00 ] 127.0.0.1 /gamenoll.com/
INFO: [ app_init ] --START--
INFO: Run Behavior\BuildLiteBehavior [ RunTime:0.000000s ]
INFO: [ app_init ] --END-- [ RunTime:0.000000s ]

[ 2016-08-08T11:36:57+08:00 ] 127.0.0.1 /gamenoll.com/
INFO: [ app_init ] --START--
INFO: Run Behavior\BuildLiteBehavior [ RunTime:0.000000s ]
INFO: [ app_init ] --END-- [ RunTime:0.000000s ]

[ 2016-08-08T11:37:03+08:00 ] 127.0.0.1 /gamenoll.com/
INFO: [ app_init ] --START--
INFO: Run Behavior\BuildLiteBehavior [ RunTime:0.000000s ]
INFO: [ app_init ] --END-- [ RunTime:0.000000s ]

[ 2016-08-08T11:37:43+08:00 ] 127.0.0.1 /gamenoll.com/
INFO: [ app_init ] --START--
INFO: Run Behavior\BuildLiteBehavior [ RunTime:0.000000s ]
INFO: [ app_init ] --END-- [ RunTime:0.001000s ]

[ 2016-08-08T11:37:59+08:00 ] 127.0.0.1 /
INFO: [ app_init ] --START--
INFO: Run Behavior\BuildLiteBehavior [ RunTime:0.000000s ]
INFO: [ app_init ] --END-- [ RunTime:0.000000s ]

[ 2016-08-08T11:38:00+08:00 ] 127.0.0.1 /
INFO: [ app_init ] --START--
INFO: Run Behavior\BuildLiteBehavior [ RunTime:0.000000s ]
INFO: [ app_init ] --END-- [ RunTime:0.000000s ]

[ 2016-08-08T11:39:15+08:00 ] 127.0.0.1 /gamenoll.com/
INFO: [ app_init ] --START--
INFO: Run Behavior\BuildLiteBehavior [ RunTime:0.000000s ]
INFO: [ app_init ] --END-- [ RunTime:0.001000s ]

[ 2016-08-08T11:39:26+08:00 ] 127.0.0.1 /gamenoll.com/
INFO: [ app_init ] --START--
INFO: Run Behavior\BuildLiteBehavior [ RunTime:0.000000s ]
INFO: [ app_init ] --END-- [ RunTime:0.001000s ]
ERR: Think\Controller:getWebsite方法不存在！

[ 2016-08-08T11:39:38+08:00 ] 127.0.0.1 /gamenoll.com/
INFO: [ app_init ] --START--
INFO: Run Behavior\BuildLiteBehavior [ RunTime:0.000000s ]
INFO: [ app_init ] --END-- [ RunTime:0.000000s ]

[ 2016-08-08T11:39:45+08:00 ] 127.0.0.1 /gamenoll.com/
INFO: [ app_init ] --START--
INFO: Run Behavior\BuildLiteBehavior [ RunTime:0.000000s ]
INFO: [ app_init ] --END-- [ RunTime:0.001000s ]

[ 2016-08-08T11:39:49+08:00 ] 127.0.0.1 /gamenoll.com/
INFO: [ app_init ] --START--
INFO: Run Behavior\BuildLiteBehavior [ RunTime:0.000000s ]
INFO: [ app_init ] --END-- [ RunTime:0.000000s ]

[ 2016-08-08T11:40:26+08:00 ] 127.0.0.1 /gamenoll.com/
INFO: [ app_init ] --START--
INFO: Run Behavior\BuildLiteBehavior [ RunTime:0.000000s ]
INFO: [ app_init ] --END-- [ RunTime:0.000000s ]

[ 2016-08-08T11:40:35+08:00 ] 127.0.0.1 /gamenoll.com/
INFO: [ app_init ] --START--
INFO: Run Behavior\BuildLiteBehavior [ RunTime:0.000000s ]
INFO: [ app_init ] --END-- [ RunTime:0.000000s ]

[ 2016-08-08T11:40:40+08:00 ] 127.0.0.1 /gamenoll.com/
INFO: [ app_init ] --START--
INFO: Run Behavior\BuildLiteBehavior [ RunTime:0.000000s ]
INFO: [ app_init ] --END-- [ RunTime:0.000000s ]

[ 2016-08-08T11:40:43+08:00 ] 127.0.0.1 /gamenoll.com/
INFO: [ app_init ] --START--
INFO: Run Behavior\BuildLiteBehavior [ RunTime:0.000000s ]
INFO: [ app_init ] --END-- [ RunTime:0.001000s ]

[ 2016-08-08T11:40:58+08:00 ] 127.0.0.1 /gamenoll.com/
INFO: [ app_init ] --START--
INFO: Run Behavior\BuildLiteBehavior [ RunTime:0.000000s ]
INFO: [ app_init ] --END-- [ RunTime:0.000000s ]

[ 2016-08-08T11:41:16+08:00 ] 127.0.0.1 /gamenoll.com/
INFO: [ app_init ] --START--
INFO: Run Behavior\BuildLiteBehavior [ RunTime:0.000000s ]
INFO: [ app_init ] --END-- [ RunTime:0.000000s ]

[ 2016-08-08T11:41:23+08:00 ] 127.0.0.1 /gamenoll.com/
INFO: [ app_init ] --START--
INFO: Run Behavior\BuildLiteBehavior [ RunTime:0.000000s ]
INFO: [ app_init ] --END-- [ RunTime:0.000000s ]

[ 2016-08-08T11:41:26+08:00 ] 127.0.0.1 /gamenoll.com/
INFO: [ app_init ] --START--
INFO: Run Behavior\BuildLiteBehavior [ RunTime:0.000000s ]
INFO: [ app_init ] --END-- [ RunTime:0.000000s ]

[ 2016-08-08T11:41:31+08:00 ] 127.0.0.1 /gamenoll.com/
INFO: [ app_init ] --START--
INFO: Run Behavior\BuildLiteBehavior [ RunTime:0.000000s ]
INFO: [ app_init ] --END-- [ RunTime:0.001000s ]

[ 2016-08-08T11:41:40+08:00 ] 127.0.0.1 /gamenoll.com/
INFO: [ app_init ] --START--
INFO: Run Behavior\BuildLiteBehavior [ RunTime:0.000000s ]
INFO: [ app_init ] --END-- [ RunTime:0.000000s ]

[ 2016-08-08T11:41:48+08:00 ] 127.0.0.1 /gamenoll.com/
INFO: [ app_init ] --START--
INFO: Run Behavior\BuildLiteBehavior [ RunTime:0.001000s ]
INFO: [ app_init ] --END-- [ RunTime:0.001000s ]

[ 2016-08-08T11:41:49+08:00 ] 127.0.0.1 /gamenoll.com/
INFO: [ app_init ] --START--
INFO: Run Behavior\BuildLiteBehavior [ RunTime:0.000000s ]
INFO: [ app_init ] --END-- [ RunTime:0.000000s ]

[ 2016-08-08T11:41:53+08:00 ] 127.0.0.1 /gamenoll.com/
INFO: [ app_init ] --START--
INFO: Run Behavior\BuildLiteBehavior [ RunTime:0.000000s ]
INFO: [ app_init ] --END-- [ RunTime:0.000000s ]

[ 2016-08-08T11:41:56+08:00 ] 127.0.0.1 /gamenoll.com/index.php/Index/thirdLogin/type/yahoo.html
INFO: [ app_init ] --START--
INFO: Run Behavior\BuildLiteBehavior [ RunTime:0.000000s ]
INFO: [ app_init ] --END-- [ RunTime:0.000000s ]

[ 2016-08-08T11:42:02+08:00 ] 127.0.0.1 /gamenoll.com/index.php/Index/thirdLogin/type/Twitter.html
INFO: [ app_init ] --START--
INFO: Run Behavior\BuildLiteBehavior [ RunTime:0.000000s ]
INFO: [ app_init ] --END-- [ RunTime:0.001000s ]

[ 2016-08-08T11:42:05+08:00 ] 127.0.0.1 /gamenoll.com/index.php/Index/thirdLogin/type/google.html
INFO: [ app_init ] --START--
INFO: Run Behavior\BuildLiteBehavior [ RunTime:0.000000s ]
INFO: [ app_init ] --END-- [ RunTime:0.000000s ]

[ 2016-08-08T11:42:10+08:00 ] 127.0.0.1 /gamenoll.com/index.php/Index/thirdLogin/type/Facebook.html
INFO: [ app_init ] --START--
INFO: Run Behavior\BuildLiteBehavior [ RunTime:0.000000s ]
INFO: [ app_init ] --END-- [ RunTime:0.001000s ]

[ 2016-08-08T11:42:14+08:00 ] 127.0.0.1 /gamenoll.com/index.php/Index/thirdLogin/type/Twitter.html
INFO: [ app_init ] --START--
INFO: Run Behavior\BuildLiteBehavior [ RunTime:0.000000s ]
INFO: [ app_init ] --END-- [ RunTime:0.001000s ]

[ 2016-08-08T11:42:35+08:00 ] 127.0.0.1 /gamenoll.com/index.php/Index/thirdLogin/type/yahoo.html
INFO: [ app_init ] --START--
INFO: Run Behavior\BuildLiteBehavior [ RunTime:0.000000s ]
INFO: [ app_init ] --END-- [ RunTime:0.001000s ]

[ 2016-08-08T11:43:06+08:00 ] 127.0.0.1 /gamenoll.com/
INFO: [ app_init ] --START--
INFO: Run Behavior\BuildLiteBehavior [ RunTime:0.000000s ]
INFO: [ app_init ] --END-- [ RunTime:0.000000s ]

[ 2016-08-08T11:43:07+08:00 ] 127.0.0.1 /gamenoll.com/index.php/Index/thirdLogin/type/google.html
INFO: [ app_init ] --START--
INFO: Run Behavior\BuildLiteBehavior [ RunTime:0.000000s ]
INFO: [ app_init ] --END-- [ RunTime:0.000000s ]

[ 2016-08-08T11:43:15+08:00 ] 127.0.0.1 /index.php/Index/callback/type/google/code/705203653192-fbouus22kr7cgjv050vojltfv68shpsu.apps.googleusercontent.com?code=4/ngj1BcKSV4PIijPk7TXux_Z_E3O35KtwqvA5JYiAin4
INFO: [ app_init ] --START--
INFO: Run Behavior\BuildLiteBehavior [ RunTime:0.000000s ]
INFO: [ app_init ] --END-- [ RunTime:0.000000s ]

[ 2016-08-08T11:43:29+08:00 ] 127.0.0.1 /gamenoll.com/index.php/Index/thirdLogin/type/Facebook.html
INFO: [ app_init ] --START--
INFO: Run Behavior\BuildLiteBehavior [ RunTime:0.000000s ]
INFO: [ app_init ] --END-- [ RunTime:0.000000s ]

[ 2016-08-08T11:44:19+08:00 ] 127.0.0.1 /index.php/Index/callback/type/facebook/code/1077417845646072?code=AQCarGtHUBVRhEvanbqQi44n4JT8Xvg3guBuFeSXlyoCDmIm6g4eF5UfOfvoiXMfByV9IfAC5IAibt2UMDDsB0yj0XM3DohLswj3qt2uNDz1gS1hrr4dNmp8ZWYGApPVJErKPFDr3TNGK0CzfrqUr-XcPmfTCuVrX6sQPwqKpIh_Wzfa2OwAwosGMuSQmvTZVPdKZ6E5g3bxpngbmSI9kehzPS8cZzJvKSyMj1MU3fPYFkNValnPikDPiaU9rfBuGvpftZSpd1dLZhgVDPN3gU6DO_qEthOYDhYJNBjn04ZLXo-jFEbDWQ6Wp7mkz9-zoDrofJRMNt15neaZLw5QJGEJ
INFO: [ app_init ] --START--
INFO: Run Behavior\BuildLiteBehavior [ RunTime:0.000000s ]
INFO: [ app_init ] --END-- [ RunTime:0.000000s ]

[ 2016-08-08T11:44:46+08:00 ] 127.0.0.1 /gamenoll.com/
INFO: [ app_init ] --START--
INFO: Run Behavior\BuildLiteBehavior [ RunTime:0.000000s ]
INFO: [ app_init ] --END-- [ RunTime:0.001000s ]

[ 2016-08-08T11:44:47+08:00 ] 127.0.0.1 /gamenoll.com/index.php/Index/thirdLogin/type/google.html
INFO: [ app_init ] --START--
INFO: Run Behavior\BuildLiteBehavior [ RunTime:0.000000s ]
INFO: [ app_init ] --END-- [ RunTime:0.000000s ]

[ 2016-08-08T11:44:49+08:00 ] 127.0.0.1 /index.php/Index/callback/type/google/code/705203653192-fbouus22kr7cgjv050vojltfv68shpsu.apps.googleusercontent.com?code=4/NbXwClQtZ17UiXcniPszMvS9s37B9PtXFbVI4Cjf6_U
INFO: [ app_init ] --START--
INFO: Run Behavior\BuildLiteBehavior [ RunTime:0.000000s ]
INFO: [ app_init ] --END-- [ RunTime:0.001000s ]

[ 2016-08-08T11:44:53+08:00 ] 127.0.0.1 /gamenoll.com/index.php/Index/thirdLogin/type/Facebook.html
INFO: [ app_init ] --START--
INFO: Run Behavior\BuildLiteBehavior [ RunTime:0.000000s ]
INFO: [ app_init ] --END-- [ RunTime:0.001000s ]

[ 2016-08-08T11:44:54+08:00 ] 127.0.0.1 /index.php/Index/callback/type/facebook/code/1077417845646072?code=AQB3RTO3XD4jv3GaMksmdm5YyJUZAW6JDIt4EjH5Ct6Wk-rdomMuUyxYbCcF_NdbJrKVJU342mknziBU-xzCJ8RVgDh8sdVMgF3wPMcCLNGR6qdiqkIzHLCt6IPItQ7US5zBiRUbp2_DvUc8OPnYDd2uULMPBg0QesOjNfj4Hqlx-cXnuxPdYS6zsJQMDl79KA1dFkEJ39-n_XTVFnr2scgb1tI-NYy4eui9FF8b055YvxAewOXUsLjSJb-n3mFf_iD1Ej-5bCVEwauqGM_HJyi9PiO_5hBprbMAM4u3gh7rN_I7Ks7SDcKomSH_IUnNoZZVDh6SwZVcbH6OXMNHQt7T
INFO: [ app_init ] --START--
INFO: Run Behavior\BuildLiteBehavior [ RunTime:0.000000s ]
INFO: [ app_init ] --END-- [ RunTime:0.000000s ]

[ 2016-08-08T11:45:03+08:00 ] 127.0.0.1 /gamenoll.com/index.php/Index/thirdLogin/type/yahoo.html
INFO: [ app_init ] --START--
INFO: Run Behavior\BuildLiteBehavior [ RunTime:0.000000s ]
INFO: [ app_init ] --END-- [ RunTime:0.001000s ]

[ 2016-08-08T11:46:13+08:00 ] 127.0.0.1 /
INFO: [ app_init ] --START--
INFO: Run Behavior\BuildLiteBehavior [ RunTime:0.001000s ]
INFO: [ app_init ] --END-- [ RunTime:0.001000s ]

