[ 2016-09-14T11:18:53+08:00 ] 127.0.0.1 /gamenoll.com/
INFO: [ app_init ] --START--
INFO: Run Behavior\BuildLiteBehavior [ RunTime:0.000000s ]
INFO: [ app_init ] --END-- [ RunTime:0.013001s ]

[ 2016-09-14T11:20:40+08:00 ] 127.0.0.1 /gamenoll.com/
INFO: [ app_init ] --START--
INFO: Run Behavior\BuildLiteBehavior [ RunTime:0.000000s ]
INFO: [ app_init ] --END-- [ RunTime:0.000000s ]

[ 2016-09-14T11:21:03+08:00 ] 127.0.0.1 /gamenoll.com/
INFO: [ app_init ] --START--
INFO: Run Behavior\BuildLiteBehavior [ RunTime:0.000000s ]
INFO: [ app_init ] --END-- [ RunTime:0.000000s ]

[ 2016-09-14T11:21:08+08:00 ] 127.0.0.1 /gamenoll.com/
INFO: [ app_init ] --START--
INFO: Run Behavior\BuildLiteBehavior [ RunTime:0.000000s ]
INFO: [ app_init ] --END-- [ RunTime:0.001000s ]

[ 2016-09-14T11:21:09+08:00 ] 127.0.0.1 /gamenoll.com/
INFO: [ app_init ] --START--
INFO: Run Behavior\BuildLiteBehavior [ RunTime:0.000000s ]
INFO: [ app_init ] --END-- [ RunTime:0.000000s ]

[ 2016-09-14T11:23:28+08:00 ] 127.0.0.1 /gamenoll.com/
INFO: [ app_init ] --START--
INFO: Run Behavior\BuildLiteBehavior [ RunTime:0.000000s ]
INFO: [ app_init ] --END-- [ RunTime:0.000000s ]

[ 2016-09-14T11:36:57+08:00 ] 127.0.0.1 /gamenoll.com/
INFO: [ app_init ] --START--
INFO: Run Behavior\BuildLiteBehavior [ RunTime:0.000000s ]
INFO: [ app_init ] --END-- [ RunTime:0.000000s ]

[ 2016-09-14T11:37:00+08:00 ] 127.0.0.1 /gamenoll.com/index.php/Index/thirdLogin/type/yahoo.html
INFO: [ app_init ] --START--
INFO: Run Behavior\BuildLiteBehavior [ RunTime:0.000000s ]
INFO: [ app_init ] --END-- [ RunTime:0.000000s ]

[ 2016-09-14T11:37:33+08:00 ] 127.0.0.1 /gamenoll.com/index.php/Index/thirdLogin/type/Twitter.html
INFO: [ app_init ] --START--
INFO: Run Behavior\BuildLiteBehavior [ RunTime:0.000000s ]
INFO: [ app_init ] --END-- [ RunTime:0.001000s ]

[ 2016-09-14T11:44:53+08:00 ] 127.0.0.1 /gamenoll.com/
INFO: [ app_init ] --START--
INFO: Run Behavior\BuildLiteBehavior [ RunTime:0.000000s ]
INFO: [ app_init ] --END-- [ RunTime:0.000000s ]

[ 2016-09-14T11:53:13+08:00 ] 127.0.0.1 /gamenoll.com/
INFO: [ app_init ] --START--
INFO: Run Behavior\BuildLiteBehavior [ RunTime:0.000000s ]
INFO: [ app_init ] --END-- [ RunTime:0.001000s ]

[ 2016-09-14T11:53:16+08:00 ] 127.0.0.1 /gamenoll.com/index.php/Index/thirdLogin/type/yahoo.html
INFO: [ app_init ] --START--
INFO: Run Behavior\BuildLiteBehavior [ RunTime:0.000000s ]
INFO: [ app_init ] --END-- [ RunTime:0.000000s ]

[ 2016-09-14T11:53:30+08:00 ] 127.0.0.1 /index.php/Index/callback/type/Yahoo?code=ttqtcuu
INFO: [ app_init ] --START--
INFO: Run Behavior\BuildLiteBehavior [ RunTime:0.000000s ]
INFO: [ app_init ] --END-- [ RunTime:0.000000s ]

[ 2016-09-14T11:53:38+08:00 ] 127.0.0.1 /index.php/Reg/Perfect_information
INFO: [ app_init ] --START--
INFO: Run Behavior\BuildLiteBehavior [ RunTime:0.000000s ]
INFO: [ app_init ] --END-- [ RunTime:0.000000s ]

[ 2016-09-14T11:53:48+08:00 ] 127.0.0.1 /index.php/Reg/Perfect_information
INFO: [ app_init ] --START--
INFO: Run Behavior\BuildLiteBehavior [ RunTime:0.000000s ]
INFO: [ app_init ] --END-- [ RunTime:0.000000s ]

[ 2016-09-14T11:53:48+08:00 ] 127.0.0.1 /index.php/Index/index
INFO: [ app_init ] --START--
INFO: Run Behavior\BuildLiteBehavior [ RunTime:0.000000s ]
INFO: [ app_init ] --END-- [ RunTime:0.000000s ]

[ 2016-09-14T11:54:07+08:00 ] 127.0.0.1 /
INFO: [ app_init ] --START--
INFO: Run Behavior\BuildLiteBehavior [ RunTime:0.000000s ]
INFO: [ app_init ] --END-- [ RunTime:0.000000s ]

[ 2016-09-14T11:54:09+08:00 ] 127.0.0.1 /
INFO: [ app_init ] --START--
INFO: Run Behavior\BuildLiteBehavior [ RunTime:0.000000s ]
INFO: [ app_init ] --END-- [ RunTime:0.000000s ]

[ 2016-09-14T11:54:10+08:00 ] 127.0.0.1 /
INFO: [ app_init ] --START--
INFO: Run Behavior\BuildLiteBehavior [ RunTime:0.000000s ]
INFO: [ app_init ] --END-- [ RunTime:0.001000s ]

[ 2016-09-14T11:54:11+08:00 ] 127.0.0.1 /
INFO: [ app_init ] --START--
INFO: Run Behavior\BuildLiteBehavior [ RunTime:0.000000s ]
INFO: [ app_init ] --END-- [ RunTime:0.001000s ]

[ 2016-09-14T11:54:11+08:00 ] 127.0.0.1 /
INFO: [ app_init ] --START--
INFO: Run Behavior\BuildLiteBehavior [ RunTime:0.000000s ]
INFO: [ app_init ] --END-- [ RunTime:0.001000s ]

[ 2016-09-14T11:54:15+08:00 ] 127.0.0.1 /index.php/Index/thirdLogin/type/yahoo.html
INFO: [ app_init ] --START--
INFO: Run Behavior\BuildLiteBehavior [ RunTime:0.000000s ]
INFO: [ app_init ] --END-- [ RunTime:0.000000s ]

[ 2016-09-14T11:54:21+08:00 ] 127.0.0.1 /index.php/Index/callback/type/Yahoo?code=jxv5e7d
INFO: [ app_init ] --START--
INFO: Run Behavior\BuildLiteBehavior [ RunTime:0.000000s ]
INFO: [ app_init ] --END-- [ RunTime:0.000000s ]

[ 2016-09-14T11:54:21+08:00 ] 127.0.0.1 /index.php/Index/index
INFO: [ app_init ] --START--
INFO: Run Behavior\BuildLiteBehavior [ RunTime:0.000000s ]
INFO: [ app_init ] --END-- [ RunTime:0.000000s ]

[ 2016-09-14T11:55:16+08:00 ] 127.0.0.1 /index.php/Index/thirdLogin/type/Twitter.html
INFO: [ app_init ] --START--
INFO: Run Behavior\BuildLiteBehavior [ RunTime:0.000000s ]
INFO: [ app_init ] --END-- [ RunTime:0.001000s ]

[ 2016-09-14T11:55:42+08:00 ] 127.0.0.1 /index.php/Index/thirdLogin/type/Twitter.html
INFO: [ app_init ] --START--
INFO: Run Behavior\BuildLiteBehavior [ RunTime:0.000000s ]
INFO: [ app_init ] --END-- [ RunTime:0.001001s ]

[ 2016-09-14T11:56:53+08:00 ] 127.0.0.1 /index.php/Index/thirdLogin/type/Twitter.html
INFO: [ app_init ] --START--
INFO: Run Behavior\BuildLiteBehavior [ RunTime:0.000000s ]
INFO: [ app_init ] --END-- [ RunTime:0.001000s ]

[ 2016-09-14T11:56:56+08:00 ] 127.0.0.1 /index.php/Index/thirdLogin/type/yahoo.html
INFO: [ app_init ] --START--
INFO: Run Behavior\BuildLiteBehavior [ RunTime:0.000000s ]
INFO: [ app_init ] --END-- [ RunTime:0.000000s ]

[ 2016-09-14T11:57:01+08:00 ] 127.0.0.1 /index.php/Index/thirdLogin/type/Twitter.html
INFO: [ app_init ] --START--
INFO: Run Behavior\BuildLiteBehavior [ RunTime:0.000000s ]
INFO: [ app_init ] --END-- [ RunTime:0.000000s ]

[ 2016-09-14T11:57:09+08:00 ] 127.0.0.1 /index.php/Index/callback/type/twitter?oauth_token=aiJKJQAAAAAAwcHgAAABVybTwvY&oauth_verifier=D8TkqQHTovzgTpyenBjTtHk69ZmtZJA7
INFO: [ app_init ] --START--
INFO: Run Behavior\BuildLiteBehavior [ RunTime:0.000000s ]
INFO: [ app_init ] --END-- [ RunTime:0.000000s ]

[ 2016-09-14T11:57:09+08:00 ] 127.0.0.1 /index.php/Index/index
INFO: [ app_init ] --START--
INFO: Run Behavior\BuildLiteBehavior [ RunTime:0.000000s ]
INFO: [ app_init ] --END-- [ RunTime:0.000000s ]

[ 2016-09-14T11:57:16+08:00 ] 127.0.0.1 /index.php/Index/thirdLogin/type/google.html
INFO: [ app_init ] --START--
INFO: Run Behavior\BuildLiteBehavior [ RunTime:0.000000s ]
INFO: [ app_init ] --END-- [ RunTime:0.001000s ]

[ 2016-09-14T11:57:30+08:00 ] 127.0.0.1 /index.php/Index/index
INFO: [ app_init ] --START--
INFO: Run Behavior\BuildLiteBehavior [ RunTime:0.000000s ]
INFO: [ app_init ] --END-- [ RunTime:0.000000s ]

[ 2016-09-14T12:13:53+08:00 ] 127.0.0.1 /index.php/Index/ddddddd
INFO: [ app_init ] --START--
INFO: Run Behavior\BuildLiteBehavior [ RunTime:0.000000s ]
INFO: [ app_init ] --END-- [ RunTime:0.000000s ]
ERR: 非法操作:ddddddd

[ 2016-09-14T12:39:31+08:00 ] 127.0.0.1 /index.php/Index/index
INFO: [ app_init ] --START--
INFO: Run Behavior\BuildLiteBehavior [ RunTime:0.000000s ]
INFO: [ app_init ] --END-- [ RunTime:0.000000s ]
INFO: [ app_begin ] --START--
INFO: Run Behavior\ReadHtmlCacheBehavior [ RunTime:0.001000s ]
INFO: [ app_begin ] --END-- [ RunTime:0.001000s ]
NOTIC: [8] A session had already been started - ignoring session_start() D:\WWW\gamenoll.com\Application\Home\Controller\IndexController.class.php 第 5 行.
SQL: SHOW COLUMNS FROM `gn_user` [ RunTime:0.0030s ]
SQL: SELECT `rc` FROM `gn_user` WHERE `id` = 67 LIMIT 1   [ RunTime:0.0010s ]
SQL: SHOW COLUMNS FROM `gn_website` [ RunTime:0.0030s ]
SQL: SELECT * FROM `gn_website`  [ RunTime:0.0000s ]
SQL: SHOW COLUMNS FROM `gn_playpic` [ RunTime:0.0020s ]
SQL: SELECT * FROM `gn_playpic` WHERE `type` = 2  [ RunTime:0.0000s ]
SQL: SELECT * FROM `gn_playpic` WHERE `type` = 1  [ RunTime:0.0000s ]
SQL: SELECT * FROM `gn_playpic` WHERE `type` = 0  [ RunTime:0.0000s ]
SQL: SHOW COLUMNS FROM `gn_news` [ RunTime:0.0040s ]
SQL: SELECT * FROM `gn_news` WHERE `type` = '通知' ORDER BY createtime DESC LIMIT 3   [ RunTime:0.0000s ]
SQL: SELECT * FROM `gn_news` WHERE `type` = '活动' ORDER BY createtime DESC LIMIT 3   [ RunTime:0.0000s ]
INFO: [ view_parse ] --START--
INFO: [ template_filter ] --START--
INFO: Run Behavior\ContentReplaceBehavior [ RunTime:0.000000s ]
INFO: [ template_filter ] --END-- [ RunTime:0.000000s ]
INFO: Run Behavior\ParseTemplateBehavior [ RunTime:0.005000s ]
INFO: [ view_parse ] --END-- [ RunTime:0.005000s ]
INFO: [ view_filter ] --START--
INFO: Run Behavior\WriteHtmlCacheBehavior [ RunTime:0.001000s ]
INFO: [ view_filter ] --END-- [ RunTime:0.001000s ]
INFO: [ app_end ] --START--
INFO: Run Behavior\ShowPageTraceBehavior [ RunTime:0.000000s ]
INFO: [ app_end ] --END-- [ RunTime:0.000000s ]

[ 2016-09-14T12:40:10+08:00 ] 127.0.0.1 /index.php/Index/thirdLogin/type/Facebook.html
INFO: [ app_init ] --START--
INFO: Run Behavior\BuildLiteBehavior [ RunTime:0.000000s ]
INFO: [ app_init ] --END-- [ RunTime:0.000000s ]
INFO: [ app_begin ] --START--
INFO: Run Behavior\ReadHtmlCacheBehavior [ RunTime:0.000000s ]
INFO: [ app_begin ] --END-- [ RunTime:0.000000s ]
NOTIC: [8] A session had already been started - ignoring session_start() D:\WWW\gamenoll.com\Application\Home\Controller\IndexController.class.php 第 5 行.

[ 2016-09-14T13:36:05+08:00 ] 127.0.0.1 /index.php/Index/index
INFO: [ app_init ] --START--
INFO: Run Behavior\BuildLiteBehavior [ RunTime:0.000000s ]
INFO: [ app_init ] --END-- [ RunTime:0.001000s ]
INFO: [ app_begin ] --START--
INFO: Run Behavior\ReadHtmlCacheBehavior [ RunTime:0.000000s ]
INFO: [ app_begin ] --END-- [ RunTime:0.001000s ]
NOTIC: [8] A session had already been started - ignoring session_start() D:\WWW\gamenoll.com\Application\Home\Controller\IndexController.class.php 第 5 行.
SQL: SHOW COLUMNS FROM `gn_user` [ RunTime:0.0030s ]
SQL: SELECT `rc` FROM `gn_user` WHERE `id` = 67 LIMIT 1   [ RunTime:0.0000s ]
SQL: SHOW COLUMNS FROM `gn_website` [ RunTime:0.0030s ]
SQL: SELECT * FROM `gn_website`  [ RunTime:0.0000s ]
SQL: SHOW COLUMNS FROM `gn_playpic` [ RunTime:0.0030s ]
SQL: SELECT * FROM `gn_playpic` WHERE `type` = 2  [ RunTime:0.0000s ]
SQL: SELECT * FROM `gn_playpic` WHERE `type` = 1  [ RunTime:0.0000s ]
SQL: SELECT * FROM `gn_playpic` WHERE `type` = 0  [ RunTime:0.0000s ]
SQL: SHOW COLUMNS FROM `gn_news` [ RunTime:0.0030s ]
SQL: SELECT * FROM `gn_news` WHERE `type` = '通知' ORDER BY createtime DESC LIMIT 3   [ RunTime:0.0000s ]
SQL: SELECT * FROM `gn_news` WHERE `type` = '活动' ORDER BY createtime DESC LIMIT 3   [ RunTime:0.0000s ]
INFO: [ view_parse ] --START--
INFO: [ template_filter ] --START--
INFO: Run Behavior\ContentReplaceBehavior [ RunTime:0.000000s ]
INFO: [ template_filter ] --END-- [ RunTime:0.000000s ]
NOTIC: [8] Undefined variable: newsdata1 D:\WWW\gamenoll.com\Application\Runtime\Cache\Home\2a94b8bda04ff446dcedd42276fc99ee.php 第 90 行.
NOTIC: [8] Undefined index: isLogin D:\WWW\gamenoll.com\Application\Runtime\Cache\Home\2a94b8bda04ff446dcedd42276fc99ee.php 第 138 行.
NOTIC: [8] Undefined variable: id D:\WWW\gamenoll.com\Application\Runtime\Cache\Home\2a94b8bda04ff446dcedd42276fc99ee.php 第 140 行.
INFO: Run Behavior\ParseTemplateBehavior [ RunTime:0.034002s ]
INFO: [ view_parse ] --END-- [ RunTime:0.034002s ]
INFO: [ view_filter ] --START--
INFO: Run Behavior\WriteHtmlCacheBehavior [ RunTime:0.000000s ]
INFO: [ view_filter ] --END-- [ RunTime:0.000000s ]
INFO: [ app_end ] --START--
INFO: Run Behavior\ShowPageTraceBehavior [ RunTime:0.000000s ]
INFO: [ app_end ] --END-- [ RunTime:0.000000s ]

[ 2016-09-14T13:38:32+08:00 ] 127.0.0.1 /index.php/Index/index
INFO: [ app_init ] --START--
INFO: Run Behavior\BuildLiteBehavior [ RunTime:0.000000s ]
INFO: [ app_init ] --END-- [ RunTime:0.000000s ]
INFO: [ app_begin ] --START--
INFO: Run Behavior\ReadHtmlCacheBehavior [ RunTime:0.000000s ]
INFO: [ app_begin ] --END-- [ RunTime:0.000000s ]
NOTIC: [8] A session had already been started - ignoring session_start() D:\WWW\gamenoll.com\Application\Home\Controller\IndexController.class.php 第 5 行.
SQL: SHOW COLUMNS FROM `gn_user` [ RunTime:0.0040s ]
SQL: SELECT `rc` FROM `gn_user` WHERE `id` = 67 LIMIT 1   [ RunTime:0.0010s ]
SQL: SHOW COLUMNS FROM `gn_website` [ RunTime:0.0020s ]
SQL: SELECT * FROM `gn_website`  [ RunTime:0.0000s ]
SQL: SHOW COLUMNS FROM `gn_playpic` [ RunTime:0.0030s ]
SQL: SELECT * FROM `gn_playpic` WHERE `type` = 2  [ RunTime:0.0000s ]
SQL: SELECT * FROM `gn_playpic` WHERE `type` = 1  [ RunTime:0.0000s ]
SQL: SELECT * FROM `gn_playpic` WHERE `type` = 0  [ RunTime:0.0000s ]
SQL: SHOW COLUMNS FROM `gn_news` [ RunTime:0.0030s ]
SQL: SELECT * FROM `gn_news` WHERE `type` = '通知' ORDER BY createtime DESC LIMIT 3   [ RunTime:0.0000s ]
SQL: SELECT * FROM `gn_news` WHERE `type` = '活动' ORDER BY createtime DESC LIMIT 3   [ RunTime:0.0000s ]
INFO: [ view_parse ] --START--
INFO: [ template_filter ] --START--
INFO: Run Behavior\ContentReplaceBehavior [ RunTime:0.000000s ]
INFO: [ template_filter ] --END-- [ RunTime:0.000000s ]
NOTIC: [8] Undefined variable: newsdata1 D:\WWW\gamenoll.com\Application\Runtime\Cache\Home\2a94b8bda04ff446dcedd42276fc99ee.php 第 90 行.
NOTIC: [8] Undefined index: isLogin D:\WWW\gamenoll.com\Application\Runtime\Cache\Home\2a94b8bda04ff446dcedd42276fc99ee.php 第 138 行.
NOTIC: [8] Undefined variable: id D:\WWW\gamenoll.com\Application\Runtime\Cache\Home\2a94b8bda04ff446dcedd42276fc99ee.php 第 140 行.
INFO: Run Behavior\ParseTemplateBehavior [ RunTime:0.011000s ]
INFO: [ view_parse ] --END-- [ RunTime:0.011000s ]
INFO: [ view_filter ] --START--
INFO: Run Behavior\WriteHtmlCacheBehavior [ RunTime:0.000000s ]
INFO: [ view_filter ] --END-- [ RunTime:0.000000s ]
INFO: [ app_end ] --START--
INFO: Run Behavior\ShowPageTraceBehavior [ RunTime:0.000000s ]
INFO: [ app_end ] --END-- [ RunTime:0.000000s ]

[ 2016-09-14T13:38:32+08:00 ] 127.0.0.1 /index.php/Index/index
INFO: [ app_init ] --START--
INFO: Run Behavior\BuildLiteBehavior [ RunTime:0.000000s ]
INFO: [ app_init ] --END-- [ RunTime:0.000000s ]
INFO: [ app_begin ] --START--
INFO: Run Behavior\ReadHtmlCacheBehavior [ RunTime:0.000000s ]
INFO: [ app_begin ] --END-- [ RunTime:0.000000s ]
NOTIC: [8] A session had already been started - ignoring session_start() D:\WWW\gamenoll.com\Application\Home\Controller\IndexController.class.php 第 5 行.
SQL: SHOW COLUMNS FROM `gn_user` [ RunTime:0.0030s ]
SQL: SELECT `rc` FROM `gn_user` WHERE `id` = 67 LIMIT 1   [ RunTime:0.0000s ]
SQL: SHOW COLUMNS FROM `gn_website` [ RunTime:0.0030s ]
SQL: SELECT * FROM `gn_website`  [ RunTime:0.0000s ]
SQL: SHOW COLUMNS FROM `gn_playpic` [ RunTime:0.0020s ]
SQL: SELECT * FROM `gn_playpic` WHERE `type` = 2  [ RunTime:0.0010s ]
SQL: SELECT * FROM `gn_playpic` WHERE `type` = 1  [ RunTime:0.0000s ]
SQL: SELECT * FROM `gn_playpic` WHERE `type` = 0  [ RunTime:0.0000s ]
SQL: SHOW COLUMNS FROM `gn_news` [ RunTime:0.0030s ]
SQL: SELECT * FROM `gn_news` WHERE `type` = '通知' ORDER BY createtime DESC LIMIT 3   [ RunTime:0.0010s ]
SQL: SELECT * FROM `gn_news` WHERE `type` = '活动' ORDER BY createtime DESC LIMIT 3   [ RunTime:0.0000s ]
INFO: [ view_parse ] --START--
INFO: [ template_filter ] --START--
INFO: Run Behavior\ContentReplaceBehavior [ RunTime:0.000000s ]
INFO: [ template_filter ] --END-- [ RunTime:0.000000s ]
NOTIC: [8] Undefined variable: newsdata1 D:\WWW\gamenoll.com\Application\Runtime\Cache\Home\2a94b8bda04ff446dcedd42276fc99ee.php 第 90 行.
NOTIC: [8] Undefined index: isLogin D:\WWW\gamenoll.com\Application\Runtime\Cache\Home\2a94b8bda04ff446dcedd42276fc99ee.php 第 138 行.
NOTIC: [8] Undefined variable: id D:\WWW\gamenoll.com\Application\Runtime\Cache\Home\2a94b8bda04ff446dcedd42276fc99ee.php 第 140 行.
INFO: Run Behavior\ParseTemplateBehavior [ RunTime:0.011000s ]
INFO: [ view_parse ] --END-- [ RunTime:0.011000s ]
INFO: [ view_filter ] --START--
INFO: Run Behavior\WriteHtmlCacheBehavior [ RunTime:0.000000s ]
INFO: [ view_filter ] --END-- [ RunTime:0.000000s ]
INFO: [ app_end ] --START--
INFO: Run Behavior\ShowPageTraceBehavior [ RunTime:0.001000s ]
INFO: [ app_end ] --END-- [ RunTime:0.001000s ]

[ 2016-09-14T13:38:34+08:00 ] 127.0.0.1 /index.php/Index/index
INFO: [ app_init ] --START--
INFO: Run Behavior\BuildLiteBehavior [ RunTime:0.000000s ]
INFO: [ app_init ] --END-- [ RunTime:0.000000s ]
INFO: [ app_begin ] --START--
INFO: Run Behavior\ReadHtmlCacheBehavior [ RunTime:0.000000s ]
INFO: [ app_begin ] --END-- [ RunTime:0.000000s ]
NOTIC: [8] A session had already been started - ignoring session_start() D:\WWW\gamenoll.com\Application\Home\Controller\IndexController.class.php 第 5 行.
SQL: SHOW COLUMNS FROM `gn_user` [ RunTime:0.0030s ]
SQL: SELECT `rc` FROM `gn_user` WHERE `id` = 67 LIMIT 1   [ RunTime:0.0000s ]
SQL: SHOW COLUMNS FROM `gn_website` [ RunTime:0.0020s ]
SQL: SELECT * FROM `gn_website`  [ RunTime:0.0000s ]
SQL: SHOW COLUMNS FROM `gn_playpic` [ RunTime:0.0030s ]
SQL: SELECT * FROM `gn_playpic` WHERE `type` = 2  [ RunTime:0.0000s ]
SQL: SELECT * FROM `gn_playpic` WHERE `type` = 1  [ RunTime:0.0010s ]
SQL: SELECT * FROM `gn_playpic` WHERE `type` = 0  [ RunTime:0.0000s ]
SQL: SHOW COLUMNS FROM `gn_news` [ RunTime:0.0030s ]
SQL: SELECT * FROM `gn_news` WHERE `type` = '通知' ORDER BY createtime DESC LIMIT 3   [ RunTime:0.0000s ]
SQL: SELECT * FROM `gn_news` WHERE `type` = '活动' ORDER BY createtime DESC LIMIT 3   [ RunTime:0.0010s ]
INFO: [ view_parse ] --START--
INFO: [ template_filter ] --START--
INFO: Run Behavior\ContentReplaceBehavior [ RunTime:0.000000s ]
INFO: [ template_filter ] --END-- [ RunTime:0.000000s ]
NOTIC: [8] Undefined variable: newsdata1 D:\WWW\gamenoll.com\Application\Runtime\Cache\Home\2a94b8bda04ff446dcedd42276fc99ee.php 第 90 行.
NOTIC: [8] Undefined index: isLogin D:\WWW\gamenoll.com\Application\Runtime\Cache\Home\2a94b8bda04ff446dcedd42276fc99ee.php 第 138 行.
NOTIC: [8] Undefined variable: id D:\WWW\gamenoll.com\Application\Runtime\Cache\Home\2a94b8bda04ff446dcedd42276fc99ee.php 第 140 行.
INFO: Run Behavior\ParseTemplateBehavior [ RunTime:0.011001s ]
INFO: [ view_parse ] --END-- [ RunTime:0.011001s ]
INFO: [ view_filter ] --START--
INFO: Run Behavior\WriteHtmlCacheBehavior [ RunTime:0.000000s ]
INFO: [ view_filter ] --END-- [ RunTime:0.000000s ]
INFO: [ app_end ] --START--
INFO: Run Behavior\ShowPageTraceBehavior [ RunTime:0.000000s ]
INFO: [ app_end ] --END-- [ RunTime:0.000000s ]

[ 2016-09-14T13:38:35+08:00 ] 127.0.0.1 /index.php/Index/index
INFO: [ app_init ] --START--
INFO: Run Behavior\BuildLiteBehavior [ RunTime:0.000000s ]
INFO: [ app_init ] --END-- [ RunTime:0.001000s ]
INFO: [ app_begin ] --START--
INFO: Run Behavior\ReadHtmlCacheBehavior [ RunTime:0.000000s ]
INFO: [ app_begin ] --END-- [ RunTime:0.000000s ]
NOTIC: [8] A session had already been started - ignoring session_start() D:\WWW\gamenoll.com\Application\Home\Controller\IndexController.class.php 第 5 行.
SQL: SHOW COLUMNS FROM `gn_user` [ RunTime:0.0040s ]
SQL: SELECT `rc` FROM `gn_user` WHERE `id` = 67 LIMIT 1   [ RunTime:0.0000s ]
SQL: SHOW COLUMNS FROM `gn_website` [ RunTime:0.0030s ]
SQL: SELECT * FROM `gn_website`  [ RunTime:0.0010s ]
SQL: SHOW COLUMNS FROM `gn_playpic` [ RunTime:0.0030s ]
SQL: SELECT * FROM `gn_playpic` WHERE `type` = 2  [ RunTime:0.0010s ]
SQL: SELECT * FROM `gn_playpic` WHERE `type` = 1  [ RunTime:0.0000s ]
SQL: SELECT * FROM `gn_playpic` WHERE `type` = 0  [ RunTime:0.0000s ]
SQL: SHOW COLUMNS FROM `gn_news` [ RunTime:0.0040s ]
SQL: SELECT * FROM `gn_news` WHERE `type` = '通知' ORDER BY createtime DESC LIMIT 3   [ RunTime:0.0010s ]
SQL: SELECT * FROM `gn_news` WHERE `type` = '活动' ORDER BY createtime DESC LIMIT 3   [ RunTime:0.0000s ]
INFO: [ view_parse ] --START--
INFO: [ template_filter ] --START--
INFO: Run Behavior\ContentReplaceBehavior [ RunTime:0.000000s ]
INFO: [ template_filter ] --END-- [ RunTime:0.000000s ]
NOTIC: [8] Undefined variable: newsdata1 D:\WWW\gamenoll.com\Application\Runtime\Cache\Home\2a94b8bda04ff446dcedd42276fc99ee.php 第 90 行.
NOTIC: [8] Undefined index: isLogin D:\WWW\gamenoll.com\Application\Runtime\Cache\Home\2a94b8bda04ff446dcedd42276fc99ee.php 第 138 行.
NOTIC: [8] Undefined variable: id D:\WWW\gamenoll.com\Application\Runtime\Cache\Home\2a94b8bda04ff446dcedd42276fc99ee.php 第 140 行.
INFO: Run Behavior\ParseTemplateBehavior [ RunTime:0.012001s ]
INFO: [ view_parse ] --END-- [ RunTime:0.012001s ]
INFO: [ view_filter ] --START--
INFO: Run Behavior\WriteHtmlCacheBehavior [ RunTime:0.000000s ]
INFO: [ view_filter ] --END-- [ RunTime:0.000000s ]
INFO: [ app_end ] --START--
INFO: Run Behavior\ShowPageTraceBehavior [ RunTime:0.000000s ]
INFO: [ app_end ] --END-- [ RunTime:0.000000s ]

[ 2016-09-14T13:39:07+08:00 ] 127.0.0.1 /index.php/Index/index
INFO: [ app_init ] --START--
INFO: Run Behavior\BuildLiteBehavior [ RunTime:0.000000s ]
INFO: [ app_init ] --END-- [ RunTime:0.000000s ]
INFO: [ app_begin ] --START--
INFO: Run Behavior\ReadHtmlCacheBehavior [ RunTime:0.000000s ]
INFO: [ app_begin ] --END-- [ RunTime:0.000000s ]
NOTIC: [8] A session had already been started - ignoring session_start() D:\WWW\gamenoll.com\Application\Home\Controller\IndexController.class.php 第 5 行.
SQL: SHOW COLUMNS FROM `gn_user` [ RunTime:0.0030s ]
SQL: SELECT `rc` FROM `gn_user` WHERE `id` = 67 LIMIT 1   [ RunTime:0.0000s ]
SQL: SHOW COLUMNS FROM `gn_website` [ RunTime:0.0020s ]
SQL: SELECT * FROM `gn_website`  [ RunTime:0.0000s ]
SQL: SHOW COLUMNS FROM `gn_playpic` [ RunTime:0.0020s ]
SQL: SELECT * FROM `gn_playpic` WHERE `type` = 2  [ RunTime:0.0000s ]
SQL: SELECT * FROM `gn_playpic` WHERE `type` = 1  [ RunTime:0.0000s ]
SQL: SELECT * FROM `gn_playpic` WHERE `type` = 0  [ RunTime:0.0000s ]
SQL: SHOW COLUMNS FROM `gn_news` [ RunTime:0.0030s ]
SQL: SELECT * FROM `gn_news` WHERE `type` = '通知' ORDER BY createtime DESC LIMIT 3   [ RunTime:0.0000s ]
SQL: SELECT * FROM `gn_news` WHERE `type` = '活动' ORDER BY createtime DESC LIMIT 3   [ RunTime:0.0010s ]
INFO: [ view_parse ] --START--
INFO: [ template_filter ] --START--
INFO: Run Behavior\ContentReplaceBehavior [ RunTime:0.000000s ]
INFO: [ template_filter ] --END-- [ RunTime:0.000000s ]
NOTIC: [8] Undefined variable: newsdata1 D:\WWW\gamenoll.com\Application\Runtime\Cache\Home\2a94b8bda04ff446dcedd42276fc99ee.php 第 90 行.
NOTIC: [8] Undefined index: isLogin D:\WWW\gamenoll.com\Application\Runtime\Cache\Home\2a94b8bda04ff446dcedd42276fc99ee.php 第 138 行.
NOTIC: [8] Undefined variable: id D:\WWW\gamenoll.com\Application\Runtime\Cache\Home\2a94b8bda04ff446dcedd42276fc99ee.php 第 140 行.
INFO: Run Behavior\ParseTemplateBehavior [ RunTime:0.010000s ]
INFO: [ view_parse ] --END-- [ RunTime:0.010000s ]
INFO: [ view_filter ] --START--
INFO: Run Behavior\WriteHtmlCacheBehavior [ RunTime:0.001000s ]
INFO: [ view_filter ] --END-- [ RunTime:0.001000s ]
INFO: [ app_end ] --START--
INFO: Run Behavior\ShowPageTraceBehavior [ RunTime:0.000000s ]
INFO: [ app_end ] --END-- [ RunTime:0.000000s ]

[ 2016-09-14T13:39:35+08:00 ] 127.0.0.1 /index.php/Index/index
INFO: [ app_init ] --START--
INFO: Run Behavior\BuildLiteBehavior [ RunTime:0.000000s ]
INFO: [ app_init ] --END-- [ RunTime:0.000000s ]
INFO: [ app_begin ] --START--
INFO: Run Behavior\ReadHtmlCacheBehavior [ RunTime:0.000000s ]
INFO: [ app_begin ] --END-- [ RunTime:0.000000s ]
NOTIC: [8] A session had already been started - ignoring session_start() D:\WWW\gamenoll.com\Application\Home\Controller\IndexController.class.php 第 5 行.
SQL: SHOW COLUMNS FROM `gn_user` [ RunTime:0.0040s ]
SQL: SELECT `rc` FROM `gn_user` WHERE `id` = 67 LIMIT 1   [ RunTime:0.0000s ]
SQL: SHOW COLUMNS FROM `gn_website` [ RunTime:0.0040s ]
SQL: SELECT * FROM `gn_website`  [ RunTime:0.0000s ]
SQL: SHOW COLUMNS FROM `gn_playpic` [ RunTime:0.0030s ]
SQL: SELECT * FROM `gn_playpic` WHERE `type` = 2  [ RunTime:0.0000s ]
SQL: SELECT * FROM `gn_playpic` WHERE `type` = 1  [ RunTime:0.0000s ]
SQL: SELECT * FROM `gn_playpic` WHERE `type` = 0  [ RunTime:0.0000s ]
SQL: SHOW COLUMNS FROM `gn_news` [ RunTime:0.0030s ]
SQL: SELECT * FROM `gn_news` WHERE `type` = '通知' ORDER BY createtime DESC LIMIT 3   [ RunTime:0.0010s ]
SQL: SELECT * FROM `gn_news` WHERE `type` = '活动' ORDER BY createtime DESC LIMIT 3   [ RunTime:0.0000s ]
INFO: [ view_parse ] --START--
INFO: [ template_filter ] --START--
INFO: Run Behavior\ContentReplaceBehavior [ RunTime:0.000000s ]
INFO: [ template_filter ] --END-- [ RunTime:0.000000s ]
INFO: Run Behavior\ParseTemplateBehavior [ RunTime:0.004000s ]
INFO: [ view_parse ] --END-- [ RunTime:0.004000s ]
INFO: [ view_filter ] --START--
INFO: Run Behavior\WriteHtmlCacheBehavior [ RunTime:0.000000s ]
INFO: [ view_filter ] --END-- [ RunTime:0.000000s ]
INFO: [ app_end ] --START--
INFO: Run Behavior\ShowPageTraceBehavior [ RunTime:0.001000s ]
INFO: [ app_end ] --END-- [ RunTime:0.001000s ]

[ 2016-09-14T13:39:35+08:00 ] 127.0.0.1 /index.php/Index/css/style.css
INFO: [ app_init ] --START--
INFO: Run Behavior\BuildLiteBehavior [ RunTime:0.000000s ]
INFO: [ app_init ] --END-- [ RunTime:0.000000s ]
INFO: [ app_begin ] --START--
INFO: Run Behavior\ReadHtmlCacheBehavior [ RunTime:0.000000s ]
INFO: [ app_begin ] --END-- [ RunTime:0.000000s ]
NOTIC: [8] A session had already been started - ignoring session_start() D:\WWW\gamenoll.com\Application\Home\Controller\IndexController.class.php 第 5 行.
ERR: 非法操作:css
NOTIC: [2] include(): Filename cannot be empty D:\WWW\gamenoll.com\ThinkPHP\Library\Think\Think.class.php 第 314 行.
NOTIC: [2] include(): Failed opening '' for inclusion (include_path='.;C:\php\pear') D:\WWW\gamenoll.com\ThinkPHP\Library\Think\Think.class.php 第 314 行.

[ 2016-09-14T13:39:35+08:00 ] 127.0.0.1 /index.php/Index/js/jquery-1.7.1.min.js
INFO: [ app_init ] --START--
INFO: Run Behavior\BuildLiteBehavior [ RunTime:0.000000s ]
INFO: [ app_init ] --END-- [ RunTime:0.000000s ]
INFO: [ app_begin ] --START--
INFO: Run Behavior\ReadHtmlCacheBehavior [ RunTime:0.000000s ]
INFO: [ app_begin ] --END-- [ RunTime:0.000000s ]
NOTIC: [8] A session had already been started - ignoring session_start() D:\WWW\gamenoll.com\Application\Home\Controller\IndexController.class.php 第 5 行.
ERR: 非法操作:js
NOTIC: [2] include(): Filename cannot be empty D:\WWW\gamenoll.com\ThinkPHP\Library\Think\Think.class.php 第 314 行.
NOTIC: [2] include(): Failed opening '' for inclusion (include_path='.;C:\php\pear') D:\WWW\gamenoll.com\ThinkPHP\Library\Think\Think.class.php 第 314 行.

[ 2016-09-14T13:39:35+08:00 ] 127.0.0.1 /index.php/Index/js/nav.js
INFO: [ app_init ] --START--
INFO: Run Behavior\BuildLiteBehavior [ RunTime:0.000000s ]
INFO: [ app_init ] --END-- [ RunTime:0.001000s ]
INFO: [ app_begin ] --START--
INFO: Run Behavior\ReadHtmlCacheBehavior [ RunTime:0.000000s ]
INFO: [ app_begin ] --END-- [ RunTime:0.000000s ]
NOTIC: [8] A session had already been started - ignoring session_start() D:\WWW\gamenoll.com\Application\Home\Controller\IndexController.class.php 第 5 行.
ERR: 非法操作:js
NOTIC: [2] include(): Filename cannot be empty D:\WWW\gamenoll.com\ThinkPHP\Library\Think\Think.class.php 第 314 行.
NOTIC: [2] include(): Failed opening '' for inclusion (include_path='.;C:\php\pear') D:\WWW\gamenoll.com\ThinkPHP\Library\Think\Think.class.php 第 314 行.

[ 2016-09-14T13:39:35+08:00 ] 127.0.0.1 /index.php/Index/images/pic01.jpg
INFO: [ app_init ] --START--
INFO: Run Behavior\BuildLiteBehavior [ RunTime:0.000000s ]
INFO: [ app_init ] --END-- [ RunTime:0.000000s ]

[ 2016-09-14T13:39:35+08:00 ] 127.0.0.1 /index.php/Index/images/notice_more.jpg
INFO: [ app_init ] --START--
INFO: Run Behavior\BuildLiteBehavior [ RunTime:0.000000s ]
INFO: [ app_init ] --END-- [ RunTime:0.000000s ]

[ 2016-09-14T13:39:35+08:00 ] 127.0.0.1 /index.php/Index/images/notice_ti.jpg
INFO: [ app_init ] --START--
INFO: Run Behavior\BuildLiteBehavior [ RunTime:0.000000s ]
INFO: [ app_init ] --END-- [ RunTime:0.000000s ]

[ 2016-09-14T13:39:35+08:00 ] 127.0.0.1 /index.php/Index/images/id_forget.png
INFO: [ app_init ] --START--
INFO: Run Behavior\BuildLiteBehavior [ RunTime:0.000000s ]
INFO: [ app_init ] --END-- [ RunTime:0.001000s ]

[ 2016-09-14T13:39:35+08:00 ] 127.0.0.1 /index.php/Index/images/guide2.jpg
INFO: [ app_init ] --START--
INFO: Run Behavior\BuildLiteBehavior [ RunTime:0.000000s ]
INFO: [ app_init ] --END-- [ RunTime:0.000000s ]

[ 2016-09-14T13:39:35+08:00 ] 127.0.0.1 /index.php/Index/images/guide1.jpg
INFO: [ app_init ] --START--
INFO: Run Behavior\BuildLiteBehavior [ RunTime:0.000000s ]
INFO: [ app_init ] --END-- [ RunTime:0.001000s ]

[ 2016-09-14T13:39:35+08:00 ] 127.0.0.1 /index.php/Index/images/guide3.jpg
INFO: [ app_init ] --START--
INFO: Run Behavior\BuildLiteBehavior [ RunTime:0.000000s ]
INFO: [ app_init ] --END-- [ RunTime:0.000000s ]

[ 2016-09-14T13:39:35+08:00 ] 127.0.0.1 /index.php/Index/images/step.jpg
INFO: [ app_init ] --START--
INFO: Run Behavior\BuildLiteBehavior [ RunTime:0.000000s ]
INFO: [ app_init ] --END-- [ RunTime:0.000000s ]

[ 2016-09-14T13:39:35+08:00 ] 127.0.0.1 /index.php/Index/images/join_button.jpg
INFO: [ app_init ] --START--
INFO: Run Behavior\BuildLiteBehavior [ RunTime:0.000000s ]
INFO: [ app_init ] --END-- [ RunTime:0.000000s ]

[ 2016-09-14T13:39:35+08:00 ] 127.0.0.1 /index.php/Index/images/bill_button.jpg
INFO: [ app_init ] --START--
INFO: Run Behavior\BuildLiteBehavior [ RunTime:0.000000s ]
INFO: [ app_init ] --END-- [ RunTime:0.001000s ]

[ 2016-09-14T13:39:35+08:00 ] 127.0.0.1 /index.php/Index/js/nav.js
INFO: [ app_init ] --START--
INFO: Run Behavior\BuildLiteBehavior [ RunTime:0.000000s ]
INFO: [ app_init ] --END-- [ RunTime:0.000000s ]
INFO: [ app_begin ] --START--
INFO: Run Behavior\ReadHtmlCacheBehavior [ RunTime:0.000000s ]
INFO: [ app_begin ] --END-- [ RunTime:0.000000s ]
NOTIC: [8] A session had already been started - ignoring session_start() D:\WWW\gamenoll.com\Application\Home\Controller\IndexController.class.php 第 5 行.
ERR: 非法操作:js
NOTIC: [2] include(): Filename cannot be empty D:\WWW\gamenoll.com\ThinkPHP\Library\Think\Think.class.php 第 314 行.
NOTIC: [2] include(): Failed opening '' for inclusion (include_path='.;C:\php\pear') D:\WWW\gamenoll.com\ThinkPHP\Library\Think\Think.class.php 第 314 行.

[ 2016-09-14T13:39:35+08:00 ] 127.0.0.1 /index.php/Index/images/hajime_button.jpg
INFO: [ app_init ] --START--
INFO: Run Behavior\BuildLiteBehavior [ RunTime:0.000000s ]
INFO: [ app_init ] --END-- [ RunTime:0.000000s ]

[ 2016-09-14T13:39:35+08:00 ] 127.0.0.1 /index.php/Index/images/pic01.jpg
INFO: [ app_init ] --START--
INFO: Run Behavior\BuildLiteBehavior [ RunTime:0.000000s ]
INFO: [ app_init ] --END-- [ RunTime:0.000000s ]

[ 2016-09-14T13:39:35+08:00 ] 127.0.0.1 /index.php/Index/images/notice_ti.jpg
INFO: [ app_init ] --START--
INFO: Run Behavior\BuildLiteBehavior [ RunTime:0.000000s ]
INFO: [ app_init ] --END-- [ RunTime:0.000000s ]

[ 2016-09-14T13:39:35+08:00 ] 127.0.0.1 /index.php/Index/images/login_button.jpg
INFO: [ app_init ] --START--
INFO: Run Behavior\BuildLiteBehavior [ RunTime:0.000000s ]
INFO: [ app_init ] --END-- [ RunTime:0.000000s ]

[ 2016-09-14T13:39:35+08:00 ] 127.0.0.1 /index.php/Index/images/id_forget.png
INFO: [ app_init ] --START--
INFO: Run Behavior\BuildLiteBehavior [ RunTime:0.000000s ]
INFO: [ app_init ] --END-- [ RunTime:0.001000s ]

[ 2016-09-14T13:39:35+08:00 ] 127.0.0.1 /index.php/Index/images/notice_more.jpg
INFO: [ app_init ] --START--
INFO: Run Behavior\BuildLiteBehavior [ RunTime:0.000000s ]
INFO: [ app_init ] --END-- [ RunTime:0.001000s ]

[ 2016-09-14T13:39:35+08:00 ] 127.0.0.1 /index.php/Index/images/guide1.jpg
INFO: [ app_init ] --START--
INFO: Run Behavior\BuildLiteBehavior [ RunTime:0.000000s ]
INFO: [ app_init ] --END-- [ RunTime:0.000000s ]

[ 2016-09-14T13:39:35+08:00 ] 127.0.0.1 /index.php/Index/images/guide2.jpg
INFO: [ app_init ] --START--
INFO: Run Behavior\BuildLiteBehavior [ RunTime:0.000000s ]
INFO: [ app_init ] --END-- [ RunTime:0.001000s ]

[ 2016-09-14T13:39:35+08:00 ] 127.0.0.1 /index.php/Index/images/guide3.jpg
INFO: [ app_init ] --START--
INFO: Run Behavior\BuildLiteBehavior [ RunTime:0.000000s ]
INFO: [ app_init ] --END-- [ RunTime:0.000000s ]

[ 2016-09-14T13:39:35+08:00 ] 127.0.0.1 /index.php/Index/images/step.jpg
INFO: [ app_init ] --START--
INFO: Run Behavior\BuildLiteBehavior [ RunTime:0.000000s ]
INFO: [ app_init ] --END-- [ RunTime:0.000000s ]

[ 2016-09-14T13:39:35+08:00 ] 127.0.0.1 /index.php/Index/images/join_button.jpg
INFO: [ app_init ] --START--
INFO: Run Behavior\BuildLiteBehavior [ RunTime:0.000000s ]
INFO: [ app_init ] --END-- [ RunTime:0.000000s ]

[ 2016-09-14T13:39:35+08:00 ] 127.0.0.1 /index.php/Index/images/bill_button.jpg
INFO: [ app_init ] --START--
INFO: Run Behavior\BuildLiteBehavior [ RunTime:0.000000s ]
INFO: [ app_init ] --END-- [ RunTime:0.000000s ]

[ 2016-09-14T13:39:35+08:00 ] 127.0.0.1 /index.php/Index/images/hajime_button.jpg
INFO: [ app_init ] --START--
INFO: Run Behavior\BuildLiteBehavior [ RunTime:0.000000s ]
INFO: [ app_init ] --END-- [ RunTime:0.000000s ]

[ 2016-09-14T13:40:30+08:00 ] 127.0.0.1 /index.php/Index/index
INFO: [ app_init ] --START--
INFO: Run Behavior\BuildLiteBehavior [ RunTime:0.000000s ]
INFO: [ app_init ] --END-- [ RunTime:0.000000s ]
INFO: [ app_begin ] --START--
INFO: Run Behavior\ReadHtmlCacheBehavior [ RunTime:0.000000s ]
INFO: [ app_begin ] --END-- [ RunTime:0.000000s ]
NOTIC: [8] A session had already been started - ignoring session_start() D:\WWW\gamenoll.com\Application\Home\Controller\IndexController.class.php 第 5 行.
SQL: SHOW COLUMNS FROM `gn_user` [ RunTime:0.0030s ]
SQL: SELECT `rc` FROM `gn_user` WHERE `id` = 67 LIMIT 1   [ RunTime:0.0010s ]
SQL: SHOW COLUMNS FROM `gn_website` [ RunTime:0.0020s ]
SQL: SELECT * FROM `gn_website`  [ RunTime:0.0000s ]
SQL: SHOW COLUMNS FROM `gn_playpic` [ RunTime:0.0020s ]
SQL: SELECT * FROM `gn_playpic` WHERE `type` = 2  [ RunTime:0.0000s ]
SQL: SELECT * FROM `gn_playpic` WHERE `type` = 1  [ RunTime:0.0000s ]
SQL: SELECT * FROM `gn_playpic` WHERE `type` = 0  [ RunTime:0.0000s ]
SQL: SHOW COLUMNS FROM `gn_news` [ RunTime:0.0020s ]
SQL: SELECT * FROM `gn_news` WHERE `type` = '通知' ORDER BY createtime DESC LIMIT 3   [ RunTime:0.0000s ]
SQL: SELECT * FROM `gn_news` WHERE `type` = '活动' ORDER BY createtime DESC LIMIT 3   [ RunTime:0.0000s ]
INFO: [ view_parse ] --START--
INFO: [ template_filter ] --START--
INFO: Run Behavior\ContentReplaceBehavior [ RunTime:0.000000s ]
INFO: [ template_filter ] --END-- [ RunTime:0.000000s ]
INFO: Run Behavior\ParseTemplateBehavior [ RunTime:0.005000s ]
INFO: [ view_parse ] --END-- [ RunTime:0.005000s ]
INFO: [ view_filter ] --START--
INFO: Run Behavior\WriteHtmlCacheBehavior [ RunTime:0.000000s ]
INFO: [ view_filter ] --END-- [ RunTime:0.000000s ]
INFO: [ app_end ] --START--
INFO: Run Behavior\ShowPageTraceBehavior [ RunTime:0.000000s ]
INFO: [ app_end ] --END-- [ RunTime:0.000000s ]

[ 2016-09-14T13:41:56+08:00 ] 127.0.0.1 /index.php/Index/index
INFO: [ app_init ] --START--
INFO: Run Behavior\BuildLiteBehavior [ RunTime:0.000000s ]
INFO: [ app_init ] --END-- [ RunTime:0.000000s ]
INFO: [ app_begin ] --START--
INFO: Run Behavior\ReadHtmlCacheBehavior [ RunTime:0.000000s ]
INFO: [ app_begin ] --END-- [ RunTime:0.000000s ]
NOTIC: [8] A session had already been started - ignoring session_start() D:\WWW\gamenoll.com\Application\Home\Controller\IndexController.class.php 第 5 行.
SQL: SHOW COLUMNS FROM `gn_user` [ RunTime:0.0030s ]
SQL: SELECT `rc` FROM `gn_user` WHERE `id` = 67 LIMIT 1   [ RunTime:0.0000s ]
SQL: SHOW COLUMNS FROM `gn_website` [ RunTime:0.0030s ]
SQL: SELECT * FROM `gn_website`  [ RunTime:0.0010s ]
SQL: SHOW COLUMNS FROM `gn_playpic` [ RunTime:0.0030s ]
SQL: SELECT * FROM `gn_playpic` WHERE `type` = 2  [ RunTime:0.0000s ]
SQL: SELECT * FROM `gn_playpic` WHERE `type` = 1  [ RunTime:0.0000s ]
SQL: SELECT * FROM `gn_playpic` WHERE `type` = 0  [ RunTime:0.0000s ]
SQL: SHOW COLUMNS FROM `gn_news` [ RunTime:0.0030s ]
SQL: SELECT * FROM `gn_news` WHERE `type` = '通知' ORDER BY createtime DESC LIMIT 3   [ RunTime:0.0000s ]
SQL: SELECT * FROM `gn_news` WHERE `type` = '活动' ORDER BY createtime DESC LIMIT 3   [ RunTime:0.0000s ]
INFO: [ view_parse ] --START--
INFO: [ template_filter ] --START--
INFO: Run Behavior\ContentReplaceBehavior [ RunTime:0.000000s ]
INFO: [ template_filter ] --END-- [ RunTime:0.000000s ]
INFO: Run Behavior\ParseTemplateBehavior [ RunTime:0.005000s ]
INFO: [ view_parse ] --END-- [ RunTime:0.005000s ]
INFO: [ view_filter ] --START--
INFO: Run Behavior\WriteHtmlCacheBehavior [ RunTime:0.000000s ]
INFO: [ view_filter ] --END-- [ RunTime:0.000000s ]
INFO: [ app_end ] --START--
INFO: Run Behavior\ShowPageTraceBehavior [ RunTime:0.000000s ]
INFO: [ app_end ] --END-- [ RunTime:0.000000s ]

[ 2016-09-14T13:42:31+08:00 ] 127.0.0.1 /index.php/Index/index
INFO: [ app_init ] --START--
INFO: Run Behavior\BuildLiteBehavior [ RunTime:0.000000s ]
INFO: [ app_init ] --END-- [ RunTime:0.000000s ]
INFO: [ app_begin ] --START--
INFO: Run Behavior\ReadHtmlCacheBehavior [ RunTime:0.001000s ]
INFO: [ app_begin ] --END-- [ RunTime:0.001000s ]
NOTIC: [8] A session had already been started - ignoring session_start() D:\WWW\gamenoll.com\Application\Home\Controller\IndexController.class.php 第 5 行.
SQL: SHOW COLUMNS FROM `gn_user` [ RunTime:0.0030s ]
SQL: SELECT `rc` FROM `gn_user` WHERE `id` = 67 LIMIT 1   [ RunTime:0.0000s ]
SQL: SHOW COLUMNS FROM `gn_website` [ RunTime:0.0030s ]
SQL: SELECT * FROM `gn_website`  [ RunTime:0.0000s ]
SQL: SHOW COLUMNS FROM `gn_playpic` [ RunTime:0.0030s ]
SQL: SELECT * FROM `gn_playpic` WHERE `type` = 2  [ RunTime:0.0000s ]
SQL: SELECT * FROM `gn_playpic` WHERE `type` = 1  [ RunTime:0.0010s ]
SQL: SELECT * FROM `gn_playpic` WHERE `type` = 0  [ RunTime:0.0000s ]
SQL: SHOW COLUMNS FROM `gn_news` [ RunTime:0.0020s ]
SQL: SELECT * FROM `gn_news` WHERE `type` = '通知' ORDER BY createtime DESC LIMIT 3   [ RunTime:0.0000s ]
SQL: SELECT * FROM `gn_news` WHERE `type` = '活动' ORDER BY createtime DESC LIMIT 3   [ RunTime:0.0000s ]
INFO: [ view_parse ] --START--
INFO: [ template_filter ] --START--
INFO: Run Behavior\ContentReplaceBehavior [ RunTime:0.000000s ]
INFO: [ template_filter ] --END-- [ RunTime:0.000000s ]
INFO: Run Behavior\ParseTemplateBehavior [ RunTime:0.005001s ]
INFO: [ view_parse ] --END-- [ RunTime:0.005001s ]
INFO: [ view_filter ] --START--
INFO: Run Behavior\WriteHtmlCacheBehavior [ RunTime:0.000000s ]
INFO: [ view_filter ] --END-- [ RunTime:0.000000s ]
INFO: [ app_end ] --START--
INFO: Run Behavior\ShowPageTraceBehavior [ RunTime:0.000000s ]
INFO: [ app_end ] --END-- [ RunTime:0.000000s ]

[ 2016-09-14T13:43:06+08:00 ] 127.0.0.1 /index.php/Index/index
INFO: [ app_init ] --START--
INFO: Run Behavior\BuildLiteBehavior [ RunTime:0.000000s ]
INFO: [ app_init ] --END-- [ RunTime:0.001000s ]
INFO: [ app_begin ] --START--
INFO: Run Behavior\ReadHtmlCacheBehavior [ RunTime:0.001000s ]
INFO: [ app_begin ] --END-- [ RunTime:0.001000s ]
NOTIC: [8] A session had already been started - ignoring session_start() D:\WWW\gamenoll.com\Application\Home\Controller\IndexController.class.php 第 5 行.
SQL: SHOW COLUMNS FROM `gn_user` [ RunTime:0.0040s ]
SQL: SELECT `rc` FROM `gn_user` WHERE `id` = 67 LIMIT 1   [ RunTime:0.0000s ]
SQL: SHOW COLUMNS FROM `gn_website` [ RunTime:0.0030s ]
SQL: SELECT * FROM `gn_website`  [ RunTime:0.0000s ]
SQL: SHOW COLUMNS FROM `gn_playpic` [ RunTime:0.0030s ]
SQL: SELECT * FROM `gn_playpic` WHERE `type` = 2  [ RunTime:0.0000s ]
SQL: SELECT * FROM `gn_playpic` WHERE `type` = 1  [ RunTime:0.0010s ]
SQL: SELECT * FROM `gn_playpic` WHERE `type` = 0  [ RunTime:0.0000s ]
SQL: SHOW COLUMNS FROM `gn_news` [ RunTime:0.0030s ]
SQL: SELECT * FROM `gn_news` WHERE `type` = '通知' ORDER BY createtime DESC LIMIT 3   [ RunTime:0.0000s ]
SQL: SELECT * FROM `gn_news` WHERE `type` = '活动' ORDER BY createtime DESC LIMIT 3   [ RunTime:0.0000s ]
INFO: [ view_parse ] --START--
INFO: [ template_filter ] --START--
INFO: Run Behavior\ContentReplaceBehavior [ RunTime:0.000000s ]
INFO: [ template_filter ] --END-- [ RunTime:0.000000s ]
INFO: Run Behavior\ParseTemplateBehavior [ RunTime:0.005000s ]
INFO: [ view_parse ] --END-- [ RunTime:0.005000s ]
INFO: [ view_filter ] --START--
INFO: Run Behavior\WriteHtmlCacheBehavior [ RunTime:0.000000s ]
INFO: [ view_filter ] --END-- [ RunTime:0.000000s ]
INFO: [ app_end ] --START--
INFO: Run Behavior\ShowPageTraceBehavior [ RunTime:0.000000s ]
INFO: [ app_end ] --END-- [ RunTime:0.001000s ]

[ 2016-09-14T15:18:16+08:00 ] 127.0.0.1 /index.php/Index/index
INFO: [ app_init ] --START--
INFO: Run Behavior\BuildLiteBehavior [ RunTime:0.000000s ]
INFO: [ app_init ] --END-- [ RunTime:0.001000s ]
INFO: [ app_begin ] --START--
INFO: Run Behavior\ReadHtmlCacheBehavior [ RunTime:0.000000s ]
INFO: [ app_begin ] --END-- [ RunTime:0.000000s ]
NOTIC: [8] A session had already been started - ignoring session_start() D:\WWW\gamenoll.com\Application\Home\Controller\IndexController.class.php 第 5 行.
SQL: SHOW COLUMNS FROM `gn_user` [ RunTime:0.0030s ]
SQL: SELECT `rc` FROM `gn_user` WHERE `id` = 67 LIMIT 1   [ RunTime:0.0000s ]
SQL: SHOW COLUMNS FROM `gn_website` [ RunTime:0.0030s ]
SQL: SELECT * FROM `gn_website`  [ RunTime:0.0000s ]
SQL: SHOW COLUMNS FROM `gn_playpic` [ RunTime:0.0030s ]
SQL: SELECT * FROM `gn_playpic` WHERE `type` = 2  [ RunTime:0.0000s ]
SQL: SELECT * FROM `gn_playpic` WHERE `type` = 1  [ RunTime:0.0010s ]
SQL: SELECT * FROM `gn_playpic` WHERE `type` = 0  [ RunTime:0.0000s ]
SQL: SHOW COLUMNS FROM `gn_news` [ RunTime:0.0030s ]
SQL: SELECT * FROM `gn_news` WHERE `type` = '通知' ORDER BY createtime DESC LIMIT 3   [ RunTime:0.0000s ]
SQL: SELECT * FROM `gn_news` WHERE `type` = '活动' ORDER BY createtime DESC LIMIT 3   [ RunTime:0.0000s ]

[ 2016-09-14T15:18:26+08:00 ] 127.0.0.1 /index.php/Index/index
INFO: [ app_init ] --START--
INFO: Run Behavior\BuildLiteBehavior [ RunTime:0.000000s ]
INFO: [ app_init ] --END-- [ RunTime:0.001000s ]
INFO: [ app_begin ] --START--
INFO: Run Behavior\ReadHtmlCacheBehavior [ RunTime:0.000000s ]
INFO: [ app_begin ] --END-- [ RunTime:0.000000s ]
NOTIC: [8] A session had already been started - ignoring session_start() D:\WWW\gamenoll.com\Application\Home\Controller\IndexController.class.php 第 5 行.
SQL: SHOW COLUMNS FROM `gn_user` [ RunTime:0.0050s ]
SQL: SELECT `rc` FROM `gn_user` WHERE `id` = 67 LIMIT 1   [ RunTime:0.0000s ]
SQL: SHOW COLUMNS FROM `gn_website` [ RunTime:0.0050s ]
SQL: SELECT * FROM `gn_website`  [ RunTime:0.0010s ]
SQL: SHOW COLUMNS FROM `gn_playpic` [ RunTime:0.0020s ]
SQL: SELECT * FROM `gn_playpic` WHERE `type` = 2  [ RunTime:0.0010s ]
SQL: SELECT * FROM `gn_playpic` WHERE `type` = 1  [ RunTime:0.0000s ]
SQL: SELECT * FROM `gn_playpic` WHERE `type` = 0  [ RunTime:0.0000s ]
SQL: SHOW COLUMNS FROM `gn_news` [ RunTime:0.0030s ]
SQL: SELECT * FROM `gn_news` WHERE `type` = '通知' ORDER BY createtime DESC LIMIT 3   [ RunTime:0.0000s ]
SQL: SELECT * FROM `gn_news` WHERE `type` = '活动' ORDER BY createtime DESC LIMIT 3   [ RunTime:0.0010s ]
ERR: 1064:You have an error in your SQL syntax; check the manual that corresponds to your MySQL server version for the right syntax to use near 'by is_top desc , createtime desc' at line 1
 [ SQL语句 ] : select * from gn_news where g_id = 30order by is_top desc , createtime desc
ERR: 1064:You have an error in your SQL syntax; check the manual that corresponds to your MySQL server version for the right syntax to use near 'by is_top desc , createtime desc' at line 1
 [ SQL语句 ] : select * from gn_news where g_id = 30order by is_top desc , createtime desc
NOTIC: [2] include(): Filename cannot be empty D:\WWW\gamenoll.com\ThinkPHP\Library\Think\Think.class.php 第 314 行.
NOTIC: [2] include(): Failed opening '' for inclusion (include_path='.;C:\php\pear') D:\WWW\gamenoll.com\ThinkPHP\Library\Think\Think.class.php 第 314 行.

[ 2016-09-14T15:18:27+08:00 ] 127.0.0.1 /index.php/Index/index
INFO: [ app_init ] --START--
INFO: Run Behavior\BuildLiteBehavior [ RunTime:0.000000s ]
INFO: [ app_init ] --END-- [ RunTime:0.000000s ]
INFO: [ app_begin ] --START--
INFO: Run Behavior\ReadHtmlCacheBehavior [ RunTime:0.001000s ]
INFO: [ app_begin ] --END-- [ RunTime:0.001000s ]
NOTIC: [8] A session had already been started - ignoring session_start() D:\WWW\gamenoll.com\Application\Home\Controller\IndexController.class.php 第 5 行.
SQL: SHOW COLUMNS FROM `gn_user` [ RunTime:0.0030s ]
SQL: SELECT `rc` FROM `gn_user` WHERE `id` = 67 LIMIT 1   [ RunTime:0.0000s ]
SQL: SHOW COLUMNS FROM `gn_website` [ RunTime:0.0020s ]
SQL: SELECT * FROM `gn_website`  [ RunTime:0.0000s ]
SQL: SHOW COLUMNS FROM `gn_playpic` [ RunTime:0.0020s ]
SQL: SELECT * FROM `gn_playpic` WHERE `type` = 2  [ RunTime:0.0000s ]
SQL: SELECT * FROM `gn_playpic` WHERE `type` = 1  [ RunTime:0.0010s ]
SQL: SELECT * FROM `gn_playpic` WHERE `type` = 0  [ RunTime:0.0000s ]
SQL: SHOW COLUMNS FROM `gn_news` [ RunTime:0.0030s ]
SQL: SELECT * FROM `gn_news` WHERE `type` = '通知' ORDER BY createtime DESC LIMIT 3   [ RunTime:0.0000s ]
SQL: SELECT * FROM `gn_news` WHERE `type` = '活动' ORDER BY createtime DESC LIMIT 3   [ RunTime:0.0000s ]
ERR: 1064:You have an error in your SQL syntax; check the manual that corresponds to your MySQL server version for the right syntax to use near 'by is_top desc , createtime desc' at line 1
 [ SQL语句 ] : select * from gn_news where g_id = 30order by is_top desc , createtime desc
ERR: 1064:You have an error in your SQL syntax; check the manual that corresponds to your MySQL server version for the right syntax to use near 'by is_top desc , createtime desc' at line 1
 [ SQL语句 ] : select * from gn_news where g_id = 30order by is_top desc , createtime desc
NOTIC: [2] include(): Filename cannot be empty D:\WWW\gamenoll.com\ThinkPHP\Library\Think\Think.class.php 第 314 行.
NOTIC: [2] include(): Failed opening '' for inclusion (include_path='.;C:\php\pear') D:\WWW\gamenoll.com\ThinkPHP\Library\Think\Think.class.php 第 314 行.

[ 2016-09-14T15:19:09+08:00 ] 127.0.0.1 /index.php/Index/index
INFO: [ app_init ] --START--
INFO: Run Behavior\BuildLiteBehavior [ RunTime:0.000000s ]
INFO: [ app_init ] --END-- [ RunTime:0.000000s ]
INFO: [ app_begin ] --START--
INFO: Run Behavior\ReadHtmlCacheBehavior [ RunTime:0.001000s ]
INFO: [ app_begin ] --END-- [ RunTime:0.001000s ]
NOTIC: [8] A session had already been started - ignoring session_start() D:\WWW\gamenoll.com\Application\Home\Controller\IndexController.class.php 第 5 行.
SQL: SHOW COLUMNS FROM `gn_user` [ RunTime:0.0040s ]
SQL: SELECT `rc` FROM `gn_user` WHERE `id` = 67 LIMIT 1   [ RunTime:0.0010s ]
SQL: SHOW COLUMNS FROM `gn_website` [ RunTime:0.0030s ]
SQL: SELECT * FROM `gn_website`  [ RunTime:0.0010s ]
SQL: SHOW COLUMNS FROM `gn_playpic` [ RunTime:0.0030s ]
SQL: SELECT * FROM `gn_playpic` WHERE `type` = 2  [ RunTime:0.0000s ]
SQL: SELECT * FROM `gn_playpic` WHERE `type` = 1  [ RunTime:0.0000s ]
SQL: SELECT * FROM `gn_playpic` WHERE `type` = 0  [ RunTime:0.0000s ]
SQL: SHOW COLUMNS FROM `gn_news` [ RunTime:0.0030s ]
SQL: SELECT * FROM `gn_news` WHERE `type` = '通知' ORDER BY createtime DESC LIMIT 3   [ RunTime:0.0000s ]
SQL: SELECT * FROM `gn_news` WHERE `type` = '活动' ORDER BY createtime DESC LIMIT 3   [ RunTime:0.0010s ]
ERR: 1064:You have an error in your SQL syntax; check the manual that corresponds to your MySQL server version for the right syntax to use near 'by is_top desc , createtime desc' at line 1
 [ SQL语句 ] : select * from gn_news where g_id = 30order by is_top desc , createtime desc
ERR: 1064:You have an error in your SQL syntax; check the manual that corresponds to your MySQL server version for the right syntax to use near 'by is_top desc , createtime desc' at line 1
 [ SQL语句 ] : select * from gn_news where g_id = 30order by is_top desc , createtime desc
NOTIC: [2] include(): Filename cannot be empty D:\WWW\gamenoll.com\ThinkPHP\Library\Think\Think.class.php 第 314 行.
NOTIC: [2] include(): Failed opening '' for inclusion (include_path='.;C:\php\pear') D:\WWW\gamenoll.com\ThinkPHP\Library\Think\Think.class.php 第 314 行.

[ 2016-09-14T15:21:28+08:00 ] 127.0.0.1 /index.php/Index/index
INFO: [ app_init ] --START--
INFO: Run Behavior\BuildLiteBehavior [ RunTime:0.000000s ]
INFO: [ app_init ] --END-- [ RunTime:0.000000s ]
INFO: [ app_begin ] --START--
INFO: Run Behavior\ReadHtmlCacheBehavior [ RunTime:0.000000s ]
INFO: [ app_begin ] --END-- [ RunTime:0.000000s ]
NOTIC: [8] A session had already been started - ignoring session_start() D:\WWW\gamenoll.com\Application\Home\Controller\IndexController.class.php 第 5 行.
SQL: SHOW COLUMNS FROM `gn_user` [ RunTime:0.0030s ]
SQL: SELECT `rc` FROM `gn_user` WHERE `id` = 67 LIMIT 1   [ RunTime:0.0000s ]
SQL: SHOW COLUMNS FROM `gn_website` [ RunTime:0.0030s ]
SQL: SELECT * FROM `gn_website`  [ RunTime:0.0000s ]
SQL: SHOW COLUMNS FROM `gn_playpic` [ RunTime:0.0030s ]
SQL: SELECT * FROM `gn_playpic` WHERE `type` = 2  [ RunTime:0.0000s ]
SQL: SELECT * FROM `gn_playpic` WHERE `type` = 1  [ RunTime:0.0000s ]
SQL: SELECT * FROM `gn_playpic` WHERE `type` = 0  [ RunTime:0.0000s ]
SQL: SHOW COLUMNS FROM `gn_news` [ RunTime:0.0030s ]
SQL: SELECT * FROM `gn_news` WHERE `type` = '通知' ORDER BY createtime DESC LIMIT 3   [ RunTime:0.0010s ]
SQL: SELECT * FROM `gn_news` WHERE `type` = '活动' ORDER BY createtime DESC LIMIT 3   [ RunTime:0.0000s ]

[ 2016-09-14T15:21:42+08:00 ] 127.0.0.1 /index.php/Index/index
INFO: [ app_init ] --START--
INFO: Run Behavior\BuildLiteBehavior [ RunTime:0.000000s ]
INFO: [ app_init ] --END-- [ RunTime:0.000000s ]
INFO: [ app_begin ] --START--
INFO: Run Behavior\ReadHtmlCacheBehavior [ RunTime:0.001000s ]
INFO: [ app_begin ] --END-- [ RunTime:0.001000s ]
NOTIC: [8] A session had already been started - ignoring session_start() D:\WWW\gamenoll.com\Application\Home\Controller\IndexController.class.php 第 5 行.
SQL: SHOW COLUMNS FROM `gn_user` [ RunTime:0.0040s ]
SQL: SELECT `rc` FROM `gn_user` WHERE `id` = 67 LIMIT 1   [ RunTime:0.0000s ]
SQL: SHOW COLUMNS FROM `gn_website` [ RunTime:0.0040s ]
SQL: SELECT * FROM `gn_website`  [ RunTime:0.0000s ]
SQL: SHOW COLUMNS FROM `gn_playpic` [ RunTime:0.0030s ]
SQL: SELECT * FROM `gn_playpic` WHERE `type` = 2  [ RunTime:0.0000s ]
SQL: SELECT * FROM `gn_playpic` WHERE `type` = 1  [ RunTime:0.0000s ]
SQL: SELECT * FROM `gn_playpic` WHERE `type` = 0  [ RunTime:0.0000s ]
SQL: SHOW COLUMNS FROM `gn_news` [ RunTime:0.0040s ]
SQL: SELECT * FROM `gn_news` WHERE `type` = '通知' ORDER BY createtime DESC LIMIT 3   [ RunTime:0.0000s ]
SQL: SELECT * FROM `gn_news` WHERE `type` = '活动' ORDER BY createtime DESC LIMIT 3   [ RunTime:0.0010s ]

[ 2016-09-14T15:22:01+08:00 ] 127.0.0.1 /index.php/Index/index
INFO: [ app_init ] --START--
INFO: Run Behavior\BuildLiteBehavior [ RunTime:0.000000s ]
INFO: [ app_init ] --END-- [ RunTime:0.000000s ]
INFO: [ app_begin ] --START--
INFO: Run Behavior\ReadHtmlCacheBehavior [ RunTime:0.001000s ]
INFO: [ app_begin ] --END-- [ RunTime:0.001000s ]
NOTIC: [8] A session had already been started - ignoring session_start() D:\WWW\gamenoll.com\Application\Home\Controller\IndexController.class.php 第 5 行.
SQL: SHOW COLUMNS FROM `gn_user` [ RunTime:0.0030s ]
SQL: SELECT `rc` FROM `gn_user` WHERE `id` = 67 LIMIT 1   [ RunTime:0.0010s ]
SQL: SHOW COLUMNS FROM `gn_website` [ RunTime:0.0030s ]
SQL: SELECT * FROM `gn_website`  [ RunTime:0.0000s ]
SQL: SHOW COLUMNS FROM `gn_playpic` [ RunTime:0.0020s ]
SQL: SELECT * FROM `gn_playpic` WHERE `type` = 2  [ RunTime:0.0000s ]
SQL: SELECT * FROM `gn_playpic` WHERE `type` = 1  [ RunTime:0.0000s ]
SQL: SELECT * FROM `gn_playpic` WHERE `type` = 0  [ RunTime:0.0000s ]
SQL: SHOW COLUMNS FROM `gn_news` [ RunTime:0.0030s ]
SQL: SELECT * FROM `gn_news` WHERE `type` = '通知' ORDER BY createtime DESC LIMIT 3   [ RunTime:0.0010s ]
SQL: SELECT * FROM `gn_news` WHERE `type` = '活动' ORDER BY createtime DESC LIMIT 3   [ RunTime:0.0000s ]
ERR: 1054:Unknown column 'g_id' in 'where clause'
 [ SQL语句 ] : select * from gn_news where g_id = '30'order by is_top desc , createtime desc
ERR: 1054:Unknown column 'g_id' in 'where clause'
 [ SQL语句 ] : select * from gn_news where g_id = '30'order by is_top desc , createtime desc
NOTIC: [2] include(): Filename cannot be empty D:\WWW\gamenoll.com\ThinkPHP\Library\Think\Think.class.php 第 314 行.
NOTIC: [2] include(): Failed opening '' for inclusion (include_path='.;C:\php\pear') D:\WWW\gamenoll.com\ThinkPHP\Library\Think\Think.class.php 第 314 行.

[ 2016-09-14T15:22:42+08:00 ] 127.0.0.1 /index.php/Index/index
INFO: [ app_init ] --START--
INFO: Run Behavior\BuildLiteBehavior [ RunTime:0.000000s ]
INFO: [ app_init ] --END-- [ RunTime:0.001000s ]
INFO: [ app_begin ] --START--
INFO: Run Behavior\ReadHtmlCacheBehavior [ RunTime:0.000000s ]
INFO: [ app_begin ] --END-- [ RunTime:0.000000s ]
NOTIC: [8] A session had already been started - ignoring session_start() D:\WWW\gamenoll.com\Application\Home\Controller\IndexController.class.php 第 5 行.
SQL: SHOW COLUMNS FROM `gn_user` [ RunTime:0.0030s ]
SQL: SELECT `rc` FROM `gn_user` WHERE `id` = 67 LIMIT 1   [ RunTime:0.0000s ]
SQL: SHOW COLUMNS FROM `gn_website` [ RunTime:0.0030s ]
SQL: SELECT * FROM `gn_website`  [ RunTime:0.0000s ]
SQL: SHOW COLUMNS FROM `gn_playpic` [ RunTime:0.0030s ]
SQL: SELECT * FROM `gn_playpic` WHERE `type` = 2  [ RunTime:0.0000s ]
SQL: SELECT * FROM `gn_playpic` WHERE `type` = 1  [ RunTime:0.0000s ]
SQL: SELECT * FROM `gn_playpic` WHERE `type` = 0  [ RunTime:0.0010s ]
SQL: SHOW COLUMNS FROM `gn_news` [ RunTime:0.0020s ]
SQL: SELECT * FROM `gn_news` WHERE `type` = '通知' ORDER BY createtime DESC LIMIT 3   [ RunTime:0.0010s ]
SQL: SELECT * FROM `gn_news` WHERE `type` = '活动' ORDER BY createtime DESC LIMIT 3   [ RunTime:0.0000s ]
ERR: 1054:Unknown column 'g_id' in 'where clause'
 [ SQL语句 ] : select * from gn_news where g_id = '30'order by is_top desc , createtime desc
ERR: 1054:Unknown column 'g_id' in 'where clause'
 [ SQL语句 ] : select * from gn_news where g_id = '30'order by is_top desc , createtime desc
NOTIC: [2] include(): Filename cannot be empty D:\WWW\gamenoll.com\ThinkPHP\Library\Think\Think.class.php 第 314 行.
NOTIC: [2] include(): Failed opening '' for inclusion (include_path='.;C:\php\pear') D:\WWW\gamenoll.com\ThinkPHP\Library\Think\Think.class.php 第 314 行.

[ 2016-09-14T15:22:52+08:00 ] 127.0.0.1 /index.php/Index/index
INFO: [ app_init ] --START--
INFO: Run Behavior\BuildLiteBehavior [ RunTime:0.000000s ]
INFO: [ app_init ] --END-- [ RunTime:0.001000s ]
INFO: [ app_begin ] --START--
INFO: Run Behavior\ReadHtmlCacheBehavior [ RunTime:0.000000s ]
INFO: [ app_begin ] --END-- [ RunTime:0.000000s ]
NOTIC: [8] A session had already been started - ignoring session_start() D:\WWW\gamenoll.com\Application\Home\Controller\IndexController.class.php 第 5 行.
SQL: SHOW COLUMNS FROM `gn_user` [ RunTime:0.0040s ]
SQL: SELECT `rc` FROM `gn_user` WHERE `id` = 67 LIMIT 1   [ RunTime:0.0010s ]
SQL: SHOW COLUMNS FROM `gn_website` [ RunTime:0.0030s ]
SQL: SELECT * FROM `gn_website`  [ RunTime:0.0000s ]
SQL: SHOW COLUMNS FROM `gn_playpic` [ RunTime:0.0030s ]
SQL: SELECT * FROM `gn_playpic` WHERE `type` = 2  [ RunTime:0.0000s ]
SQL: SELECT * FROM `gn_playpic` WHERE `type` = 1  [ RunTime:0.0000s ]
SQL: SELECT * FROM `gn_playpic` WHERE `type` = 0  [ RunTime:0.0000s ]
SQL: SHOW COLUMNS FROM `gn_news` [ RunTime:0.0040s ]
SQL: SELECT * FROM `gn_news` WHERE `type` = '通知' ORDER BY createtime DESC LIMIT 3   [ RunTime:0.0000s ]
SQL: SELECT * FROM `gn_news` WHERE `type` = '活动' ORDER BY createtime DESC LIMIT 3   [ RunTime:0.0010s ]
ERR: 1054:Unknown column 'g_id' in 'where clause'
 [ SQL语句 ] : select * from gn_news where g_id = '30'order by is_top desc , createtime desc
ERR: 1054:Unknown column 'g_id' in 'where clause'
 [ SQL语句 ] : select * from gn_news where g_id = '30'order by is_top desc , createtime desc
NOTIC: [2] include(): Filename cannot be empty D:\WWW\gamenoll.com\ThinkPHP\Library\Think\Think.class.php 第 314 行.
NOTIC: [2] include(): Failed opening '' for inclusion (include_path='.;C:\php\pear') D:\WWW\gamenoll.com\ThinkPHP\Library\Think\Think.class.php 第 314 行.

[ 2016-09-14T15:22:53+08:00 ] 127.0.0.1 /index.php/Index/index
INFO: [ app_init ] --START--
INFO: Run Behavior\BuildLiteBehavior [ RunTime:0.000000s ]
INFO: [ app_init ] --END-- [ RunTime:0.001001s ]
INFO: [ app_begin ] --START--
INFO: Run Behavior\ReadHtmlCacheBehavior [ RunTime:0.000000s ]
INFO: [ app_begin ] --END-- [ RunTime:0.001000s ]
NOTIC: [8] A session had already been started - ignoring session_start() D:\WWW\gamenoll.com\Application\Home\Controller\IndexController.class.php 第 5 行.
SQL: SHOW COLUMNS FROM `gn_user` [ RunTime:0.0040s ]
SQL: SELECT `rc` FROM `gn_user` WHERE `id` = 67 LIMIT 1   [ RunTime:0.0010s ]
SQL: SHOW COLUMNS FROM `gn_website` [ RunTime:0.0030s ]
SQL: SELECT * FROM `gn_website`  [ RunTime:0.0000s ]
SQL: SHOW COLUMNS FROM `gn_playpic` [ RunTime:0.0030s ]
SQL: SELECT * FROM `gn_playpic` WHERE `type` = 2  [ RunTime:0.0000s ]
SQL: SELECT * FROM `gn_playpic` WHERE `type` = 1  [ RunTime:0.0000s ]
SQL: SELECT * FROM `gn_playpic` WHERE `type` = 0  [ RunTime:0.0010s ]
SQL: SHOW COLUMNS FROM `gn_news` [ RunTime:0.0030s ]
SQL: SELECT * FROM `gn_news` WHERE `type` = '通知' ORDER BY createtime DESC LIMIT 3   [ RunTime:0.0000s ]
SQL: SELECT * FROM `gn_news` WHERE `type` = '活动' ORDER BY createtime DESC LIMIT 3   [ RunTime:0.0000s ]
ERR: 1054:Unknown column 'g_id' in 'where clause'
 [ SQL语句 ] : select * from gn_news where g_id = '30'order by is_top desc , createtime desc
ERR: 1054:Unknown column 'g_id' in 'where clause'
 [ SQL语句 ] : select * from gn_news where g_id = '30'order by is_top desc , createtime desc
NOTIC: [2] include(): Filename cannot be empty D:\WWW\gamenoll.com\ThinkPHP\Library\Think\Think.class.php 第 314 行.
NOTIC: [2] include(): Failed opening '' for inclusion (include_path='.;C:\php\pear') D:\WWW\gamenoll.com\ThinkPHP\Library\Think\Think.class.php 第 314 行.

[ 2016-09-14T15:22:58+08:00 ] 127.0.0.1 /index.php/Index/index
INFO: [ app_init ] --START--
INFO: Run Behavior\BuildLiteBehavior [ RunTime:0.000000s ]
INFO: [ app_init ] --END-- [ RunTime:0.001000s ]
INFO: [ app_begin ] --START--
INFO: Run Behavior\ReadHtmlCacheBehavior [ RunTime:0.001000s ]
INFO: [ app_begin ] --END-- [ RunTime:0.001000s ]
NOTIC: [8] A session had already been started - ignoring session_start() D:\WWW\gamenoll.com\Application\Home\Controller\IndexController.class.php 第 5 行.
SQL: SHOW COLUMNS FROM `gn_user` [ RunTime:0.0040s ]
SQL: SELECT `rc` FROM `gn_user` WHERE `id` = 67 LIMIT 1   [ RunTime:0.0010s ]
SQL: SHOW COLUMNS FROM `gn_website` [ RunTime:0.0030s ]
SQL: SELECT * FROM `gn_website`  [ RunTime:0.0000s ]
SQL: SHOW COLUMNS FROM `gn_playpic` [ RunTime:0.0040s ]
SQL: SELECT * FROM `gn_playpic` WHERE `type` = 2  [ RunTime:0.0000s ]
SQL: SELECT * FROM `gn_playpic` WHERE `type` = 1  [ RunTime:0.0000s ]
SQL: SELECT * FROM `gn_playpic` WHERE `type` = 0  [ RunTime:0.0010s ]
SQL: SHOW COLUMNS FROM `gn_news` [ RunTime:0.0030s ]
SQL: SELECT * FROM `gn_news` WHERE `type` = '通知' ORDER BY createtime DESC LIMIT 3   [ RunTime:0.0010s ]
SQL: SELECT * FROM `gn_news` WHERE `type` = '活动' ORDER BY createtime DESC LIMIT 3   [ RunTime:0.0000s ]
ERR: 1054:Unknown column 'g_id' in 'where clause'
 [ SQL语句 ] : select * from gn_news where g_id = '30'order by is_top desc , createtime desc
ERR: 1054:Unknown column 'g_id' in 'where clause'
 [ SQL语句 ] : select * from gn_news where g_id = '30'order by is_top desc , createtime desc
NOTIC: [2] include(): Filename cannot be empty D:\WWW\gamenoll.com\ThinkPHP\Library\Think\Think.class.php 第 314 行.
NOTIC: [2] include(): Failed opening '' for inclusion (include_path='.;C:\php\pear') D:\WWW\gamenoll.com\ThinkPHP\Library\Think\Think.class.php 第 314 行.

[ 2016-09-14T15:23:15+08:00 ] 127.0.0.1 /index.php/Index/index
INFO: [ app_init ] --START--
INFO: Run Behavior\BuildLiteBehavior [ RunTime:0.000000s ]
INFO: [ app_init ] --END-- [ RunTime:0.000000s ]
INFO: [ app_begin ] --START--
INFO: Run Behavior\ReadHtmlCacheBehavior [ RunTime:0.000000s ]
INFO: [ app_begin ] --END-- [ RunTime:0.000000s ]
NOTIC: [8] A session had already been started - ignoring session_start() D:\WWW\gamenoll.com\Application\Home\Controller\IndexController.class.php 第 5 行.
SQL: SHOW COLUMNS FROM `gn_user` [ RunTime:0.0030s ]
SQL: SELECT `rc` FROM `gn_user` WHERE `id` = 67 LIMIT 1   [ RunTime:0.0000s ]
SQL: SHOW COLUMNS FROM `gn_website` [ RunTime:0.0030s ]
SQL: SELECT * FROM `gn_website`  [ RunTime:0.0000s ]
SQL: SHOW COLUMNS FROM `gn_playpic` [ RunTime:0.0030s ]
SQL: SELECT * FROM `gn_playpic` WHERE `type` = 2  [ RunTime:0.0000s ]
SQL: SELECT * FROM `gn_playpic` WHERE `type` = 1  [ RunTime:0.0010s ]
SQL: SELECT * FROM `gn_playpic` WHERE `type` = 0  [ RunTime:0.0000s ]
SQL: SHOW COLUMNS FROM `gn_news` [ RunTime:0.0030s ]
SQL: SELECT * FROM `gn_news` WHERE `type` = '通知' ORDER BY createtime DESC LIMIT 3   [ RunTime:0.0000s ]
SQL: SELECT * FROM `gn_news` WHERE `type` = '活动' ORDER BY createtime DESC LIMIT 3   [ RunTime:0.0010s ]

[ 2016-09-14T15:23:26+08:00 ] 127.0.0.1 /index.php/Index/index
INFO: [ app_init ] --START--
INFO: Run Behavior\BuildLiteBehavior [ RunTime:0.000000s ]
INFO: [ app_init ] --END-- [ RunTime:0.000000s ]
INFO: [ app_begin ] --START--
INFO: Run Behavior\ReadHtmlCacheBehavior [ RunTime:0.001000s ]
INFO: [ app_begin ] --END-- [ RunTime:0.001000s ]
NOTIC: [8] A session had already been started - ignoring session_start() D:\WWW\gamenoll.com\Application\Home\Controller\IndexController.class.php 第 5 行.
SQL: SHOW COLUMNS FROM `gn_user` [ RunTime:0.0040s ]
SQL: SELECT `rc` FROM `gn_user` WHERE `id` = 67 LIMIT 1   [ RunTime:0.0010s ]
SQL: SHOW COLUMNS FROM `gn_website` [ RunTime:0.0030s ]
SQL: SELECT * FROM `gn_website`  [ RunTime:0.0010s ]
SQL: SHOW COLUMNS FROM `gn_playpic` [ RunTime:0.0030s ]
SQL: SELECT * FROM `gn_playpic` WHERE `type` = 2  [ RunTime:0.0000s ]
SQL: SELECT * FROM `gn_playpic` WHERE `type` = 1  [ RunTime:0.0000s ]
SQL: SELECT * FROM `gn_playpic` WHERE `type` = 0  [ RunTime:0.0000s ]
SQL: SHOW COLUMNS FROM `gn_news` [ RunTime:0.0030s ]
SQL: SELECT * FROM `gn_news` WHERE `type` = '通知' ORDER BY createtime DESC LIMIT 3   [ RunTime:0.0000s ]
SQL: SELECT * FROM `gn_news` WHERE `type` = '活动' ORDER BY createtime DESC LIMIT 3   [ RunTime:0.0010s ]

[ 2016-09-14T15:25:27+08:00 ] 127.0.0.1 /index.php/Index/index
INFO: [ app_init ] --START--
INFO: Run Behavior\BuildLiteBehavior [ RunTime:0.000000s ]
INFO: [ app_init ] --END-- [ RunTime:0.001000s ]
INFO: [ app_begin ] --START--
INFO: Run Behavior\ReadHtmlCacheBehavior [ RunTime:0.000000s ]
INFO: [ app_begin ] --END-- [ RunTime:0.000000s ]
NOTIC: [8] A session had already been started - ignoring session_start() D:\WWW\gamenoll.com\Application\Home\Controller\IndexController.class.php 第 5 行.
SQL: SHOW COLUMNS FROM `gn_user` [ RunTime:0.0040s ]
SQL: SELECT `rc` FROM `gn_user` WHERE `id` = 67 LIMIT 1   [ RunTime:0.0000s ]
SQL: SHOW COLUMNS FROM `gn_website` [ RunTime:0.0030s ]
SQL: SELECT * FROM `gn_website`  [ RunTime:0.0000s ]
SQL: SHOW COLUMNS FROM `gn_playpic` [ RunTime:0.0030s ]
SQL: SELECT * FROM `gn_playpic` WHERE `type` = 2  [ RunTime:0.0000s ]
SQL: SELECT * FROM `gn_playpic` WHERE `type` = 1  [ RunTime:0.0000s ]
SQL: SELECT * FROM `gn_playpic` WHERE `type` = 0  [ RunTime:0.0000s ]
SQL: SHOW COLUMNS FROM `gn_news` [ RunTime:0.0040s ]
SQL: SELECT * FROM `gn_news` WHERE `type` = '通知' ORDER BY createtime DESC LIMIT 3   [ RunTime:0.0000s ]
SQL: SELECT * FROM `gn_news` WHERE `type` = '活动' ORDER BY createtime DESC LIMIT 3   [ RunTime:0.0010s ]
NOTIC: [8] Undefined variable: g_id D:\WWW\gamenoll.com\Application\Home\Controller\ExnewsController.class.php 第 12 行.

[ 2016-09-14T15:25:34+08:00 ] 127.0.0.1 /index.php/Index/index
INFO: [ app_init ] --START--
INFO: Run Behavior\BuildLiteBehavior [ RunTime:0.000000s ]
INFO: [ app_init ] --END-- [ RunTime:0.000000s ]
INFO: [ app_begin ] --START--
INFO: Run Behavior\ReadHtmlCacheBehavior [ RunTime:0.000000s ]
INFO: [ app_begin ] --END-- [ RunTime:0.000000s ]
NOTIC: [8] A session had already been started - ignoring session_start() D:\WWW\gamenoll.com\Application\Home\Controller\IndexController.class.php 第 5 行.
SQL: SHOW COLUMNS FROM `gn_user` [ RunTime:0.0040s ]
SQL: SELECT `rc` FROM `gn_user` WHERE `id` = 67 LIMIT 1   [ RunTime:0.0000s ]
SQL: SHOW COLUMNS FROM `gn_website` [ RunTime:0.0030s ]
SQL: SELECT * FROM `gn_website`  [ RunTime:0.0010s ]
SQL: SHOW COLUMNS FROM `gn_playpic` [ RunTime:0.0020s ]
SQL: SELECT * FROM `gn_playpic` WHERE `type` = 2  [ RunTime:0.0010s ]
SQL: SELECT * FROM `gn_playpic` WHERE `type` = 1  [ RunTime:0.0000s ]
SQL: SELECT * FROM `gn_playpic` WHERE `type` = 0  [ RunTime:0.0000s ]
SQL: SHOW COLUMNS FROM `gn_news` [ RunTime:0.0030s ]
SQL: SELECT * FROM `gn_news` WHERE `type` = '通知' ORDER BY createtime DESC LIMIT 3   [ RunTime:0.0010s ]
SQL: SELECT * FROM `gn_news` WHERE `type` = '活动' ORDER BY createtime DESC LIMIT 3   [ RunTime:0.0000s ]
NOTIC: [8] Undefined variable: g_id D:\WWW\gamenoll.com\Application\Home\Controller\ExnewsController.class.php 第 12 行.

[ 2016-09-14T15:25:36+08:00 ] 127.0.0.1 /index.php/Index/index
INFO: [ app_init ] --START--
INFO: Run Behavior\BuildLiteBehavior [ RunTime:0.000000s ]
INFO: [ app_init ] --END-- [ RunTime:0.001000s ]
INFO: [ app_begin ] --START--
INFO: Run Behavior\ReadHtmlCacheBehavior [ RunTime:0.001000s ]
INFO: [ app_begin ] --END-- [ RunTime:0.001000s ]
NOTIC: [8] A session had already been started - ignoring session_start() D:\WWW\gamenoll.com\Application\Home\Controller\IndexController.class.php 第 5 行.
SQL: SHOW COLUMNS FROM `gn_user` [ RunTime:0.0030s ]
SQL: SELECT `rc` FROM `gn_user` WHERE `id` = 67 LIMIT 1   [ RunTime:0.0000s ]
SQL: SHOW COLUMNS FROM `gn_website` [ RunTime:0.0030s ]
SQL: SELECT * FROM `gn_website`  [ RunTime:0.0000s ]
SQL: SHOW COLUMNS FROM `gn_playpic` [ RunTime:0.0020s ]
SQL: SELECT * FROM `gn_playpic` WHERE `type` = 2  [ RunTime:0.0000s ]
SQL: SELECT * FROM `gn_playpic` WHERE `type` = 1  [ RunTime:0.0000s ]
SQL: SELECT * FROM `gn_playpic` WHERE `type` = 0  [ RunTime:0.0000s ]
SQL: SHOW COLUMNS FROM `gn_news` [ RunTime:0.0030s ]
SQL: SELECT * FROM `gn_news` WHERE `type` = '通知' ORDER BY createtime DESC LIMIT 3   [ RunTime:0.0000s ]
SQL: SELECT * FROM `gn_news` WHERE `type` = '活动' ORDER BY createtime DESC LIMIT 3   [ RunTime:0.0000s ]
NOTIC: [8] Undefined variable: g_id D:\WWW\gamenoll.com\Application\Home\Controller\ExnewsController.class.php 第 12 行.

[ 2016-09-14T15:25:49+08:00 ] 127.0.0.1 /index.php/Index/index
INFO: [ app_init ] --START--
INFO: Run Behavior\BuildLiteBehavior [ RunTime:0.000000s ]
INFO: [ app_init ] --END-- [ RunTime:0.000000s ]
INFO: [ app_begin ] --START--
INFO: Run Behavior\ReadHtmlCacheBehavior [ RunTime:0.000000s ]
INFO: [ app_begin ] --END-- [ RunTime:0.000000s ]
NOTIC: [8] A session had already been started - ignoring session_start() D:\WWW\gamenoll.com\Application\Home\Controller\IndexController.class.php 第 5 行.
SQL: SHOW COLUMNS FROM `gn_user` [ RunTime:0.0030s ]
SQL: SELECT `rc` FROM `gn_user` WHERE `id` = 67 LIMIT 1   [ RunTime:0.0010s ]
SQL: SHOW COLUMNS FROM `gn_website` [ RunTime:0.0030s ]
SQL: SELECT * FROM `gn_website`  [ RunTime:0.0000s ]
SQL: SHOW COLUMNS FROM `gn_playpic` [ RunTime:0.0030s ]
SQL: SELECT * FROM `gn_playpic` WHERE `type` = 2  [ RunTime:0.0010s ]
SQL: SELECT * FROM `gn_playpic` WHERE `type` = 1  [ RunTime:0.0000s ]
SQL: SELECT * FROM `gn_playpic` WHERE `type` = 0  [ RunTime:0.0000s ]
SQL: SHOW COLUMNS FROM `gn_news` [ RunTime:0.0030s ]
SQL: SELECT * FROM `gn_news` WHERE `type` = '通知' ORDER BY createtime DESC LIMIT 3   [ RunTime:0.0000s ]
SQL: SELECT * FROM `gn_news` WHERE `type` = '活动' ORDER BY createtime DESC LIMIT 3   [ RunTime:0.0010s ]

[ 2016-09-14T15:26:14+08:00 ] 127.0.0.1 /index.php/Index/index
INFO: [ app_init ] --START--
INFO: Run Behavior\BuildLiteBehavior [ RunTime:0.000000s ]
INFO: [ app_init ] --END-- [ RunTime:0.000000s ]
INFO: [ app_begin ] --START--
INFO: Run Behavior\ReadHtmlCacheBehavior [ RunTime:0.001000s ]
INFO: [ app_begin ] --END-- [ RunTime:0.001000s ]
NOTIC: [8] A session had already been started - ignoring session_start() D:\WWW\gamenoll.com\Application\Home\Controller\IndexController.class.php 第 5 行.
SQL: SHOW COLUMNS FROM `gn_user` [ RunTime:0.0030s ]
SQL: SELECT `rc` FROM `gn_user` WHERE `id` = 67 LIMIT 1   [ RunTime:0.0010s ]
SQL: SHOW COLUMNS FROM `gn_website` [ RunTime:0.0030s ]
SQL: SELECT * FROM `gn_website`  [ RunTime:0.0000s ]
SQL: SHOW COLUMNS FROM `gn_playpic` [ RunTime:0.0030s ]
SQL: SELECT * FROM `gn_playpic` WHERE `type` = 2  [ RunTime:0.0000s ]
SQL: SELECT * FROM `gn_playpic` WHERE `type` = 1  [ RunTime:0.0000s ]
SQL: SELECT * FROM `gn_playpic` WHERE `type` = 0  [ RunTime:0.0000s ]
SQL: SHOW COLUMNS FROM `gn_news` [ RunTime:0.0030s ]
SQL: SELECT * FROM `gn_news` WHERE `type` = '通知' ORDER BY createtime DESC LIMIT 3   [ RunTime:0.0000s ]
SQL: SELECT * FROM `gn_news` WHERE `type` = '活动' ORDER BY createtime DESC LIMIT 3   [ RunTime:0.0000s ]
SQL: select * from gn_news where belong = '三国志'order by is_top desc , createtime desc [ RunTime:0.0000s ]

[ 2016-09-14T15:26:49+08:00 ] 127.0.0.1 /index.php/Index/index
INFO: [ app_init ] --START--
INFO: Run Behavior\BuildLiteBehavior [ RunTime:0.000000s ]
INFO: [ app_init ] --END-- [ RunTime:0.001000s ]
INFO: [ app_begin ] --START--
INFO: Run Behavior\ReadHtmlCacheBehavior [ RunTime:0.000000s ]
INFO: [ app_begin ] --END-- [ RunTime:0.000000s ]
NOTIC: [8] A session had already been started - ignoring session_start() D:\WWW\gamenoll.com\Application\Home\Controller\IndexController.class.php 第 5 行.
SQL: SHOW COLUMNS FROM `gn_user` [ RunTime:0.0040s ]
SQL: SELECT `rc` FROM `gn_user` WHERE `id` = 67 LIMIT 1   [ RunTime:0.0000s ]
SQL: SHOW COLUMNS FROM `gn_website` [ RunTime:0.0030s ]
SQL: SELECT * FROM `gn_website`  [ RunTime:0.0000s ]
SQL: SHOW COLUMNS FROM `gn_playpic` [ RunTime:0.0030s ]
SQL: SELECT * FROM `gn_playpic` WHERE `type` = 2  [ RunTime:0.0000s ]
SQL: SELECT * FROM `gn_playpic` WHERE `type` = 1  [ RunTime:0.0000s ]
SQL: SELECT * FROM `gn_playpic` WHERE `type` = 0  [ RunTime:0.0000s ]
SQL: SHOW COLUMNS FROM `gn_news` [ RunTime:0.0020s ]
SQL: SELECT * FROM `gn_news` WHERE `type` = '通知' ORDER BY createtime DESC LIMIT 3   [ RunTime:0.0000s ]
SQL: SELECT * FROM `gn_news` WHERE `type` = '活动' ORDER BY createtime DESC LIMIT 3   [ RunTime:0.0010s ]
SQL: select * from gn_news where belong = '三国志'order by is_top desc , createtime desc [ RunTime:0.0010s ]

[ 2016-09-14T15:40:21+08:00 ] 127.0.0.1 /index.php/Index/index
INFO: [ app_init ] --START--
INFO: Run Behavior\BuildLiteBehavior [ RunTime:0.000000s ]
INFO: [ app_init ] --END-- [ RunTime:0.001000s ]
INFO: [ app_begin ] --START--
INFO: Run Behavior\ReadHtmlCacheBehavior [ RunTime:0.001001s ]
INFO: [ app_begin ] --END-- [ RunTime:0.001001s ]
NOTIC: [8] A session had already been started - ignoring session_start() D:\WWW\gamenoll.com\Application\Home\Controller\IndexController.class.php 第 5 行.
SQL: SHOW COLUMNS FROM `gn_user` [ RunTime:0.0040s ]
SQL: SELECT `rc` FROM `gn_user` WHERE `id` = 67 LIMIT 1   [ RunTime:0.0010s ]
SQL: SHOW COLUMNS FROM `gn_website` [ RunTime:0.0030s ]
SQL: SELECT * FROM `gn_website`  [ RunTime:0.0000s ]
SQL: SHOW COLUMNS FROM `gn_playpic` [ RunTime:0.0030s ]
SQL: SELECT * FROM `gn_playpic` WHERE `type` = 2  [ RunTime:0.0000s ]
SQL: SELECT * FROM `gn_playpic` WHERE `type` = 1  [ RunTime:0.0010s ]
SQL: SELECT * FROM `gn_playpic` WHERE `type` = 0  [ RunTime:0.0000s ]
SQL: SHOW COLUMNS FROM `gn_news` [ RunTime:0.0030s ]
SQL: SELECT * FROM `gn_news` WHERE `type` = '通知' ORDER BY createtime DESC LIMIT 3   [ RunTime:0.0010s ]
SQL: SELECT * FROM `gn_news` WHERE `type` = '活动' ORDER BY createtime DESC LIMIT 3   [ RunTime:0.0000s ]
SQL: select * from gn_news where belong = '三国志'order by is_top desc , createtime desc [ RunTime:0.0000s ]
INFO: [ view_parse ] --START--
INFO: [ template_filter ] --START--
INFO: Run Behavior\ContentReplaceBehavior [ RunTime:0.000000s ]
INFO: [ template_filter ] --END-- [ RunTime:0.000000s ]
INFO: Run Behavior\ParseTemplateBehavior [ RunTime:0.007001s ]
INFO: [ view_parse ] --END-- [ RunTime:0.007001s ]
INFO: [ view_filter ] --START--
INFO: Run Behavior\WriteHtmlCacheBehavior [ RunTime:0.000000s ]
INFO: [ view_filter ] --END-- [ RunTime:0.000000s ]
INFO: [ app_end ] --START--
INFO: Run Behavior\ShowPageTraceBehavior [ RunTime:0.000000s ]
INFO: [ app_end ] --END-- [ RunTime:0.000000s ]

[ 2016-09-14T15:48:40+08:00 ] 127.0.0.1 /index.php/Index/index
INFO: [ app_init ] --START--
INFO: Run Behavior\BuildLiteBehavior [ RunTime:0.000000s ]
INFO: [ app_init ] --END-- [ RunTime:0.001000s ]
INFO: [ app_begin ] --START--
INFO: Run Behavior\ReadHtmlCacheBehavior [ RunTime:0.001000s ]
INFO: [ app_begin ] --END-- [ RunTime:0.001000s ]
NOTIC: [8] A session had already been started - ignoring session_start() D:\WWW\gamenoll.com\Application\Home\Controller\IndexController.class.php 第 5 行.
SQL: SHOW COLUMNS FROM `gn_user` [ RunTime:0.0030s ]
SQL: SELECT `rc` FROM `gn_user` WHERE `id` = 67 LIMIT 1   [ RunTime:0.0010s ]
SQL: SHOW COLUMNS FROM `gn_website` [ RunTime:0.0020s ]
SQL: SELECT * FROM `gn_website`  [ RunTime:0.0010s ]
SQL: SHOW COLUMNS FROM `gn_playpic` [ RunTime:0.0020s ]
SQL: SELECT * FROM `gn_playpic` WHERE `type` = 2  [ RunTime:0.0000s ]
SQL: SELECT * FROM `gn_playpic` WHERE `type` = 1  [ RunTime:0.0010s ]
SQL: SELECT * FROM `gn_playpic` WHERE `type` = 0  [ RunTime:0.0000s ]
SQL: SHOW COLUMNS FROM `gn_news` [ RunTime:0.0030s ]
SQL: SELECT * FROM `gn_news` WHERE `type` = '通知' ORDER BY createtime DESC LIMIT 3   [ RunTime:0.0000s ]
SQL: SELECT * FROM `gn_news` WHERE `type` = '活动' ORDER BY createtime DESC LIMIT 3   [ RunTime:0.0000s ]
SQL: select * from gn_news where belong = '三国志'order by is_top desc , createtime desc [ RunTime:0.0000s ]
INFO: [ view_parse ] --START--
INFO: [ template_filter ] --START--
INFO: Run Behavior\ContentReplaceBehavior [ RunTime:0.000000s ]
INFO: [ template_filter ] --END-- [ RunTime:0.000000s ]
INFO: Run Behavior\ParseTemplateBehavior [ RunTime:0.022001s ]
INFO: [ view_parse ] --END-- [ RunTime:0.022001s ]
INFO: [ view_filter ] --START--
INFO: Run Behavior\WriteHtmlCacheBehavior [ RunTime:0.000000s ]
INFO: [ view_filter ] --END-- [ RunTime:0.000000s ]
INFO: [ app_end ] --START--
INFO: Run Behavior\ShowPageTraceBehavior [ RunTime:0.000000s ]
INFO: [ app_end ] --END-- [ RunTime:0.000000s ]

[ 2016-09-14T15:49:05+08:00 ] 127.0.0.1 /index.php/Index/index
INFO: [ app_init ] --START--
INFO: Run Behavior\BuildLiteBehavior [ RunTime:0.000000s ]
INFO: [ app_init ] --END-- [ RunTime:0.001000s ]
INFO: [ app_begin ] --START--
INFO: Run Behavior\ReadHtmlCacheBehavior [ RunTime:0.000000s ]
INFO: [ app_begin ] --END-- [ RunTime:0.000000s ]
NOTIC: [8] A session had already been started - ignoring session_start() D:\WWW\gamenoll.com\Application\Home\Controller\IndexController.class.php 第 5 行.
SQL: SHOW COLUMNS FROM `gn_user` [ RunTime:0.0030s ]
SQL: SELECT `rc` FROM `gn_user` WHERE `id` = 67 LIMIT 1   [ RunTime:0.0000s ]
SQL: SHOW COLUMNS FROM `gn_website` [ RunTime:0.0020s ]
SQL: SELECT * FROM `gn_website`  [ RunTime:0.0000s ]
SQL: SHOW COLUMNS FROM `gn_playpic` [ RunTime:0.0020s ]
SQL: SELECT * FROM `gn_playpic` WHERE `type` = 2  [ RunTime:0.0010s ]
SQL: SELECT * FROM `gn_playpic` WHERE `type` = 1  [ RunTime:0.0000s ]
SQL: SELECT * FROM `gn_playpic` WHERE `type` = 0  [ RunTime:0.0000s ]
SQL: SHOW COLUMNS FROM `gn_news` [ RunTime:0.0030s ]
SQL: SELECT * FROM `gn_news` WHERE `type` = '通知' ORDER BY createtime DESC LIMIT 3   [ RunTime:0.0000s ]
SQL: SELECT * FROM `gn_news` WHERE `type` = '活动' ORDER BY createtime DESC LIMIT 3   [ RunTime:0.0000s ]
SQL: select * from gn_news where belong = '三国志'order by is_top desc , createtime desc [ RunTime:0.0000s ]
INFO: [ view_parse ] --START--
INFO: [ template_filter ] --START--
INFO: Run Behavior\ContentReplaceBehavior [ RunTime:0.000000s ]
INFO: [ template_filter ] --END-- [ RunTime:0.000000s ]
INFO: Run Behavior\ParseTemplateBehavior [ RunTime:0.006001s ]
INFO: [ view_parse ] --END-- [ RunTime:0.006001s ]
INFO: [ view_filter ] --START--
INFO: Run Behavior\WriteHtmlCacheBehavior [ RunTime:0.000000s ]
INFO: [ view_filter ] --END-- [ RunTime:0.000000s ]
INFO: [ app_end ] --START--
INFO: Run Behavior\ShowPageTraceBehavior [ RunTime:0.000000s ]
INFO: [ app_end ] --END-- [ RunTime:0.000000s ]

[ 2016-09-14T15:49:39+08:00 ] 127.0.0.1 /index.php/Index/index
INFO: [ app_init ] --START--
INFO: Run Behavior\BuildLiteBehavior [ RunTime:0.000000s ]
INFO: [ app_init ] --END-- [ RunTime:0.000000s ]
INFO: [ app_begin ] --START--
INFO: Run Behavior\ReadHtmlCacheBehavior [ RunTime:0.000000s ]
INFO: [ app_begin ] --END-- [ RunTime:0.000000s ]
NOTIC: [8] A session had already been started - ignoring session_start() D:\WWW\gamenoll.com\Application\Home\Controller\IndexController.class.php 第 5 行.
SQL: SHOW COLUMNS FROM `gn_user` [ RunTime:0.0030s ]
SQL: SELECT `rc` FROM `gn_user` WHERE `id` = 67 LIMIT 1   [ RunTime:0.0010s ]
SQL: SHOW COLUMNS FROM `gn_website` [ RunTime:0.0030s ]
SQL: SELECT * FROM `gn_website`  [ RunTime:0.0000s ]
SQL: SHOW COLUMNS FROM `gn_playpic` [ RunTime:0.0030s ]
SQL: SELECT * FROM `gn_playpic` WHERE `type` = 2  [ RunTime:0.0000s ]
SQL: SELECT * FROM `gn_playpic` WHERE `type` = 1  [ RunTime:0.0000s ]
SQL: SELECT * FROM `gn_playpic` WHERE `type` = 0  [ RunTime:0.0010s ]
SQL: SHOW COLUMNS FROM `gn_news` [ RunTime:0.0020s ]
SQL: SELECT * FROM `gn_news` WHERE `type` = '通知' ORDER BY createtime DESC LIMIT 3   [ RunTime:0.0000s ]
SQL: SELECT * FROM `gn_news` WHERE `type` = '活动' ORDER BY createtime DESC LIMIT 3   [ RunTime:0.0000s ]
SQL: select * from gn_news where belong = '三国志'order by is_top desc , createtime desc [ RunTime:0.0000s ]
INFO: [ view_parse ] --START--
INFO: [ template_filter ] --START--
INFO: Run Behavior\ContentReplaceBehavior [ RunTime:0.000000s ]
INFO: [ template_filter ] --END-- [ RunTime:0.000000s ]
INFO: Run Behavior\ParseTemplateBehavior [ RunTime:0.006000s ]
INFO: [ view_parse ] --END-- [ RunTime:0.006000s ]
INFO: [ view_filter ] --START--
INFO: Run Behavior\WriteHtmlCacheBehavior [ RunTime:0.000000s ]
INFO: [ view_filter ] --END-- [ RunTime:0.000000s ]
INFO: [ app_end ] --START--
INFO: Run Behavior\ShowPageTraceBehavior [ RunTime:0.001000s ]
INFO: [ app_end ] --END-- [ RunTime:0.001000s ]

[ 2016-09-14T15:49:48+08:00 ] 127.0.0.1 /index.php/Index/index
INFO: [ app_init ] --START--
INFO: Run Behavior\BuildLiteBehavior [ RunTime:0.000000s ]
INFO: [ app_init ] --END-- [ RunTime:0.000000s ]
INFO: [ app_begin ] --START--
INFO: Run Behavior\ReadHtmlCacheBehavior [ RunTime:0.001000s ]
INFO: [ app_begin ] --END-- [ RunTime:0.001000s ]
NOTIC: [8] A session had already been started - ignoring session_start() D:\WWW\gamenoll.com\Application\Home\Controller\IndexController.class.php 第 5 行.
SQL: SHOW COLUMNS FROM `gn_user` [ RunTime:0.0030s ]
SQL: SELECT `rc` FROM `gn_user` WHERE `id` = 67 LIMIT 1   [ RunTime:0.0000s ]
SQL: SHOW COLUMNS FROM `gn_website` [ RunTime:0.0030s ]
SQL: SELECT * FROM `gn_website`  [ RunTime:0.0000s ]
SQL: SHOW COLUMNS FROM `gn_playpic` [ RunTime:0.0030s ]
SQL: SELECT * FROM `gn_playpic` WHERE `type` = 2  [ RunTime:0.0000s ]
SQL: SELECT * FROM `gn_playpic` WHERE `type` = 1  [ RunTime:0.0010s ]
SQL: SELECT * FROM `gn_playpic` WHERE `type` = 0  [ RunTime:0.0000s ]
SQL: SHOW COLUMNS FROM `gn_news` [ RunTime:0.0020s ]
SQL: SELECT * FROM `gn_news` WHERE `type` = '通知' ORDER BY createtime DESC LIMIT 3   [ RunTime:0.0000s ]
SQL: SELECT * FROM `gn_news` WHERE `type` = '活动' ORDER BY createtime DESC LIMIT 3   [ RunTime:0.0000s ]
SQL: select * from gn_news where belong = '三国志'order by is_top desc , createtime desc [ RunTime:0.0000s ]
INFO: [ view_parse ] --START--
INFO: [ template_filter ] --START--
INFO: Run Behavior\ContentReplaceBehavior [ RunTime:0.000000s ]
INFO: [ template_filter ] --END-- [ RunTime:0.000000s ]
INFO: Run Behavior\ParseTemplateBehavior [ RunTime:0.006000s ]
INFO: [ view_parse ] --END-- [ RunTime:0.006000s ]
INFO: [ view_filter ] --START--
INFO: Run Behavior\WriteHtmlCacheBehavior [ RunTime:0.000000s ]
INFO: [ view_filter ] --END-- [ RunTime:0.000000s ]
INFO: [ app_end ] --START--
INFO: Run Behavior\ShowPageTraceBehavior [ RunTime:0.001000s ]
INFO: [ app_end ] --END-- [ RunTime:0.001000s ]

[ 2016-09-14T15:50:55+08:00 ] 127.0.0.1 /index.php/Index/index
INFO: [ app_init ] --START--
INFO: Run Behavior\BuildLiteBehavior [ RunTime:0.000000s ]
INFO: [ app_init ] --END-- [ RunTime:0.000000s ]
INFO: [ app_begin ] --START--
INFO: Run Behavior\ReadHtmlCacheBehavior [ RunTime:0.001000s ]
INFO: [ app_begin ] --END-- [ RunTime:0.001000s ]
NOTIC: [8] A session had already been started - ignoring session_start() D:\WWW\gamenoll.com\Application\Home\Controller\IndexController.class.php 第 5 行.
SQL: SHOW COLUMNS FROM `gn_user` [ RunTime:0.0040s ]
SQL: SELECT `rc` FROM `gn_user` WHERE `id` = 67 LIMIT 1   [ RunTime:0.0010s ]
SQL: SHOW COLUMNS FROM `gn_website` [ RunTime:0.0030s ]
SQL: SELECT * FROM `gn_website`  [ RunTime:0.0010s ]
SQL: SHOW COLUMNS FROM `gn_playpic` [ RunTime:0.0030s ]
SQL: SELECT * FROM `gn_playpic` WHERE `type` = 2  [ RunTime:0.0010s ]
SQL: SELECT * FROM `gn_playpic` WHERE `type` = 1  [ RunTime:0.0000s ]
SQL: SELECT * FROM `gn_playpic` WHERE `type` = 0  [ RunTime:0.0000s ]
SQL: SHOW COLUMNS FROM `gn_news` [ RunTime:0.0040s ]
SQL: SELECT * FROM `gn_news` WHERE `type` = '通知' ORDER BY createtime DESC LIMIT 3   [ RunTime:0.0000s ]
SQL: SELECT * FROM `gn_news` WHERE `type` = '活动' ORDER BY createtime DESC LIMIT 3   [ RunTime:0.0010s ]
SQL: select * from gn_news where belong = '三国志'order by is_top desc , createtime desc [ RunTime:0.0000s ]
INFO: [ view_parse ] --START--
INFO: [ template_filter ] --START--
INFO: Run Behavior\ContentReplaceBehavior [ RunTime:0.000000s ]
INFO: [ template_filter ] --END-- [ RunTime:0.000000s ]
INFO: Run Behavior\ParseTemplateBehavior [ RunTime:0.007000s ]
INFO: [ view_parse ] --END-- [ RunTime:0.007000s ]
INFO: [ view_filter ] --START--
INFO: Run Behavior\WriteHtmlCacheBehavior [ RunTime:0.000000s ]
INFO: [ view_filter ] --END-- [ RunTime:0.000000s ]
INFO: [ app_end ] --START--
INFO: Run Behavior\ShowPageTraceBehavior [ RunTime:0.000000s ]
INFO: [ app_end ] --END-- [ RunTime:0.000000s ]

[ 2016-09-14T15:50:59+08:00 ] 127.0.0.1 /index.php/Index/dfdsfsdfsd
INFO: [ app_init ] --START--
INFO: Run Behavior\BuildLiteBehavior [ RunTime:0.000000s ]
INFO: [ app_init ] --END-- [ RunTime:0.001000s ]
INFO: [ app_begin ] --START--
INFO: Run Behavior\ReadHtmlCacheBehavior [ RunTime:0.001001s ]
INFO: [ app_begin ] --END-- [ RunTime:0.001001s ]
NOTIC: [8] A session had already been started - ignoring session_start() D:\WWW\gamenoll.com\Application\Home\Controller\IndexController.class.php 第 5 行.
ERR: 非法操作:dfdsfsdfsd
NOTIC: [2] include(): Filename cannot be empty D:\WWW\gamenoll.com\ThinkPHP\Library\Think\Think.class.php 第 314 行.
NOTIC: [2] include(): Failed opening '' for inclusion (include_path='.;C:\php\pear') D:\WWW\gamenoll.com\ThinkPHP\Library\Think\Think.class.php 第 314 行.

[ 2016-09-14T15:51:32+08:00 ] 127.0.0.1 /index.php/Index/index
INFO: [ app_init ] --START--
INFO: Run Behavior\BuildLiteBehavior [ RunTime:0.000000s ]
INFO: [ app_init ] --END-- [ RunTime:0.000000s ]
INFO: [ app_begin ] --START--
INFO: Run Behavior\ReadHtmlCacheBehavior [ RunTime:0.000000s ]
INFO: [ app_begin ] --END-- [ RunTime:0.000000s ]
NOTIC: [8] A session had already been started - ignoring session_start() D:\WWW\gamenoll.com\Application\Home\Controller\IndexController.class.php 第 5 行.
SQL: SHOW COLUMNS FROM `gn_user` [ RunTime:0.0030s ]
SQL: SELECT `rc` FROM `gn_user` WHERE `id` = 67 LIMIT 1   [ RunTime:0.0000s ]
SQL: SHOW COLUMNS FROM `gn_website` [ RunTime:0.0030s ]
SQL: SELECT * FROM `gn_website`  [ RunTime:0.0000s ]
SQL: SHOW COLUMNS FROM `gn_playpic` [ RunTime:0.0020s ]
SQL: SELECT * FROM `gn_playpic` WHERE `type` = 2  [ RunTime:0.0010s ]
SQL: SELECT * FROM `gn_playpic` WHERE `type` = 1  [ RunTime:0.0000s ]
SQL: SELECT * FROM `gn_playpic` WHERE `type` = 0  [ RunTime:0.0000s ]
SQL: SHOW COLUMNS FROM `gn_news` [ RunTime:0.0030s ]
SQL: SELECT * FROM `gn_news` WHERE `type` = '通知' ORDER BY createtime DESC LIMIT 3   [ RunTime:0.0000s ]
SQL: SELECT * FROM `gn_news` WHERE `type` = '活动' ORDER BY createtime DESC LIMIT 3   [ RunTime:0.0000s ]
SQL: select * from gn_news where belong = '三国志'order by is_top desc , createtime desc [ RunTime:0.0000s ]
INFO: [ view_parse ] --START--
INFO: [ template_filter ] --START--
INFO: Run Behavior\ContentReplaceBehavior [ RunTime:0.000000s ]
INFO: [ template_filter ] --END-- [ RunTime:0.000000s ]
INFO: Run Behavior\ParseTemplateBehavior [ RunTime:0.005001s ]
INFO: [ view_parse ] --END-- [ RunTime:0.005001s ]
INFO: [ view_filter ] --START--
INFO: Run Behavior\WriteHtmlCacheBehavior [ RunTime:0.000000s ]
INFO: [ view_filter ] --END-- [ RunTime:0.000000s ]
INFO: [ app_end ] --START--
INFO: Run Behavior\ShowPageTraceBehavior [ RunTime:0.000000s ]
INFO: [ app_end ] --END-- [ RunTime:0.000000s ]

[ 2016-09-14T15:51:50+08:00 ] 127.0.0.1 /index.php/Index/index
INFO: [ app_init ] --START--
INFO: Run Behavior\BuildLiteBehavior [ RunTime:0.000000s ]
INFO: [ app_init ] --END-- [ RunTime:0.000000s ]
INFO: [ app_begin ] --START--
INFO: Run Behavior\ReadHtmlCacheBehavior [ RunTime:0.001000s ]
INFO: [ app_begin ] --END-- [ RunTime:0.001000s ]
NOTIC: [8] A session had already been started - ignoring session_start() D:\WWW\gamenoll.com\Application\Home\Controller\IndexController.class.php 第 5 行.
SQL: SHOW COLUMNS FROM `gn_user` [ RunTime:0.0030s ]
SQL: SELECT `rc` FROM `gn_user` WHERE `id` = 67 LIMIT 1   [ RunTime:0.0000s ]
SQL: SHOW COLUMNS FROM `gn_website` [ RunTime:0.0030s ]
SQL: SELECT * FROM `gn_website`  [ RunTime:0.0000s ]
SQL: SHOW COLUMNS FROM `gn_playpic` [ RunTime:0.0030s ]
SQL: SELECT * FROM `gn_playpic` WHERE `type` = 2  [ RunTime:0.0000s ]
SQL: SELECT * FROM `gn_playpic` WHERE `type` = 1  [ RunTime:0.0000s ]
SQL: SELECT * FROM `gn_playpic` WHERE `type` = 0  [ RunTime:0.0000s ]
SQL: SHOW COLUMNS FROM `gn_news` [ RunTime:0.0030s ]
SQL: SELECT * FROM `gn_news` WHERE `type` = '通知' ORDER BY createtime DESC LIMIT 3   [ RunTime:0.0000s ]
SQL: SELECT * FROM `gn_news` WHERE `type` = '活动' ORDER BY createtime DESC LIMIT 3   [ RunTime:0.0000s ]
SQL: select * from gn_news where belong = '三国志'order by is_top desc , createtime desc [ RunTime:0.0000s ]
INFO: [ view_parse ] --START--
INFO: [ template_filter ] --START--
INFO: Run Behavior\ContentReplaceBehavior [ RunTime:0.000000s ]
INFO: [ template_filter ] --END-- [ RunTime:0.000000s ]
INFO: Run Behavior\ParseTemplateBehavior [ RunTime:0.006000s ]
INFO: [ view_parse ] --END-- [ RunTime:0.006000s ]
INFO: [ view_filter ] --START--
INFO: Run Behavior\WriteHtmlCacheBehavior [ RunTime:0.000000s ]
INFO: [ view_filter ] --END-- [ RunTime:0.000000s ]
INFO: [ app_end ] --START--
INFO: Run Behavior\ShowPageTraceBehavior [ RunTime:0.001000s ]
INFO: [ app_end ] --END-- [ RunTime:0.001000s ]

