[ 2016-08-10T10:54:57+08:00 ] 127.0.0.1 /gamenoll.com/
INFO: [ app_init ] --START--
INFO: Run Behavior\BuildLiteBehavior [ RunTime:0.000000s ]
INFO: [ app_init ] --END-- [ RunTime:0.000000s ]

[ 2016-08-10T10:55:47+08:00 ] 127.0.0.1 /gamenoll.com/index.php/Index/thirdLogin/type/yahoo.html
INFO: [ app_init ] --START--
INFO: Run Behavior\BuildLiteBehavior [ RunTime:0.000000s ]
INFO: [ app_init ] --END-- [ RunTime:0.000000s ]

[ 2016-08-10T10:55:52+08:00 ] 127.0.0.1 /gamenoll.com/index.php/Index/thirdLogin/type/google.html
INFO: [ app_init ] --START--
INFO: Run Behavior\BuildLiteBehavior [ RunTime:0.000000s ]
INFO: [ app_init ] --END-- [ RunTime:0.000000s ]

[ 2016-08-10T10:56:00+08:00 ] 127.0.0.1 /gamenoll.com/index.php/Index/thirdLogin/type/Twitter.html
INFO: [ app_init ] --START--
INFO: Run Behavior\BuildLiteBehavior [ RunTime:0.000000s ]
INFO: [ app_init ] --END-- [ RunTime:0.000000s ]

[ 2016-08-10T10:56:08+08:00 ] 127.0.0.1 /gamenoll.com/index.php/Index/thirdLogin/type/Facebook.html
INFO: [ app_init ] --START--
INFO: Run Behavior\BuildLiteBehavior [ RunTime:0.000000s ]
INFO: [ app_init ] --END-- [ RunTime:0.001000s ]

[ 2016-08-10T10:57:25+08:00 ] 127.0.0.1 /gamenoll.com/
INFO: [ app_init ] --START--
INFO: Run Behavior\BuildLiteBehavior [ RunTime:0.000000s ]
INFO: [ app_init ] --END-- [ RunTime:0.000000s ]

[ 2016-08-10T10:57:27+08:00 ] 127.0.0.1 /gamenoll.com/
INFO: [ app_init ] --START--
INFO: Run Behavior\BuildLiteBehavior [ RunTime:0.000000s ]
INFO: [ app_init ] --END-- [ RunTime:0.000000s ]

[ 2016-08-10T11:08:15+08:00 ] 127.0.0.1 /gamenoll.com/index.php/Index/thirdLogin/type/Facebook.html
INFO: [ app_init ] --START--
INFO: Run Behavior\BuildLiteBehavior [ RunTime:0.000000s ]
INFO: [ app_init ] --END-- [ RunTime:0.001000s ]

[ 2016-08-10T11:08:20+08:00 ] 127.0.0.1 /gamenoll.com/index.php/Index/thirdLogin/type/yahoo.html
INFO: [ app_init ] --START--
INFO: Run Behavior\BuildLiteBehavior [ RunTime:0.000000s ]
INFO: [ app_init ] --END-- [ RunTime:0.001000s ]

[ 2016-08-10T11:48:18+08:00 ] 127.0.0.1 /gamenoll.com/
INFO: [ app_init ] --START--
INFO: Run Behavior\BuildLiteBehavior [ RunTime:0.000000s ]
INFO: [ app_init ] --END-- [ RunTime:0.000000s ]

[ 2016-08-10T11:48:20+08:00 ] 127.0.0.1 /gamenoll.com/index.php/Index/thirdLogin/type/yahoo.html
INFO: [ app_init ] --START--
INFO: Run Behavior\BuildLiteBehavior [ RunTime:0.000000s ]
INFO: [ app_init ] --END-- [ RunTime:0.000000s ]

[ 2016-08-10T13:53:30+08:00 ] ::1 /gamenoll.com/
INFO: [ app_init ] --START--
INFO: Run Behavior\BuildLiteBehavior [ RunTime:0.000000s ]
INFO: [ app_init ] --END-- [ RunTime:0.000000s ]

[ 2016-08-10T13:53:33+08:00 ] ::1 /gamenoll.com/index.php/Index/thirdLogin/type/yahoo.html
INFO: [ app_init ] --START--
INFO: Run Behavior\BuildLiteBehavior [ RunTime:0.000000s ]
INFO: [ app_init ] --END-- [ RunTime:0.001000s ]

[ 2016-08-10T13:53:54+08:00 ] ::1 /gamenoll.com/
INFO: [ app_init ] --START--
INFO: Run Behavior\BuildLiteBehavior [ RunTime:0.001000s ]
INFO: [ app_init ] --END-- [ RunTime:0.001000s ]

[ 2016-08-10T13:53:56+08:00 ] ::1 /gamenoll.com/index.php/Index/thirdLogin/type/yahoo.html
INFO: [ app_init ] --START--
INFO: Run Behavior\BuildLiteBehavior [ RunTime:0.000000s ]
INFO: [ app_init ] --END-- [ RunTime:0.000000s ]

[ 2016-08-10T13:55:39+08:00 ] ::1 /gamenoll.com/
INFO: [ app_init ] --START--
INFO: Run Behavior\BuildLiteBehavior [ RunTime:0.000000s ]
INFO: [ app_init ] --END-- [ RunTime:0.000000s ]

[ 2016-08-10T13:55:42+08:00 ] ::1 /gamenoll.com/index.php/Index/thirdLogin/type/yahoo.html
INFO: [ app_init ] --START--
INFO: Run Behavior\BuildLiteBehavior [ RunTime:0.000000s ]
INFO: [ app_init ] --END-- [ RunTime:0.000000s ]

[ 2016-08-10T15:39:43+08:00 ] 127.0.0.1 /index.php/Index/callback/
INFO: [ app_init ] --START--
INFO: Run Behavior\BuildLiteBehavior [ RunTime:0.000000s ]
INFO: [ app_init ] --END-- [ RunTime:0.000000s ]

[ 2016-08-10T15:39:59+08:00 ] 127.0.0.1 /index.php
INFO: [ app_init ] --START--
INFO: Run Behavior\BuildLiteBehavior [ RunTime:0.000000s ]
INFO: [ app_init ] --END-- [ RunTime:0.001000s ]

[ 2016-08-10T15:48:21+08:00 ] 127.0.0.1 /index.php/Index/thirdLogin/type/yahoo.html
INFO: [ app_init ] --START--
INFO: Run Behavior\BuildLiteBehavior [ RunTime:0.000000s ]
INFO: [ app_init ] --END-- [ RunTime:0.000000s ]

[ 2016-08-10T15:48:40+08:00 ] 127.0.0.1 /gamenoll.com/
INFO: [ app_init ] --START--
INFO: Run Behavior\BuildLiteBehavior [ RunTime:0.000000s ]
INFO: [ app_init ] --END-- [ RunTime:0.000000s ]

[ 2016-08-10T15:48:42+08:00 ] 127.0.0.1 /gamenoll.com/index.php/Index/thirdLogin/type/yahoo.html
INFO: [ app_init ] --START--
INFO: Run Behavior\BuildLiteBehavior [ RunTime:0.000000s ]
INFO: [ app_init ] --END-- [ RunTime:0.001000s ]

