[ 2016-12-09T16:27:48+08:00 ] 127.0.0.1 /
INFO: [ app_init ] --START--
INFO: Run Behavior\BuildLiteBehavior [ RunTime:0.000000s ]
INFO: [ app_init ] --END-- [ RunTime:0.010000s ]
INFO: [ app_begin ] --START--
INFO: Run Behavior\ReadHtmlCacheBehavior [ RunTime:0.001000s ]
INFO: [ app_begin ] --END-- [ RunTime:0.001000s ]
NOTIC: [8] A session had already been started - ignoring session_start() D:\work\allFile\th_g\Application\Home\Controller\IndexController.class.php Á¨¨ 5 Ë°å.
INFO: [ view_parse ] --START--
INFO: [ template_filter ] --START--
INFO: Run Behavior\ContentReplaceBehavior [ RunTime:0.000000s ]
INFO: [ template_filter ] --END-- [ RunTime:0.001000s ]
INFO: Run Behavior\ParseTemplateBehavior [ RunTime:0.008000s ]
INFO: [ view_parse ] --END-- [ RunTime:0.008000s ]
INFO: [ view_filter ] --START--
INFO: Run Behavior\WriteHtmlCacheBehavior [ RunTime:0.000000s ]
INFO: [ view_filter ] --END-- [ RunTime:0.000000s ]
INFO: [ app_end ] --START--
INFO: Run Behavior\ShowPageTraceBehavior [ RunTime:0.001000s ]
INFO: [ app_end ] --END-- [ RunTime:0.001000s ]

[ 2016-12-09T16:27:48+08:00 ] 127.0.0.1 /Public/home/js/bootstrap.min.js
INFO: [ app_init ] --START--
INFO: Run Behavior\BuildLiteBehavior [ RunTime:0.000000s ]
INFO: [ app_init ] --END-- [ RunTime:0.001000s ]
INFO: [ app_begin ] --START--
INFO: Run Behavior\ReadHtmlCacheBehavior [ RunTime:0.000000s ]
INFO: [ app_begin ] --END-- [ RunTime:0.000000s ]
ERR: ÈùûÊ≥ïÊìç‰Ωú:home
NOTIC: [2] include(): Filename cannot be empty D:\work\allFile\th_g\ThinkPHP\Library\Think\Think.class.php Á¨¨ 314 Ë°å.
NOTIC: [2] include(): Failed opening '' for inclusion (include_path='D:\AllSoft\xampp\php\PEAR') D:\work\allFile\th_g\ThinkPHP\Library\Think\Think.class.php Á¨¨ 314 Ë°å.

[ 2016-12-09T16:27:48+08:00 ] 127.0.0.1 /jquery/jquery-1.11.2.min.js
INFO: [ app_init ] --START--
INFO: Run Behavior\BuildLiteBehavior [ RunTime:0.000000s ]
INFO: [ app_init ] --END-- [ RunTime:0.001000s ]
INFO: [ app_begin ] --START--
INFO: Run Behavior\ReadHtmlCacheBehavior [ RunTime:0.001000s ]
INFO: [ app_begin ] --END-- [ RunTime:0.001000s ]
INFO: [ view_parse ] --START--
INFO: [ template_filter ] --START--
INFO: Run Behavior\ContentReplaceBehavior [ RunTime:0.000000s ]
INFO: [ template_filter ] --END-- [ RunTime:0.000000s ]
NOTIC: [8] Undefined variable: website D:\work\allFile\th_g\Application\Runtime\Cache\Home\ba9f7a85ac4d7e7f0b0da6e93b0b5939.php Á¨¨ 7 Ë°å.
NOTIC: [8] Undefined variable: website D:\work\allFile\th_g\Application\Runtime\Cache\Home\ba9f7a85ac4d7e7f0b0da6e93b0b5939.php Á¨¨ 8 Ë°å.
NOTIC: [8] Undefined variable: website D:\work\allFile\th_g\Application\Runtime\Cache\Home\ba9f7a85ac4d7e7f0b0da6e93b0b5939.php Á¨¨ 11 Ë°å.
INFO: Run Behavior\ParseTemplateBehavior [ RunTime:0.019000s ]
INFO: [ view_parse ] --END-- [ RunTime:0.019000s ]
INFO: [ view_filter ] --START--
INFO: Run Behavior\WriteHtmlCacheBehavior [ RunTime:0.001000s ]
INFO: [ view_filter ] --END-- [ RunTime:0.001000s ]
INFO: [ app_end ] --START--
INFO: Run Behavior\ShowPageTraceBehavior [ RunTime:0.000000s ]
INFO: [ app_end ] --END-- [ RunTime:0.000000s ]

[ 2016-12-09T16:27:48+08:00 ] 127.0.0.1 /favicon.ico
INFO: [ app_init ] --START--
INFO: Run Behavior\BuildLiteBehavior [ RunTime:0.000000s ]
INFO: [ app_init ] --END-- [ RunTime:0.000000s ]

[ 2016-12-09T16:27:52+08:00 ] 127.0.0.1 /index.php/index/home
INFO: [ app_init ] --START--
INFO: Run Behavior\BuildLiteBehavior [ RunTime:0.000000s ]
INFO: [ app_init ] --END-- [ RunTime:0.010000s ]
INFO: [ app_begin ] --START--
INFO: Run Behavior\ReadHtmlCacheBehavior [ RunTime:0.000000s ]
INFO: [ app_begin ] --END-- [ RunTime:0.001000s ]
NOTIC: [8] A session had already been started - ignoring session_start() D:\work\allFile\th_g\Application\Home\Controller\IndexController.class.php Á¨¨ 5 Ë°å.
NOTIC: [8] A session had already been started - ignoring session_start() D:\work\allFile\th_g\Application\Home\Controller\CommodityController.class.php Á¨¨ 5 Ë°å.
ERR: SQLSTATE[HY000] [2002] ”…”⁄ƒø±Íº∆À„ª˙ª˝º´æ‹æ¯£¨Œﬁ∑®¡¨Ω”°£

NOTIC: [2] include(): Filename cannot be empty D:\work\allFile\th_g\ThinkPHP\Library\Think\Think.class.php Á¨¨ 314 Ë°å.
NOTIC: [2] include(): Failed opening '' for inclusion (include_path='D:\AllSoft\xampp\php\PEAR') D:\work\allFile\th_g\ThinkPHP\Library\Think\Think.class.php Á¨¨ 314 Ë°å.

[ 2016-12-09T16:27:58+08:00 ] 127.0.0.1 /index/home
INFO: [ app_init ] --START--
INFO: Run Behavior\BuildLiteBehavior [ RunTime:0.000000s ]
INFO: [ app_init ] --END-- [ RunTime:0.000000s ]
INFO: [ app_begin ] --START--
INFO: Run Behavior\ReadHtmlCacheBehavior [ RunTime:0.000000s ]
INFO: [ app_begin ] --END-- [ RunTime:0.000000s ]
NOTIC: [8] A session had already been started - ignoring session_start() D:\work\allFile\th_g\Application\Home\Controller\IndexController.class.php Á¨¨ 5 Ë°å.
NOTIC: [8] A session had already been started - ignoring session_start() D:\work\allFile\th_g\Application\Home\Controller\CommodityController.class.php Á¨¨ 5 Ë°å.
ERR: SQLSTATE[HY000] [2002] ”…”⁄ƒø±Íº∆À„ª˙ª˝º´æ‹æ¯£¨Œﬁ∑®¡¨Ω”°£

NOTIC: [2] include(): Filename cannot be empty D:\work\allFile\th_g\ThinkPHP\Library\Think\Think.class.php Á¨¨ 314 Ë°å.
NOTIC: [2] include(): Failed opening '' for inclusion (include_path='D:\AllSoft\xampp\php\PEAR') D:\work\allFile\th_g\ThinkPHP\Library\Think\Think.class.php Á¨¨ 314 Ë°å.

[ 2016-12-09T16:28:01+08:00 ] 127.0.0.1 /index/home
INFO: [ app_init ] --START--
INFO: Run Behavior\BuildLiteBehavior [ RunTime:0.000000s ]
INFO: [ app_init ] --END-- [ RunTime:0.000000s ]
INFO: [ app_begin ] --START--
INFO: Run Behavior\ReadHtmlCacheBehavior [ RunTime:0.000000s ]
INFO: [ app_begin ] --END-- [ RunTime:0.000000s ]
NOTIC: [8] A session had already been started - ignoring session_start() D:\work\allFile\th_g\Application\Home\Controller\IndexController.class.php Á¨¨ 5 Ë°å.
NOTIC: [8] A session had already been started - ignoring session_start() D:\work\allFile\th_g\Application\Home\Controller\CommodityController.class.php Á¨¨ 5 Ë°å.
ERR: SQLSTATE[HY000] [2002] ”…”⁄ƒø±Íº∆À„ª˙ª˝º´æ‹æ¯£¨Œﬁ∑®¡¨Ω”°£

NOTIC: [2] include(): Filename cannot be empty D:\work\allFile\th_g\ThinkPHP\Library\Think\Think.class.php Á¨¨ 314 Ë°å.
NOTIC: [2] include(): Failed opening '' for inclusion (include_path='D:\AllSoft\xampp\php\PEAR') D:\work\allFile\th_g\ThinkPHP\Library\Think\Think.class.php Á¨¨ 314 Ë°å.

[ 2016-12-09T16:28:02+08:00 ] 127.0.0.1 /index/home
INFO: [ app_init ] --START--
INFO: Run Behavior\BuildLiteBehavior [ RunTime:0.000000s ]
INFO: [ app_init ] --END-- [ RunTime:0.000000s ]
INFO: [ app_begin ] --START--
INFO: Run Behavior\ReadHtmlCacheBehavior [ RunTime:0.000000s ]
INFO: [ app_begin ] --END-- [ RunTime:0.000000s ]
NOTIC: [8] A session had already been started - ignoring session_start() D:\work\allFile\th_g\Application\Home\Controller\IndexController.class.php Á¨¨ 5 Ë°å.
NOTIC: [8] A session had already been started - ignoring session_start() D:\work\allFile\th_g\Application\Home\Controller\CommodityController.class.php Á¨¨ 5 Ë°å.
ERR: SQLSTATE[HY000] [2002] ”…”⁄ƒø±Íº∆À„ª˙ª˝º´æ‹æ¯£¨Œﬁ∑®¡¨Ω”°£

NOTIC: [2] include(): Filename cannot be empty D:\work\allFile\th_g\ThinkPHP\Library\Think\Think.class.php Á¨¨ 314 Ë°å.
NOTIC: [2] include(): Failed opening '' for inclusion (include_path='D:\AllSoft\xampp\php\PEAR') D:\work\allFile\th_g\ThinkPHP\Library\Think\Think.class.php Á¨¨ 314 Ë°å.

