[ 2016-10-25T11:57:13+08:00 ] 127.0.0.1 /15combo/
INFO: [ app_init ] --START--
INFO: Run Behavior\BuildLiteBehavior [ RunTime:0.000000s ]
INFO: [ app_init ] --END-- [ RunTime:0.001000s ]
INFO: [ app_begin ] --START--
INFO: Run Behavior\ReadHtmlCacheBehavior [ RunTime:0.001000s ]
INFO: [ app_begin ] --END-- [ RunTime:0.001000s ]
NOTIC: [8] A session had already been started - ignoring session_start() D:\WWW\15combo\Application\Home\Controller\IndexController.class.php 第 5 行.
SQL: SHOW COLUMNS FROM `gn_user` [ RunTime:0.1830s ]
NOTIC: [8] Undefined index: userinfo D:\WWW\15combo\Application\Home\Controller\LoginController.class.php 第 71 行.
SQL: SELECT `rc` FROM `gn_user` WHERE `id` = null LIMIT 1   [ RunTime:0.1720s ]
SQL: SHOW COLUMNS FROM `gn_website` [ RunTime:0.1730s ]
SQL: SELECT * FROM `gn_website`  [ RunTime:0.5790s ]
SQL: SHOW COLUMNS FROM `gn_playpic` [ RunTime:0.1740s ]
SQL: SELECT * FROM `gn_playpic` WHERE `type` = 2  [ RunTime:0.1720s ]
SQL: SELECT * FROM `gn_playpic` WHERE `type` = 1  [ RunTime:0.1770s ]
SQL: SELECT * FROM `gn_playpic` WHERE `type` = 0  [ RunTime:0.1760s ]
SQL: SHOW COLUMNS FROM `gn_news` [ RunTime:0.1780s ]
SQL: SELECT * FROM `gn_news` WHERE `type` = '通知' ORDER BY createtime DESC LIMIT 3   [ RunTime:0.3410s ]
SQL: SELECT * FROM `gn_news` WHERE `type` = '活动' ORDER BY createtime DESC LIMIT 3   [ RunTime:1.0190s ]
SQL: select * from gn_news where belong = '30'order by is_top desc , createtime desc limit 5 [ RunTime:0.1570s ]
INFO: [ view_parse ] --START--
INFO: [ template_filter ] --START--
INFO: Run Behavior\ContentReplaceBehavior [ RunTime:0.000000s ]
INFO: [ template_filter ] --END-- [ RunTime:0.000000s ]
INFO: Run Behavior\ParseTemplateBehavior [ RunTime:0.031000s ]
INFO: [ view_parse ] --END-- [ RunTime:0.031000s ]
INFO: [ view_filter ] --START--
INFO: Run Behavior\WriteHtmlCacheBehavior [ RunTime:0.001000s ]
INFO: [ view_filter ] --END-- [ RunTime:0.001000s ]
INFO: [ app_end ] --START--
INFO: Run Behavior\ShowPageTraceBehavior [ RunTime:0.001000s ]
INFO: [ app_end ] --END-- [ RunTime:0.001000s ]

