[ 2016-11-17T11:00:29+08:00 ] ::1 /15combo/
INFO: [ app_init ] --START--
INFO: Run Behavior\BuildLiteBehavior [ RunTime:0.000000s ]
INFO: [ app_init ] --END-- [ RunTime:0.002000s ]
INFO: [ app_begin ] --START--
INFO: Run Behavior\ReadHtmlCacheBehavior [ RunTime:0.001000s ]
INFO: [ app_begin ] --END-- [ RunTime:0.001000s ]
NOTIC: [8] A session had already been started - ignoring session_start() D:\phpStudy\WWW\15combo\Application\Home\Controller\IndexController.class.php 第 5 行.
SQL: SHOW COLUMNS FROM `gn_user` [ RunTime:0.1560s ]
NOTIC: [8] Undefined index: userinfo D:\phpStudy\WWW\15combo\Application\Home\Controller\LoginController.class.php 第 71 行.
SQL: SELECT `rc` FROM `gn_user` WHERE `id` = null LIMIT 1   [ RunTime:0.1540s ]
SQL: SHOW COLUMNS FROM `gn_website` [ RunTime:0.1490s ]
SQL: SELECT * FROM `gn_website`  [ RunTime:0.1520s ]
SQL: SHOW COLUMNS FROM `gn_playpic` [ RunTime:0.1620s ]
SQL: SELECT * FROM `gn_playpic` WHERE `type` = 2  [ RunTime:0.5370s ]
SQL: SELECT * FROM `gn_playpic` WHERE `type` = 1  [ RunTime:0.1600s ]
SQL: SELECT * FROM `gn_playpic` WHERE `type` = 0  [ RunTime:0.1600s ]
SQL: SHOW COLUMNS FROM `gn_news` [ RunTime:0.1640s ]
SQL: SELECT * FROM `gn_news` WHERE `type` = '通知' ORDER BY createtime DESC LIMIT 3   [ RunTime:0.4810s ]
SQL: SELECT * FROM `gn_news` WHERE `type` = '活动' ORDER BY createtime DESC LIMIT 3   [ RunTime:1.7640s ]
SQL: select * from gn_news where belong = '30'order by is_top desc , createtime desc limit 5 [ RunTime:0.1590s ]
INFO: [ view_parse ] --START--
INFO: [ template_filter ] --START--
INFO: Run Behavior\ContentReplaceBehavior [ RunTime:0.002000s ]
INFO: [ template_filter ] --END-- [ RunTime:0.002000s ]
INFO: Run Behavior\ParseTemplateBehavior [ RunTime:0.044000s ]
INFO: [ view_parse ] --END-- [ RunTime:0.045000s ]
INFO: [ view_filter ] --START--
INFO: Run Behavior\WriteHtmlCacheBehavior [ RunTime:0.000000s ]
INFO: [ view_filter ] --END-- [ RunTime:0.000000s ]
INFO: [ app_end ] --START--
INFO: Run Behavior\ShowPageTraceBehavior [ RunTime:0.001000s ]
INFO: [ app_end ] --END-- [ RunTime:0.001000s ]

[ 2016-11-17T11:00:52+08:00 ] ::1 /15combo/
INFO: [ app_init ] --START--
INFO: Run Behavior\BuildLiteBehavior [ RunTime:0.000000s ]
INFO: [ app_init ] --END-- [ RunTime:0.001000s ]
INFO: [ app_begin ] --START--
INFO: Run Behavior\ReadHtmlCacheBehavior [ RunTime:0.000000s ]
INFO: [ app_begin ] --END-- [ RunTime:0.000000s ]
NOTIC: [8] A session had already been started - ignoring session_start() D:\phpStudy\WWW\15combo\Application\Home\Controller\IndexController.class.php 第 5 行.
SQL: SHOW COLUMNS FROM `gn_user` [ RunTime:0.1800s ]
NOTIC: [8] Undefined index: userinfo D:\phpStudy\WWW\15combo\Application\Home\Controller\LoginController.class.php 第 71 行.
SQL: SELECT `rc` FROM `gn_user` WHERE `id` = null LIMIT 1   [ RunTime:0.1740s ]
SQL: SHOW COLUMNS FROM `gn_website` [ RunTime:0.1760s ]
SQL: SELECT * FROM `gn_website`  [ RunTime:0.1740s ]
SQL: SHOW COLUMNS FROM `gn_playpic` [ RunTime:0.1680s ]
SQL: SELECT * FROM `gn_playpic` WHERE `type` = 2  [ RunTime:0.1650s ]
SQL: SELECT * FROM `gn_playpic` WHERE `type` = 1  [ RunTime:0.5610s ]
SQL: SELECT * FROM `gn_playpic` WHERE `type` = 0  [ RunTime:0.1610s ]
SQL: SHOW COLUMNS FROM `gn_news` [ RunTime:0.1600s ]
SQL: SELECT * FROM `gn_news` WHERE `type` = '通知' ORDER BY createtime DESC LIMIT 3   [ RunTime:1.4480s ]
SQL: SELECT * FROM `gn_news` WHERE `type` = '活动' ORDER BY createtime DESC LIMIT 3   [ RunTime:1.0540s ]
SQL: select * from gn_news where belong = '30'order by is_top desc , createtime desc limit 5 [ RunTime:1.6120s ]
INFO: [ view_parse ] --START--
INFO: [ template_filter ] --START--
INFO: Run Behavior\ContentReplaceBehavior [ RunTime:0.000000s ]
INFO: [ template_filter ] --END-- [ RunTime:0.000000s ]
INFO: Run Behavior\ParseTemplateBehavior [ RunTime:0.014000s ]
INFO: [ view_parse ] --END-- [ RunTime:0.015000s ]
INFO: [ view_filter ] --START--
INFO: Run Behavior\WriteHtmlCacheBehavior [ RunTime:0.000000s ]
INFO: [ view_filter ] --END-- [ RunTime:0.000000s ]
INFO: [ app_end ] --START--
INFO: Run Behavior\ShowPageTraceBehavior [ RunTime:0.000000s ]
INFO: [ app_end ] --END-- [ RunTime:0.001000s ]

[ 2016-11-17T11:01:00+08:00 ] ::1 /15combo/
INFO: [ app_init ] --START--
INFO: Run Behavior\BuildLiteBehavior [ RunTime:0.000000s ]
INFO: [ app_init ] --END-- [ RunTime:0.000000s ]
INFO: [ app_begin ] --START--
INFO: Run Behavior\ReadHtmlCacheBehavior [ RunTime:0.000000s ]
INFO: [ app_begin ] --END-- [ RunTime:0.000000s ]
NOTIC: [8] A session had already been started - ignoring session_start() D:\phpStudy\WWW\15combo\Application\Home\Controller\IndexController.class.php 第 5 行.
SQL: SHOW COLUMNS FROM `gn_user` [ RunTime:0.1610s ]
NOTIC: [8] Undefined index: userinfo D:\phpStudy\WWW\15combo\Application\Home\Controller\LoginController.class.php 第 71 行.
SQL: SELECT `rc` FROM `gn_user` WHERE `id` = null LIMIT 1   [ RunTime:0.1590s ]
SQL: SHOW COLUMNS FROM `gn_website` [ RunTime:0.1620s ]
SQL: SELECT * FROM `gn_website`  [ RunTime:0.1570s ]
SQL: SHOW COLUMNS FROM `gn_playpic` [ RunTime:0.1680s ]
SQL: SELECT * FROM `gn_playpic` WHERE `type` = 2  [ RunTime:0.1590s ]
SQL: SELECT * FROM `gn_playpic` WHERE `type` = 1  [ RunTime:0.1630s ]
SQL: SELECT * FROM `gn_playpic` WHERE `type` = 0  [ RunTime:1.3000s ]
SQL: SHOW COLUMNS FROM `gn_news` [ RunTime:0.1610s ]
SQL: SELECT * FROM `gn_news` WHERE `type` = '通知' ORDER BY createtime DESC LIMIT 3   [ RunTime:1.9130s ]
SQL: SELECT * FROM `gn_news` WHERE `type` = '活动' ORDER BY createtime DESC LIMIT 3   [ RunTime:1.4380s ]
SQL: select * from gn_news where belong = '30'order by is_top desc , createtime desc limit 5 [ RunTime:0.1590s ]
INFO: [ view_parse ] --START--
INFO: [ template_filter ] --START--
INFO: Run Behavior\ContentReplaceBehavior [ RunTime:0.000000s ]
INFO: [ template_filter ] --END-- [ RunTime:0.000000s ]
INFO: Run Behavior\ParseTemplateBehavior [ RunTime:0.026000s ]
INFO: [ view_parse ] --END-- [ RunTime:0.026000s ]
INFO: [ view_filter ] --START--
INFO: Run Behavior\WriteHtmlCacheBehavior [ RunTime:0.000000s ]
INFO: [ view_filter ] --END-- [ RunTime:0.001000s ]
INFO: [ app_end ] --START--
INFO: Run Behavior\ShowPageTraceBehavior [ RunTime:0.001000s ]
INFO: [ app_end ] --END-- [ RunTime:0.001000s ]

[ 2016-11-17T13:24:19+08:00 ] ::1 /15combo/
INFO: [ app_init ] --START--
INFO: Run Behavior\BuildLiteBehavior [ RunTime:0.000000s ]
INFO: [ app_init ] --END-- [ RunTime:0.000000s ]
INFO: [ app_begin ] --START--
INFO: Run Behavior\ReadHtmlCacheBehavior [ RunTime:0.001000s ]
INFO: [ app_begin ] --END-- [ RunTime:0.001000s ]
NOTIC: [8] A session had already been started - ignoring session_start() D:\phpStudy\WWW\15combo\Application\Home\Controller\IndexController.class.php 第 5 行.
SQL: SHOW COLUMNS FROM `gn_user` [ RunTime:0.1470s ]
NOTIC: [8] Undefined index: userinfo D:\phpStudy\WWW\15combo\Application\Home\Controller\LoginController.class.php 第 71 行.
SQL: SELECT `rc` FROM `gn_user` WHERE `id` = null LIMIT 1   [ RunTime:0.1490s ]
SQL: SHOW COLUMNS FROM `gn_website` [ RunTime:0.1500s ]
SQL: SELECT * FROM `gn_website`  [ RunTime:0.1400s ]
SQL: SHOW COLUMNS FROM `gn_playpic` [ RunTime:0.1660s ]
SQL: SELECT * FROM `gn_playpic` WHERE `type` = 2  [ RunTime:0.1600s ]
SQL: SELECT * FROM `gn_playpic` WHERE `type` = 1  [ RunTime:0.1690s ]
SQL: SELECT * FROM `gn_playpic` WHERE `type` = 0  [ RunTime:0.1680s ]
SQL: SHOW COLUMNS FROM `gn_news` [ RunTime:0.1520s ]
SQL: SELECT * FROM `gn_news` WHERE `type` = '通知' ORDER BY createtime DESC LIMIT 3   [ RunTime:0.3510s ]
SQL: SELECT * FROM `gn_news` WHERE `type` = '活动' ORDER BY createtime DESC LIMIT 3   [ RunTime:1.0490s ]
SQL: select * from gn_news where belong = '30'order by is_top desc , createtime desc limit 5 [ RunTime:0.1620s ]
INFO: [ view_parse ] --START--
INFO: [ template_filter ] --START--
INFO: Run Behavior\ContentReplaceBehavior [ RunTime:0.000000s ]
INFO: [ template_filter ] --END-- [ RunTime:0.000000s ]
INFO: Run Behavior\ParseTemplateBehavior [ RunTime:0.028000s ]
INFO: [ view_parse ] --END-- [ RunTime:0.029000s ]
INFO: [ view_filter ] --START--
INFO: Run Behavior\WriteHtmlCacheBehavior [ RunTime:0.001000s ]
INFO: [ view_filter ] --END-- [ RunTime:0.001000s ]
INFO: [ app_end ] --START--
INFO: Run Behavior\ShowPageTraceBehavior [ RunTime:0.001000s ]
INFO: [ app_end ] --END-- [ RunTime:0.001000s ]

[ 2016-11-17T13:34:08+08:00 ] ::1 /15combo/
INFO: [ app_init ] --START--
INFO: Run Behavior\BuildLiteBehavior [ RunTime:0.000000s ]
INFO: [ app_init ] --END-- [ RunTime:0.000000s ]
INFO: [ app_begin ] --START--
INFO: Run Behavior\ReadHtmlCacheBehavior [ RunTime:0.000000s ]
INFO: [ app_begin ] --END-- [ RunTime:0.000000s ]
NOTIC: [8] A session had already been started - ignoring session_start() D:\phpStudy\WWW\15combo\Application\Home\Controller\IndexController.class.php 第 5 行.

[ 2016-11-17T15:10:06+08:00 ] ::1 /th/
INFO: [ app_init ] --START--
INFO: Run Behavior\BuildLiteBehavior [ RunTime:0.000000s ]
INFO: [ app_init ] --END-- [ RunTime:0.000000s ]
INFO: [ app_begin ] --START--
INFO: Run Behavior\ReadHtmlCacheBehavior [ RunTime:0.000000s ]
INFO: [ app_begin ] --END-- [ RunTime:0.000000s ]
NOTIC: [8] A session had already been started - ignoring session_start() D:\phpStudy\WWW\th\Application\Home\Controller\IndexController.class.php 第 5 行.
NOTIC: [8] Undefined offset: 0 D:\phpStudy\WWW\th\uc_client\model\base.php 第 63 行.
NOTIC: [8] Use of undefined constant UC_DBCONNECT - assumed 'UC_DBCONNECT' D:\phpStudy\WWW\th\uc_client\model\base.php 第 74 行.
NOTIC: [8192] mysql_pconnect(): The mysql extension is deprecated and will be removed in the future: use mysqli or PDO instead D:\phpStudy\WWW\th\uc_client\lib\db.class.php 第 37 行.
NOTIC: [2] mysql_pconnect(): Access denied for user 'root'@'localhost' (using password: NO) D:\phpStudy\WWW\th\uc_client\lib\db.class.php 第 37 行.

[ 2016-11-17T15:10:38+08:00 ] ::1 /th/
INFO: [ app_init ] --START--
INFO: Run Behavior\BuildLiteBehavior [ RunTime:0.000000s ]
INFO: [ app_init ] --END-- [ RunTime:0.001000s ]
INFO: [ app_begin ] --START--
INFO: Run Behavior\ReadHtmlCacheBehavior [ RunTime:0.001000s ]
INFO: [ app_begin ] --END-- [ RunTime:0.001000s ]
NOTIC: [8] A session had already been started - ignoring session_start() D:\phpStudy\WWW\th\Application\Home\Controller\IndexController.class.php 第 5 行.
NOTIC: [8] Undefined offset: 0 D:\phpStudy\WWW\th\uc_client\model\base.php 第 63 行.
NOTIC: [8] Use of undefined constant UC_DBCONNECT - assumed 'UC_DBCONNECT' D:\phpStudy\WWW\th\uc_client\model\base.php 第 74 行.
NOTIC: [8192] mysql_pconnect(): The mysql extension is deprecated and will be removed in the future: use mysqli or PDO instead D:\phpStudy\WWW\th\uc_client\lib\db.class.php 第 37 行.
NOTIC: [2] mysql_pconnect(): Access denied for user 'root'@'localhost' (using password: NO) D:\phpStudy\WWW\th\uc_client\lib\db.class.php 第 37 行.

[ 2016-11-17T15:10:40+08:00 ] ::1 /th/
INFO: [ app_init ] --START--
INFO: Run Behavior\BuildLiteBehavior [ RunTime:0.000000s ]
INFO: [ app_init ] --END-- [ RunTime:0.001000s ]
INFO: [ app_begin ] --START--
INFO: Run Behavior\ReadHtmlCacheBehavior [ RunTime:0.001000s ]
INFO: [ app_begin ] --END-- [ RunTime:0.001000s ]
NOTIC: [8] A session had already been started - ignoring session_start() D:\phpStudy\WWW\th\Application\Home\Controller\IndexController.class.php 第 5 行.
NOTIC: [8] Undefined offset: 0 D:\phpStudy\WWW\th\uc_client\model\base.php 第 63 行.
NOTIC: [8] Use of undefined constant UC_DBCONNECT - assumed 'UC_DBCONNECT' D:\phpStudy\WWW\th\uc_client\model\base.php 第 74 行.
NOTIC: [8192] mysql_pconnect(): The mysql extension is deprecated and will be removed in the future: use mysqli or PDO instead D:\phpStudy\WWW\th\uc_client\lib\db.class.php 第 37 行.
NOTIC: [2] mysql_pconnect(): Access denied for user 'root'@'localhost' (using password: NO) D:\phpStudy\WWW\th\uc_client\lib\db.class.php 第 37 行.

[ 2016-11-17T07:11:38+00:00 ] ::1 /th/
INFO: [ app_init ] --START--
INFO: Run Behavior\BuildLiteBehavior [ RunTime:0.000000s ]
INFO: [ app_init ] --END-- [ RunTime:0.000000s ]
INFO: [ app_begin ] --START--
INFO: Run Behavior\ReadHtmlCacheBehavior [ RunTime:0.000000s ]
INFO: [ app_begin ] --END-- [ RunTime:0.000000s ]
NOTIC: [8] A session had already been started - ignoring session_start() D:\phpStudy\WWW\th\Application\Home\Controller\IndexController.class.php 第 5 行.
NOTIC: [8] Undefined offset: 0 D:\phpStudy\WWW\th\uc_client\model\base.php 第 63 行.
NOTIC: [8] Use of undefined constant UC_DBCONNECT - assumed 'UC_DBCONNECT' D:\phpStudy\WWW\th\uc_client\model\base.php 第 74 行.
NOTIC: [8192] mysql_pconnect(): The mysql extension is deprecated and will be removed in the future: use mysqli or PDO instead D:\phpStudy\WWW\th\uc_client\lib\db.class.php 第 37 行.
NOTIC: [2] unserialize() expects parameter 1 to be string, array given D:\phpStudy\WWW\th\uc_client\model\cache.php 第 89 行.

[ 2016-11-17T15:11:52+08:00 ] ::1 /th/
INFO: [ app_init ] --START--
INFO: Run Behavior\BuildLiteBehavior [ RunTime:0.000000s ]
INFO: [ app_init ] --END-- [ RunTime:0.001000s ]
INFO: [ app_begin ] --START--
INFO: Run Behavior\ReadHtmlCacheBehavior [ RunTime:0.001000s ]
INFO: [ app_begin ] --END-- [ RunTime:0.001000s ]
NOTIC: [8] A session had already been started - ignoring session_start() D:\phpStudy\WWW\th\Application\Home\Controller\IndexController.class.php 第 5 行.
NOTIC: [8] Undefined offset: 0 D:\phpStudy\WWW\th\uc_client\model\base.php 第 63 行.
NOTIC: [8] Use of undefined constant UC_DBCONNECT - assumed 'UC_DBCONNECT' D:\phpStudy\WWW\th\uc_client\model\base.php 第 74 行.
NOTIC: [8192] mysql_pconnect(): The mysql extension is deprecated and will be removed in the future: use mysqli or PDO instead D:\phpStudy\WWW\th\uc_client\lib\db.class.php 第 37 行.

[ 2016-11-17T15:12:46+08:00 ] ::1 /th/
INFO: [ app_init ] --START--
INFO: Run Behavior\BuildLiteBehavior [ RunTime:0.000000s ]
INFO: [ app_init ] --END-- [ RunTime:0.001000s ]
INFO: [ app_begin ] --START--
INFO: Run Behavior\ReadHtmlCacheBehavior [ RunTime:0.001000s ]
INFO: [ app_begin ] --END-- [ RunTime:0.001000s ]
NOTIC: [8] A session had already been started - ignoring session_start() D:\phpStudy\WWW\th\Application\Home\Controller\IndexController.class.php 第 5 行.
NOTIC: [8] Undefined offset: 0 D:\phpStudy\WWW\th\uc_client\model\base.php 第 63 行.
NOTIC: [8] Use of undefined constant UC_DBCONNECT - assumed 'UC_DBCONNECT' D:\phpStudy\WWW\th\uc_client\model\base.php 第 74 行.
NOTIC: [8192] mysql_pconnect(): The mysql extension is deprecated and will be removed in the future: use mysqli or PDO instead D:\phpStudy\WWW\th\uc_client\lib\db.class.php 第 37 行.

[ 2016-11-17T15:13:04+08:00 ] ::1 /th/
INFO: [ app_init ] --START--
INFO: Run Behavior\BuildLiteBehavior [ RunTime:0.000000s ]
INFO: [ app_init ] --END-- [ RunTime:0.001000s ]
INFO: [ app_begin ] --START--
INFO: Run Behavior\ReadHtmlCacheBehavior [ RunTime:0.000000s ]
INFO: [ app_begin ] --END-- [ RunTime:0.000000s ]
NOTIC: [8] A session had already been started - ignoring session_start() D:\phpStudy\WWW\th\Application\Home\Controller\IndexController.class.php 第 5 行.
NOTIC: [8] Undefined offset: 0 D:\phpStudy\WWW\th\uc_client\model\base.php 第 63 行.
NOTIC: [8] Use of undefined constant UC_DBCONNECT - assumed 'UC_DBCONNECT' D:\phpStudy\WWW\th\uc_client\model\base.php 第 74 行.
NOTIC: [8192] mysql_pconnect(): The mysql extension is deprecated and will be removed in the future: use mysqli or PDO instead D:\phpStudy\WWW\th\uc_client\lib\db.class.php 第 37 行.

[ 2016-11-17T15:13:27+08:00 ] ::1 /th/
INFO: [ app_init ] --START--
INFO: Run Behavior\BuildLiteBehavior [ RunTime:0.000000s ]
INFO: [ app_init ] --END-- [ RunTime:0.001000s ]
INFO: [ app_begin ] --START--
INFO: Run Behavior\ReadHtmlCacheBehavior [ RunTime:0.001000s ]
INFO: [ app_begin ] --END-- [ RunTime:0.001000s ]
NOTIC: [8] A session had already been started - ignoring session_start() D:\phpStudy\WWW\th\Application\Home\Controller\IndexController.class.php 第 5 行.
NOTIC: [8] Undefined offset: 0 D:\phpStudy\WWW\th\uc_client\model\base.php 第 63 行.
NOTIC: [8] Use of undefined constant UC_DBCONNECT - assumed 'UC_DBCONNECT' D:\phpStudy\WWW\th\uc_client\model\base.php 第 74 行.
NOTIC: [8192] mysql_pconnect(): The mysql extension is deprecated and will be removed in the future: use mysqli or PDO instead D:\phpStudy\WWW\th\uc_client\lib\db.class.php 第 37 行.

[ 2016-11-17T15:13:28+08:00 ] ::1 /th/
INFO: [ app_init ] --START--
INFO: Run Behavior\BuildLiteBehavior [ RunTime:0.000000s ]
INFO: [ app_init ] --END-- [ RunTime:0.001000s ]
INFO: [ app_begin ] --START--
INFO: Run Behavior\ReadHtmlCacheBehavior [ RunTime:0.001000s ]
INFO: [ app_begin ] --END-- [ RunTime:0.001000s ]
NOTIC: [8] A session had already been started - ignoring session_start() D:\phpStudy\WWW\th\Application\Home\Controller\IndexController.class.php 第 5 行.
NOTIC: [8] Undefined offset: 0 D:\phpStudy\WWW\th\uc_client\model\base.php 第 63 行.
NOTIC: [8] Use of undefined constant UC_DBCONNECT - assumed 'UC_DBCONNECT' D:\phpStudy\WWW\th\uc_client\model\base.php 第 74 行.
NOTIC: [8192] mysql_pconnect(): The mysql extension is deprecated and will be removed in the future: use mysqli or PDO instead D:\phpStudy\WWW\th\uc_client\lib\db.class.php 第 37 行.

[ 2016-11-17T15:13:28+08:00 ] ::1 /th/
INFO: [ app_init ] --START--
INFO: Run Behavior\BuildLiteBehavior [ RunTime:0.000000s ]
INFO: [ app_init ] --END-- [ RunTime:0.000000s ]
INFO: [ app_begin ] --START--
INFO: Run Behavior\ReadHtmlCacheBehavior [ RunTime:0.000000s ]
INFO: [ app_begin ] --END-- [ RunTime:0.000000s ]
NOTIC: [8] A session had already been started - ignoring session_start() D:\phpStudy\WWW\th\Application\Home\Controller\IndexController.class.php 第 5 行.
NOTIC: [8] Undefined offset: 0 D:\phpStudy\WWW\th\uc_client\model\base.php 第 63 行.
NOTIC: [8] Use of undefined constant UC_DBCONNECT - assumed 'UC_DBCONNECT' D:\phpStudy\WWW\th\uc_client\model\base.php 第 74 行.
NOTIC: [8192] mysql_pconnect(): The mysql extension is deprecated and will be removed in the future: use mysqli or PDO instead D:\phpStudy\WWW\th\uc_client\lib\db.class.php 第 37 行.

[ 2016-11-17T15:13:32+08:00 ] ::1 /th/
INFO: [ app_init ] --START--
INFO: Run Behavior\BuildLiteBehavior [ RunTime:0.000000s ]
INFO: [ app_init ] --END-- [ RunTime:0.001000s ]
INFO: [ app_begin ] --START--
INFO: Run Behavior\ReadHtmlCacheBehavior [ RunTime:0.000000s ]
INFO: [ app_begin ] --END-- [ RunTime:0.000000s ]
NOTIC: [8] A session had already been started - ignoring session_start() D:\phpStudy\WWW\th\Application\Home\Controller\IndexController.class.php 第 5 行.
NOTIC: [8] Undefined offset: 0 D:\phpStudy\WWW\th\uc_client\model\base.php 第 63 行.
NOTIC: [8] Use of undefined constant UC_DBCONNECT - assumed 'UC_DBCONNECT' D:\phpStudy\WWW\th\uc_client\model\base.php 第 74 行.
NOTIC: [8192] mysql_pconnect(): The mysql extension is deprecated and will be removed in the future: use mysqli or PDO instead D:\phpStudy\WWW\th\uc_client\lib\db.class.php 第 37 行.

[ 2016-11-17T15:13:35+08:00 ] ::1 /th/
INFO: [ app_init ] --START--
INFO: Run Behavior\BuildLiteBehavior [ RunTime:0.000000s ]
INFO: [ app_init ] --END-- [ RunTime:0.000000s ]
INFO: [ app_begin ] --START--
INFO: Run Behavior\ReadHtmlCacheBehavior [ RunTime:0.000000s ]
INFO: [ app_begin ] --END-- [ RunTime:0.001000s ]
NOTIC: [8] A session had already been started - ignoring session_start() D:\phpStudy\WWW\th\Application\Home\Controller\IndexController.class.php 第 5 行.
NOTIC: [8] Undefined offset: 0 D:\phpStudy\WWW\th\uc_client\model\base.php 第 63 行.
NOTIC: [8] Use of undefined constant UC_DBCONNECT - assumed 'UC_DBCONNECT' D:\phpStudy\WWW\th\uc_client\model\base.php 第 74 行.
NOTIC: [8192] mysql_pconnect(): The mysql extension is deprecated and will be removed in the future: use mysqli or PDO instead D:\phpStudy\WWW\th\uc_client\lib\db.class.php 第 37 行.

[ 2016-11-17T15:13:59+08:00 ] ::1 /th/
INFO: [ app_init ] --START--
INFO: Run Behavior\BuildLiteBehavior [ RunTime:0.000000s ]
INFO: [ app_init ] --END-- [ RunTime:0.001000s ]
INFO: [ app_begin ] --START--
INFO: Run Behavior\ReadHtmlCacheBehavior [ RunTime:0.000000s ]
INFO: [ app_begin ] --END-- [ RunTime:0.001000s ]
NOTIC: [8] A session had already been started - ignoring session_start() D:\phpStudy\WWW\th\Application\Home\Controller\IndexController.class.php 第 5 行.
NOTIC: [8] Undefined offset: 0 D:\phpStudy\WWW\th\uc_client\model\base.php 第 63 行.
NOTIC: [8] Use of undefined constant UC_DBCONNECT - assumed 'UC_DBCONNECT' D:\phpStudy\WWW\th\uc_client\model\base.php 第 74 行.
NOTIC: [8192] mysql_pconnect(): The mysql extension is deprecated and will be removed in the future: use mysqli or PDO instead D:\phpStudy\WWW\th\uc_client\lib\db.class.php 第 37 行.

[ 2016-11-17T15:14:00+08:00 ] ::1 /th/
INFO: [ app_init ] --START--
INFO: Run Behavior\BuildLiteBehavior [ RunTime:0.000000s ]
INFO: [ app_init ] --END-- [ RunTime:0.001000s ]
INFO: [ app_begin ] --START--
INFO: Run Behavior\ReadHtmlCacheBehavior [ RunTime:0.001000s ]
INFO: [ app_begin ] --END-- [ RunTime:0.001000s ]
NOTIC: [8] A session had already been started - ignoring session_start() D:\phpStudy\WWW\th\Application\Home\Controller\IndexController.class.php 第 5 行.
NOTIC: [8] Undefined offset: 0 D:\phpStudy\WWW\th\uc_client\model\base.php 第 63 行.
NOTIC: [8] Use of undefined constant UC_DBCONNECT - assumed 'UC_DBCONNECT' D:\phpStudy\WWW\th\uc_client\model\base.php 第 74 行.
NOTIC: [8192] mysql_pconnect(): The mysql extension is deprecated and will be removed in the future: use mysqli or PDO instead D:\phpStudy\WWW\th\uc_client\lib\db.class.php 第 37 行.

[ 2016-11-17T15:14:04+08:00 ] ::1 /th/
INFO: [ app_init ] --START--
INFO: Run Behavior\BuildLiteBehavior [ RunTime:0.000000s ]
INFO: [ app_init ] --END-- [ RunTime:0.001000s ]
INFO: [ app_begin ] --START--
INFO: Run Behavior\ReadHtmlCacheBehavior [ RunTime:0.001000s ]
INFO: [ app_begin ] --END-- [ RunTime:0.001000s ]
NOTIC: [8] A session had already been started - ignoring session_start() D:\phpStudy\WWW\th\Application\Home\Controller\IndexController.class.php 第 5 行.
NOTIC: [8] Undefined offset: 0 D:\phpStudy\WWW\th\uc_client\model\base.php 第 63 行.
NOTIC: [8] Use of undefined constant UC_DBCONNECT - assumed 'UC_DBCONNECT' D:\phpStudy\WWW\th\uc_client\model\base.php 第 74 行.
NOTIC: [8192] mysql_pconnect(): The mysql extension is deprecated and will be removed in the future: use mysqli or PDO instead D:\phpStudy\WWW\th\uc_client\lib\db.class.php 第 37 行.

[ 2016-11-17T15:14:15+08:00 ] ::1 /th/
INFO: [ app_init ] --START--
INFO: Run Behavior\BuildLiteBehavior [ RunTime:0.000000s ]
INFO: [ app_init ] --END-- [ RunTime:0.001000s ]
INFO: [ app_begin ] --START--
INFO: Run Behavior\ReadHtmlCacheBehavior [ RunTime:0.001000s ]
INFO: [ app_begin ] --END-- [ RunTime:0.001000s ]
NOTIC: [8] A session had already been started - ignoring session_start() D:\phpStudy\WWW\th\Application\Home\Controller\IndexController.class.php 第 5 行.
NOTIC: [8] Undefined offset: 0 D:\phpStudy\WWW\th\uc_client\model\base.php 第 63 行.
NOTIC: [8] Use of undefined constant UC_DBCONNECT - assumed 'UC_DBCONNECT' D:\phpStudy\WWW\th\uc_client\model\base.php 第 74 行.
NOTIC: [8192] mysql_pconnect(): The mysql extension is deprecated and will be removed in the future: use mysqli or PDO instead D:\phpStudy\WWW\th\uc_client\lib\db.class.php 第 37 行.

[ 2016-11-17T15:14:49+08:00 ] ::1 /th/
INFO: [ app_init ] --START--
INFO: Run Behavior\BuildLiteBehavior [ RunTime:0.000000s ]
INFO: [ app_init ] --END-- [ RunTime:0.000000s ]
INFO: [ app_begin ] --START--
INFO: Run Behavior\ReadHtmlCacheBehavior [ RunTime:0.000000s ]
INFO: [ app_begin ] --END-- [ RunTime:0.001000s ]
NOTIC: [8] A session had already been started - ignoring session_start() D:\phpStudy\WWW\th\Application\Home\Controller\IndexController.class.php 第 5 行.
NOTIC: [8] Undefined offset: 0 D:\phpStudy\WWW\th\uc_client\model\base.php 第 63 行.
NOTIC: [8] Use of undefined constant UC_DBCONNECT - assumed 'UC_DBCONNECT' D:\phpStudy\WWW\th\uc_client\model\base.php 第 74 行.
NOTIC: [8192] mysql_pconnect(): The mysql extension is deprecated and will be removed in the future: use mysqli or PDO instead D:\phpStudy\WWW\th\uc_client\lib\db.class.php 第 37 行.

[ 2016-11-17T15:15:17+08:00 ] ::1 /th/
INFO: [ app_init ] --START--
INFO: Run Behavior\BuildLiteBehavior [ RunTime:0.000000s ]
INFO: [ app_init ] --END-- [ RunTime:0.001000s ]
INFO: [ app_begin ] --START--
INFO: Run Behavior\ReadHtmlCacheBehavior [ RunTime:0.001000s ]
INFO: [ app_begin ] --END-- [ RunTime:0.001000s ]
NOTIC: [8] A session had already been started - ignoring session_start() D:\phpStudy\WWW\th\Application\Home\Controller\IndexController.class.php 第 5 行.
NOTIC: [8] Undefined offset: 0 D:\phpStudy\WWW\th\uc_client\model\base.php 第 63 行.
NOTIC: [8] Use of undefined constant UC_DBCONNECT - assumed 'UC_DBCONNECT' D:\phpStudy\WWW\th\uc_client\model\base.php 第 74 行.
NOTIC: [8192] mysql_pconnect(): The mysql extension is deprecated and will be removed in the future: use mysqli or PDO instead D:\phpStudy\WWW\th\uc_client\lib\db.class.php 第 37 行.

[ 2016-11-17T15:15:40+08:00 ] ::1 /th/
INFO: [ app_init ] --START--
INFO: Run Behavior\BuildLiteBehavior [ RunTime:0.000000s ]
INFO: [ app_init ] --END-- [ RunTime:0.001000s ]
INFO: [ app_begin ] --START--
INFO: Run Behavior\ReadHtmlCacheBehavior [ RunTime:0.001000s ]
INFO: [ app_begin ] --END-- [ RunTime:0.001000s ]
NOTIC: [8] A session had already been started - ignoring session_start() D:\phpStudy\WWW\th\Application\Home\Controller\IndexController.class.php 第 5 行.

[ 2016-11-17T16:08:56+08:00 ] ::1 /th/
INFO: [ app_init ] --START--
INFO: Run Behavior\BuildLiteBehavior [ RunTime:0.000000s ]
INFO: [ app_init ] --END-- [ RunTime:0.000000s ]
INFO: [ app_begin ] --START--
INFO: Run Behavior\ReadHtmlCacheBehavior [ RunTime:0.001000s ]
INFO: [ app_begin ] --END-- [ RunTime:0.001000s ]
NOTIC: [8] A session had already been started - ignoring session_start() D:\phpStudy\WWW\th\Application\Home\Controller\IndexController.class.php 第 5 行.

