[ 2016-10-28T09:56:26+08:00 ] 127.0.0.1 /15combo/
INFO: [ app_init ] --START--
INFO: Run Behavior\BuildLiteBehavior [ RunTime:0.000000s ]
INFO: [ app_init ] --END-- [ RunTime:0.003000s ]
INFO: [ app_begin ] --START--
INFO: Run Behavior\ReadHtmlCacheBehavior [ RunTime:0.007000s ]
INFO: [ app_begin ] --END-- [ RunTime:0.007000s ]
NOTIC: [8] A session had already been started - ignoring session_start() D:\WWW\15combo\Application\Home\Controller\IndexController.class.php 第 5 行.
SQL: SHOW COLUMNS FROM `gn_user` [ RunTime:0.0690s ]
NOTIC: [8] Undefined index: userinfo D:\WWW\15combo\Application\Home\Controller\LoginController.class.php 第 71 行.
SQL: SELECT `rc` FROM `gn_user` WHERE `id` = null LIMIT 1   [ RunTime:0.0670s ]
SQL: SHOW COLUMNS FROM `gn_website` [ RunTime:0.0670s ]
SQL: SELECT * FROM `gn_website`  [ RunTime:0.0670s ]
SQL: SHOW COLUMNS FROM `gn_playpic` [ RunTime:0.0670s ]
SQL: SELECT * FROM `gn_playpic` WHERE `type` = 2  [ RunTime:0.0660s ]
SQL: SELECT * FROM `gn_playpic` WHERE `type` = 1  [ RunTime:0.0660s ]
SQL: SELECT * FROM `gn_playpic` WHERE `type` = 0  [ RunTime:0.0670s ]
SQL: SHOW COLUMNS FROM `gn_news` [ RunTime:0.0670s ]
SQL: SELECT * FROM `gn_news` WHERE `type` = '通知' ORDER BY createtime DESC LIMIT 3   [ RunTime:0.1340s ]
SQL: SELECT * FROM `gn_news` WHERE `type` = '活动' ORDER BY createtime DESC LIMIT 3   [ RunTime:0.0670s ]
SQL: select * from gn_news where belong = '30'order by is_top desc , createtime desc limit 5 [ RunTime:0.0670s ]
INFO: [ view_parse ] --START--
INFO: [ template_filter ] --START--
INFO: Run Behavior\ContentReplaceBehavior [ RunTime:0.000000s ]
INFO: [ template_filter ] --END-- [ RunTime:0.000000s ]
INFO: Run Behavior\ParseTemplateBehavior [ RunTime:0.059000s ]
INFO: [ view_parse ] --END-- [ RunTime:0.059000s ]
INFO: [ view_filter ] --START--
INFO: Run Behavior\WriteHtmlCacheBehavior [ RunTime:0.001000s ]
INFO: [ view_filter ] --END-- [ RunTime:0.001000s ]
INFO: [ app_end ] --START--
INFO: Run Behavior\ShowPageTraceBehavior [ RunTime:0.014000s ]
INFO: [ app_end ] --END-- [ RunTime:0.014000s ]

[ 2016-10-28T12:13:29+08:00 ] 127.0.0.1 /15combo/
INFO: [ app_init ] --START--
INFO: Run Behavior\BuildLiteBehavior [ RunTime:0.000000s ]
INFO: [ app_init ] --END-- [ RunTime:0.001000s ]
INFO: [ app_begin ] --START--
INFO: Run Behavior\ReadHtmlCacheBehavior [ RunTime:0.000000s ]
INFO: [ app_begin ] --END-- [ RunTime:0.000000s ]
NOTIC: [8] A session had already been started - ignoring session_start() D:\WWW\15combo\Application\Home\Controller\IndexController.class.php 第 5 行.
SQL: SHOW COLUMNS FROM `gn_user` [ RunTime:0.1920s ]
NOTIC: [8] Undefined index: userinfo D:\WWW\15combo\Application\Home\Controller\LoginController.class.php 第 71 行.
SQL: SELECT `rc` FROM `gn_user` WHERE `id` = null LIMIT 1   [ RunTime:0.2030s ]
SQL: SHOW COLUMNS FROM `gn_website` [ RunTime:0.6720s ]
SQL: SELECT * FROM `gn_website`  [ RunTime:0.1990s ]
SQL: SHOW COLUMNS FROM `gn_playpic` [ RunTime:0.2040s ]
SQL: SELECT * FROM `gn_playpic` WHERE `type` = 2  [ RunTime:0.2060s ]
SQL: SELECT * FROM `gn_playpic` WHERE `type` = 1  [ RunTime:0.1840s ]
SQL: SELECT * FROM `gn_playpic` WHERE `type` = 0  [ RunTime:0.1840s ]
SQL: SHOW COLUMNS FROM `gn_news` [ RunTime:0.2040s ]
SQL: SELECT * FROM `gn_news` WHERE `type` = '通知' ORDER BY createtime DESC LIMIT 3   [ RunTime:0.3880s ]
SQL: SELECT * FROM `gn_news` WHERE `type` = '活动' ORDER BY createtime DESC LIMIT 3   [ RunTime:1.1160s ]
SQL: select * from gn_news where belong = '30'order by is_top desc , createtime desc limit 5 [ RunTime:0.1960s ]
INFO: [ view_parse ] --START--
INFO: [ template_filter ] --START--
INFO: Run Behavior\ContentReplaceBehavior [ RunTime:0.000000s ]
INFO: [ template_filter ] --END-- [ RunTime:0.000000s ]
INFO: Run Behavior\ParseTemplateBehavior [ RunTime:0.009000s ]
INFO: [ view_parse ] --END-- [ RunTime:0.009000s ]
INFO: [ view_filter ] --START--
INFO: Run Behavior\WriteHtmlCacheBehavior [ RunTime:0.001000s ]
INFO: [ view_filter ] --END-- [ RunTime:0.001000s ]
INFO: [ app_end ] --START--
INFO: Run Behavior\ShowPageTraceBehavior [ RunTime:0.000000s ]
INFO: [ app_end ] --END-- [ RunTime:0.000000s ]

[ 2016-10-28T18:24:26+08:00 ] 127.0.0.1 /15combo/Index.php
INFO: [ app_init ] --START--
INFO: Run Behavior\BuildLiteBehavior [ RunTime:0.000000s ]
INFO: [ app_init ] --END-- [ RunTime:0.000000s ]
INFO: [ app_begin ] --START--
INFO: Run Behavior\ReadHtmlCacheBehavior [ RunTime:0.000000s ]
INFO: [ app_begin ] --END-- [ RunTime:0.000000s ]
NOTIC: [8] A session had already been started - ignoring session_start() D:\WWW\15combo\Application\Home\Controller\IndexController.class.php 第 5 行.
SQL: SHOW COLUMNS FROM `gn_user` [ RunTime:0.1720s ]
NOTIC: [8] Undefined index: userinfo D:\WWW\15combo\Application\Home\Controller\LoginController.class.php 第 71 行.
SQL: SELECT `rc` FROM `gn_user` WHERE `id` = null LIMIT 1   [ RunTime:0.1680s ]
SQL: SHOW COLUMNS FROM `gn_website` [ RunTime:0.1730s ]
SQL: SELECT * FROM `gn_website`  [ RunTime:0.1720s ]
SQL: SHOW COLUMNS FROM `gn_playpic` [ RunTime:0.1710s ]
SQL: SELECT * FROM `gn_playpic` WHERE `type` = 2  [ RunTime:0.1720s ]
SQL: SELECT * FROM `gn_playpic` WHERE `type` = 1  [ RunTime:0.1710s ]
SQL: SELECT * FROM `gn_playpic` WHERE `type` = 0  [ RunTime:0.1710s ]
SQL: SHOW COLUMNS FROM `gn_news` [ RunTime:0.1720s ]
SQL: SELECT * FROM `gn_news` WHERE `type` = '通知' ORDER BY createtime DESC LIMIT 3   [ RunTime:0.3420s ]
SQL: SELECT * FROM `gn_news` WHERE `type` = '活动' ORDER BY createtime DESC LIMIT 3   [ RunTime:0.1720s ]
SQL: select * from gn_news where belong = '30'order by is_top desc , createtime desc limit 5 [ RunTime:0.1720s ]
INFO: [ view_parse ] --START--
INFO: [ template_filter ] --START--
INFO: Run Behavior\ContentReplaceBehavior [ RunTime:0.000000s ]
INFO: [ template_filter ] --END-- [ RunTime:0.000000s ]
INFO: Run Behavior\ParseTemplateBehavior [ RunTime:0.005000s ]
INFO: [ view_parse ] --END-- [ RunTime:0.005000s ]
INFO: [ view_filter ] --START--
INFO: Run Behavior\WriteHtmlCacheBehavior [ RunTime:0.001000s ]
INFO: [ view_filter ] --END-- [ RunTime:0.001000s ]
INFO: [ app_end ] --START--
INFO: Run Behavior\ShowPageTraceBehavior [ RunTime:0.000000s ]
INFO: [ app_end ] --END-- [ RunTime:0.000000s ]

