[ 2016-10-31T10:19:35+08:00 ] 127.0.0.1 /15combo/
INFO: [ app_init ] --START--
INFO: Run Behavior\BuildLiteBehavior [ RunTime:0.000000s ]
INFO: [ app_init ] --END-- [ RunTime:0.002000s ]
INFO: [ app_begin ] --START--
INFO: Run Behavior\ReadHtmlCacheBehavior [ RunTime:0.017000s ]
INFO: [ app_begin ] --END-- [ RunTime:0.017000s ]
NOTIC: [8] A session had already been started - ignoring session_start() D:\WWW\15combo\Application\Home\Controller\IndexController.class.php 第 5 行.
SQL: SHOW COLUMNS FROM `gn_user` [ RunTime:0.3020s ]
NOTIC: [8] Undefined index: userinfo D:\WWW\15combo\Application\Home\Controller\LoginController.class.php 第 71 行.
SQL: SELECT `rc` FROM `gn_user` WHERE `id` = null LIMIT 1   [ RunTime:0.2950s ]
SQL: SHOW COLUMNS FROM `gn_website` [ RunTime:0.2970s ]
SQL: SELECT * FROM `gn_website`  [ RunTime:0.9680s ]
SQL: SHOW COLUMNS FROM `gn_playpic` [ RunTime:0.2990s ]
SQL: SELECT * FROM `gn_playpic` WHERE `type` = 2  [ RunTime:0.3030s ]
SQL: SELECT * FROM `gn_playpic` WHERE `type` = 1  [ RunTime:0.2960s ]
SQL: SELECT * FROM `gn_playpic` WHERE `type` = 0  [ RunTime:0.3010s ]
SQL: SHOW COLUMNS FROM `gn_news` [ RunTime:0.8480s ]
SQL: SELECT * FROM `gn_news` WHERE `type` = '通知' ORDER BY createtime DESC LIMIT 3   [ RunTime:2.8280s ]
SQL: SELECT * FROM `gn_news` WHERE `type` = '活动' ORDER BY createtime DESC LIMIT 3   [ RunTime:2.7300s ]
SQL: select * from gn_news where belong = '30'order by is_top desc , createtime desc limit 5 [ RunTime:0.2840s ]
INFO: [ view_parse ] --START--
INFO: [ template_filter ] --START--
INFO: Run Behavior\ContentReplaceBehavior [ RunTime:0.000000s ]
INFO: [ template_filter ] --END-- [ RunTime:0.000000s ]
INFO: Run Behavior\ParseTemplateBehavior [ RunTime:0.084000s ]
INFO: [ view_parse ] --END-- [ RunTime:0.084000s ]
INFO: [ view_filter ] --START--
INFO: Run Behavior\WriteHtmlCacheBehavior [ RunTime:0.012000s ]
INFO: [ view_filter ] --END-- [ RunTime:0.012000s ]
INFO: [ app_end ] --START--
INFO: Run Behavior\ShowPageTraceBehavior [ RunTime:0.011000s ]
INFO: [ app_end ] --END-- [ RunTime:0.011000s ]

