[ 2016-09-20T11:27:34+08:00 ] 127.0.0.1 /gamenoll.com/admin.php/
INFO: [ app_init ] --START--
INFO: Run Behavior\BuildLiteBehavior [ RunTime:0.000000s ]
INFO: [ app_init ] --END-- [ RunTime:0.001000s ]

[ 2016-09-20T11:27:34+08:00 ] 127.0.0.1 /gamenoll.com/admin.php/Login/login.html
INFO: [ app_init ] --START--
INFO: Run Behavior\BuildLiteBehavior [ RunTime:0.000000s ]
INFO: [ app_init ] --END-- [ RunTime:0.000000s ]

[ 2016-09-20T11:27:37+08:00 ] 127.0.0.1 /gamenoll.com/admin.php/Login/login
INFO: [ app_init ] --START--
INFO: Run Behavior\BuildLiteBehavior [ RunTime:0.000000s ]
INFO: [ app_init ] --END-- [ RunTime:0.000000s ]

[ 2016-09-20T11:27:37+08:00 ] 127.0.0.1 /gamenoll.com/admin.php/Index/index.html
INFO: [ app_init ] --START--
INFO: Run Behavior\BuildLiteBehavior [ RunTime:0.000000s ]
INFO: [ app_init ] --END-- [ RunTime:0.001000s ]

[ 2016-09-20T11:27:45+08:00 ] 127.0.0.1 /gamenoll.com/admin.php/Playpic/index.html
INFO: [ app_init ] --START--
INFO: Run Behavior\BuildLiteBehavior [ RunTime:0.000000s ]
INFO: [ app_init ] --END-- [ RunTime:0.000000s ]

[ 2016-09-20T11:30:16+08:00 ] 127.0.0.1 /gamenoll.com/admin.php/Playpic/add.html
INFO: [ app_init ] --START--
INFO: Run Behavior\BuildLiteBehavior [ RunTime:0.000000s ]
INFO: [ app_init ] --END-- [ RunTime:0.000000s ]

[ 2016-09-20T11:30:24+08:00 ] 127.0.0.1 /gamenoll.com/admin.php/Playpic/index.html
INFO: [ app_init ] --START--
INFO: Run Behavior\BuildLiteBehavior [ RunTime:0.000000s ]
INFO: [ app_init ] --END-- [ RunTime:0.010000s ]

[ 2016-09-20T11:30:46+08:00 ] 127.0.0.1 /gamenoll.com/admin.php/Playpic/add.html
INFO: [ app_init ] --START--
INFO: Run Behavior\BuildLiteBehavior [ RunTime:0.000000s ]
INFO: [ app_init ] --END-- [ RunTime:0.000000s ]

[ 2016-09-20T11:30:48+08:00 ] 127.0.0.1 /gamenoll.com/admin.php/Playpic/index.html
INFO: [ app_init ] --START--
INFO: Run Behavior\BuildLiteBehavior [ RunTime:0.000000s ]
INFO: [ app_init ] --END-- [ RunTime:0.000000s ]

[ 2016-09-20T11:30:55+08:00 ] 127.0.0.1 /gamenoll.com/admin.php/Playpic/index/p/2.html
INFO: [ app_init ] --START--
INFO: Run Behavior\BuildLiteBehavior [ RunTime:0.000000s ]
INFO: [ app_init ] --END-- [ RunTime:0.000000s ]

[ 2016-09-20T11:30:57+08:00 ] 127.0.0.1 /gamenoll.com/admin.php/Playpic/index/p/1.html
INFO: [ app_init ] --START--
INFO: Run Behavior\BuildLiteBehavior [ RunTime:0.000000s ]
INFO: [ app_init ] --END-- [ RunTime:0.000000s ]

[ 2016-09-20T11:31:09+08:00 ] 127.0.0.1 /gamenoll.com/admin.php/Playpic/add.html
INFO: [ app_init ] --START--
INFO: Run Behavior\BuildLiteBehavior [ RunTime:0.000000s ]
INFO: [ app_init ] --END-- [ RunTime:0.010000s ]

[ 2016-09-20T11:31:10+08:00 ] 127.0.0.1 /gamenoll.com/admin.php/Playpic/index.html
INFO: [ app_init ] --START--
INFO: Run Behavior\BuildLiteBehavior [ RunTime:0.000000s ]
INFO: [ app_init ] --END-- [ RunTime:0.000000s ]

[ 2016-09-20T11:31:11+08:00 ] 127.0.0.1 /gamenoll.com/admin.php/Playpic/add.html
INFO: [ app_init ] --START--
INFO: Run Behavior\BuildLiteBehavior [ RunTime:0.000000s ]
INFO: [ app_init ] --END-- [ RunTime:0.000000s ]

[ 2016-09-20T11:37:37+08:00 ] 127.0.0.1 /gamenoll.com/admin.php/Playpic/add.html
INFO: [ app_init ] --START--
INFO: Run Behavior\BuildLiteBehavior [ RunTime:0.000000s ]
INFO: [ app_init ] --END-- [ RunTime:0.000000s ]

[ 2016-09-20T11:37:44+08:00 ] 127.0.0.1 /gamenoll.com/admin.php/Playpic/add.html
INFO: [ app_init ] --START--
INFO: Run Behavior\BuildLiteBehavior [ RunTime:0.000000s ]
INFO: [ app_init ] --END-- [ RunTime:0.000000s ]

[ 2016-09-20T11:37:45+08:00 ] 127.0.0.1 /gamenoll.com/admin.php/Playpic/add.html
INFO: [ app_init ] --START--
INFO: Run Behavior\BuildLiteBehavior [ RunTime:0.000000s ]
INFO: [ app_init ] --END-- [ RunTime:0.000000s ]

[ 2016-09-20T11:37:46+08:00 ] 127.0.0.1 /gamenoll.com/admin.php/Playpic/add.html
INFO: [ app_init ] --START--
INFO: Run Behavior\BuildLiteBehavior [ RunTime:0.000000s ]
INFO: [ app_init ] --END-- [ RunTime:0.001000s ]

[ 2016-09-20T11:38:34+08:00 ] 127.0.0.1 /gamenoll.com/admin.php/Games/add.html
INFO: [ app_init ] --START--
INFO: Run Behavior\BuildLiteBehavior [ RunTime:0.000000s ]
INFO: [ app_init ] --END-- [ RunTime:0.001000s ]

[ 2016-09-20T11:38:37+08:00 ] 127.0.0.1 /gamenoll.com/admin.php/Games/index.html
INFO: [ app_init ] --START--
INFO: Run Behavior\BuildLiteBehavior [ RunTime:0.000000s ]
INFO: [ app_init ] --END-- [ RunTime:0.000000s ]

[ 2016-09-20T11:38:38+08:00 ] 127.0.0.1 /gamenoll.com/admin.php/Games/server_add.html
INFO: [ app_init ] --START--
INFO: Run Behavior\BuildLiteBehavior [ RunTime:0.000000s ]
INFO: [ app_init ] --END-- [ RunTime:0.000000s ]

[ 2016-09-20T11:39:11+08:00 ] 127.0.0.1 /gamenoll.com/admin.php/Playpic/add.html
INFO: [ app_init ] --START--
INFO: Run Behavior\BuildLiteBehavior [ RunTime:0.000000s ]
INFO: [ app_init ] --END-- [ RunTime:0.001001s ]

[ 2016-09-20T11:39:11+08:00 ] 127.0.0.1 /gamenoll.com/admin.php/Playpic/add.html
INFO: [ app_init ] --START--
INFO: Run Behavior\BuildLiteBehavior [ RunTime:0.000000s ]
INFO: [ app_init ] --END-- [ RunTime:0.000000s ]

[ 2016-09-20T11:41:32+08:00 ] 127.0.0.1 /gamenoll.com/admin.php/Playpic/add.html
INFO: [ app_init ] --START--
INFO: Run Behavior\BuildLiteBehavior [ RunTime:0.000000s ]
INFO: [ app_init ] --END-- [ RunTime:0.000000s ]

[ 2016-09-20T11:42:02+08:00 ] 127.0.0.1 /gamenoll.com/admin.php/Playpic/add.html
INFO: [ app_init ] --START--
INFO: Run Behavior\BuildLiteBehavior [ RunTime:0.000000s ]
INFO: [ app_init ] --END-- [ RunTime:0.000000s ]

[ 2016-09-20T11:42:28+08:00 ] 127.0.0.1 /gamenoll.com/admin.php/Playpic/add
INFO: [ app_init ] --START--
INFO: Run Behavior\BuildLiteBehavior [ RunTime:0.000000s ]
INFO: [ app_init ] --END-- [ RunTime:0.001000s ]

[ 2016-09-20T11:42:29+08:00 ] 127.0.0.1 /gamenoll.com/admin.php/Playpic/index
INFO: [ app_init ] --START--
INFO: Run Behavior\BuildLiteBehavior [ RunTime:0.000000s ]
INFO: [ app_init ] --END-- [ RunTime:0.000000s ]

[ 2016-09-20T11:43:34+08:00 ] 127.0.0.1 /gamenoll.com/admin.php/Playpic/index
INFO: [ app_init ] --START--
INFO: Run Behavior\BuildLiteBehavior [ RunTime:0.000000s ]
INFO: [ app_init ] --END-- [ RunTime:0.001000s ]

[ 2016-09-20T11:43:37+08:00 ] 127.0.0.1 /gamenoll.com/admin.php/Playpic/add.html
INFO: [ app_init ] --START--
INFO: Run Behavior\BuildLiteBehavior [ RunTime:0.000000s ]
INFO: [ app_init ] --END-- [ RunTime:0.001000s ]

[ 2016-09-20T11:43:52+08:00 ] 127.0.0.1 /gamenoll.com/admin.php/Playpic/add
INFO: [ app_init ] --START--
INFO: Run Behavior\BuildLiteBehavior [ RunTime:0.000000s ]
INFO: [ app_init ] --END-- [ RunTime:0.001000s ]

[ 2016-09-20T11:43:54+08:00 ] 127.0.0.1 /gamenoll.com/admin.php/Playpic/index
INFO: [ app_init ] --START--
INFO: Run Behavior\BuildLiteBehavior [ RunTime:0.000000s ]
INFO: [ app_init ] --END-- [ RunTime:0.000000s ]

[ 2016-09-20T11:46:22+08:00 ] 127.0.0.1 /gamenoll.com/admin.php/Playpic/add.html
INFO: [ app_init ] --START--
INFO: Run Behavior\BuildLiteBehavior [ RunTime:0.000000s ]
INFO: [ app_init ] --END-- [ RunTime:0.000000s ]

[ 2016-09-20T11:46:24+08:00 ] 127.0.0.1 /gamenoll.com/admin.php/Playpic/index.html
INFO: [ app_init ] --START--
INFO: Run Behavior\BuildLiteBehavior [ RunTime:0.000000s ]
INFO: [ app_init ] --END-- [ RunTime:0.001000s ]

[ 2016-09-20T11:50:38+08:00 ] 127.0.0.1 /gamenoll.com/admin.php/Playpic/index.html
INFO: [ app_init ] --START--
INFO: Run Behavior\BuildLiteBehavior [ RunTime:0.000000s ]
INFO: [ app_init ] --END-- [ RunTime:0.001000s ]
ERR: 1146:Table 'gamenoll.playpic' doesn't exist
 [ SQL语句 ] : SHOW COLUMNS FROM `playpic`

[ 2016-09-20T11:51:27+08:00 ] 127.0.0.1 /gamenoll.com/admin.php/Playpic/index.html
INFO: [ app_init ] --START--
INFO: Run Behavior\BuildLiteBehavior [ RunTime:0.000000s ]
INFO: [ app_init ] --END-- [ RunTime:0.000000s ]

[ 2016-09-20T11:53:42+08:00 ] 127.0.0.1 /gamenoll.com/admin.php/Playpic/index.html
INFO: [ app_init ] --START--
INFO: Run Behavior\BuildLiteBehavior [ RunTime:0.000000s ]
INFO: [ app_init ] --END-- [ RunTime:0.000000s ]

[ 2016-09-20T11:54:09+08:00 ] 127.0.0.1 /gamenoll.com/admin.php/Playpic/index.html
INFO: [ app_init ] --START--
INFO: Run Behavior\BuildLiteBehavior [ RunTime:0.000000s ]
INFO: [ app_init ] --END-- [ RunTime:0.000000s ]

[ 2016-09-20T11:54:43+08:00 ] 127.0.0.1 /gamenoll.com/admin.php/Playpic/index.html
INFO: [ app_init ] --START--
INFO: Run Behavior\BuildLiteBehavior [ RunTime:0.000000s ]
INFO: [ app_init ] --END-- [ RunTime:0.000000s ]

[ 2016-09-20T11:56:21+08:00 ] 127.0.0.1 /gamenoll.com/admin.php/Playpic/index.html
INFO: [ app_init ] --START--
INFO: Run Behavior\BuildLiteBehavior [ RunTime:0.000000s ]
INFO: [ app_init ] --END-- [ RunTime:0.000000s ]

[ 2016-09-20T11:56:43+08:00 ] 127.0.0.1 /gamenoll.com/admin.php/Playpic/index.html
INFO: [ app_init ] --START--
INFO: Run Behavior\BuildLiteBehavior [ RunTime:0.000000s ]
INFO: [ app_init ] --END-- [ RunTime:0.001000s ]

[ 2016-09-20T11:57:37+08:00 ] 127.0.0.1 /gamenoll.com/admin.php/Playpic/mod/id/93.html
INFO: [ app_init ] --START--
INFO: Run Behavior\BuildLiteBehavior [ RunTime:0.000000s ]
INFO: [ app_init ] --END-- [ RunTime:0.001000s ]

[ 2016-09-20T11:58:29+08:00 ] 127.0.0.1 /gamenoll.com/admin.php/Games/index.html
INFO: [ app_init ] --START--
INFO: Run Behavior\BuildLiteBehavior [ RunTime:0.000000s ]
INFO: [ app_init ] --END-- [ RunTime:0.000000s ]

[ 2016-09-20T11:58:31+08:00 ] 127.0.0.1 /gamenoll.com/admin.php/Games/mod/g_id/30.html
INFO: [ app_init ] --START--
INFO: Run Behavior\BuildLiteBehavior [ RunTime:0.000000s ]
INFO: [ app_init ] --END-- [ RunTime:0.000000s ]

[ 2016-09-20T11:58:35+08:00 ] 127.0.0.1 /gamenoll.com/admin.php/Games/server.html
INFO: [ app_init ] --START--
INFO: Run Behavior\BuildLiteBehavior [ RunTime:0.000000s ]
INFO: [ app_init ] --END-- [ RunTime:0.001000s ]

[ 2016-09-20T11:58:37+08:00 ] 127.0.0.1 /gamenoll.com/admin.php/Games/server_mod/s_id/23.html
INFO: [ app_init ] --START--
INFO: Run Behavior\BuildLiteBehavior [ RunTime:0.000000s ]
INFO: [ app_init ] --END-- [ RunTime:0.000000s ]

[ 2016-09-20T12:00:54+08:00 ] 127.0.0.1 /gamenoll.com/admin.php/Games/index.html
INFO: [ app_init ] --START--
INFO: Run Behavior\BuildLiteBehavior [ RunTime:0.000000s ]
INFO: [ app_init ] --END-- [ RunTime:0.001000s ]

[ 2016-09-20T12:00:55+08:00 ] 127.0.0.1 /gamenoll.com/admin.php/Games/add.html
INFO: [ app_init ] --START--
INFO: Run Behavior\BuildLiteBehavior [ RunTime:0.000000s ]
INFO: [ app_init ] --END-- [ RunTime:0.001000s ]

[ 2016-09-20T12:00:55+08:00 ] 127.0.0.1 /gamenoll.com/admin.php/Games/index.html
INFO: [ app_init ] --START--
INFO: Run Behavior\BuildLiteBehavior [ RunTime:0.000000s ]
INFO: [ app_init ] --END-- [ RunTime:0.000000s ]

[ 2016-09-20T12:00:58+08:00 ] 127.0.0.1 /gamenoll.com/admin.php/Playpic/index.html
INFO: [ app_init ] --START--
INFO: Run Behavior\BuildLiteBehavior [ RunTime:0.000000s ]
INFO: [ app_init ] --END-- [ RunTime:0.000000s ]

[ 2016-09-20T12:01:00+08:00 ] 127.0.0.1 /gamenoll.com/admin.php/Playpic/mod/id/93.html
INFO: [ app_init ] --START--
INFO: Run Behavior\BuildLiteBehavior [ RunTime:0.000000s ]
INFO: [ app_init ] --END-- [ RunTime:0.001000s ]

[ 2016-09-20T12:01:05+08:00 ] 127.0.0.1 /gamenoll.com/admin.php/Playpic/mod/id/91.html
INFO: [ app_init ] --START--
INFO: Run Behavior\BuildLiteBehavior [ RunTime:0.000000s ]
INFO: [ app_init ] --END-- [ RunTime:0.001000s ]

[ 2016-09-20T12:01:08+08:00 ] 127.0.0.1 /gamenoll.com/admin.php/Playpic/mod/id/87.html
INFO: [ app_init ] --START--
INFO: Run Behavior\BuildLiteBehavior [ RunTime:0.000000s ]
INFO: [ app_init ] --END-- [ RunTime:0.000000s ]

[ 2016-09-20T12:01:16+08:00 ] 127.0.0.1 /gamenoll.com/admin.php/Playpic/mod/id/93.html
INFO: [ app_init ] --START--
INFO: Run Behavior\BuildLiteBehavior [ RunTime:0.000000s ]
INFO: [ app_init ] --END-- [ RunTime:0.001000s ]

[ 2016-09-20T12:01:36+08:00 ] 127.0.0.1 /gamenoll.com/admin.php/Playpic/mod/id/93.html
INFO: [ app_init ] --START--
INFO: Run Behavior\BuildLiteBehavior [ RunTime:0.000000s ]
INFO: [ app_init ] --END-- [ RunTime:0.000000s ]

[ 2016-09-20T12:01:41+08:00 ] 127.0.0.1 /gamenoll.com/admin.php/Playpic/index.html
INFO: [ app_init ] --START--
INFO: Run Behavior\BuildLiteBehavior [ RunTime:0.000000s ]
INFO: [ app_init ] --END-- [ RunTime:0.001000s ]

[ 2016-09-20T12:01:45+08:00 ] 127.0.0.1 /gamenoll.com/admin.php/Playpic/mod/id/93.html
INFO: [ app_init ] --START--
INFO: Run Behavior\BuildLiteBehavior [ RunTime:0.000000s ]
INFO: [ app_init ] --END-- [ RunTime:0.000000s ]

[ 2016-09-20T12:01:47+08:00 ] 127.0.0.1 /gamenoll.com/admin.php/Playpic/domod
INFO: [ app_init ] --START--
INFO: Run Behavior\BuildLiteBehavior [ RunTime:0.000000s ]
INFO: [ app_init ] --END-- [ RunTime:0.000000s ]

[ 2016-09-20T12:01:48+08:00 ] 127.0.0.1 /gamenoll.com/admin.php/Playpic/index
INFO: [ app_init ] --START--
INFO: Run Behavior\BuildLiteBehavior [ RunTime:0.000000s ]
INFO: [ app_init ] --END-- [ RunTime:0.000000s ]

[ 2016-09-20T12:01:52+08:00 ] 127.0.0.1 /gamenoll.com/admin.php/Playpic/mod/id/93.html
INFO: [ app_init ] --START--
INFO: Run Behavior\BuildLiteBehavior [ RunTime:0.000000s ]
INFO: [ app_init ] --END-- [ RunTime:0.001000s ]

[ 2016-09-20T12:01:54+08:00 ] 127.0.0.1 /gamenoll.com/admin.php/Playpic/domod
INFO: [ app_init ] --START--
INFO: Run Behavior\BuildLiteBehavior [ RunTime:0.000000s ]
INFO: [ app_init ] --END-- [ RunTime:0.001000s ]

[ 2016-09-20T12:01:55+08:00 ] 127.0.0.1 /gamenoll.com/admin.php/Playpic/index
INFO: [ app_init ] --START--
INFO: Run Behavior\BuildLiteBehavior [ RunTime:0.000000s ]
INFO: [ app_init ] --END-- [ RunTime:0.001000s ]

[ 2016-09-20T12:02:38+08:00 ] 127.0.0.1 /gamenoll.com/admin.php/Playpic/index
INFO: [ app_init ] --START--
INFO: Run Behavior\BuildLiteBehavior [ RunTime:0.000000s ]
INFO: [ app_init ] --END-- [ RunTime:0.001000s ]

[ 2016-09-20T12:02:45+08:00 ] 127.0.0.1 /gamenoll.com/admin.php/Playpic/index
INFO: [ app_init ] --START--
INFO: Run Behavior\BuildLiteBehavior [ RunTime:0.000000s ]
INFO: [ app_init ] --END-- [ RunTime:0.001000s ]

[ 2016-09-20T12:02:47+08:00 ] 127.0.0.1 /gamenoll.com/admin.php/Playpic/mod/id/93.html
INFO: [ app_init ] --START--
INFO: Run Behavior\BuildLiteBehavior [ RunTime:0.000000s ]
INFO: [ app_init ] --END-- [ RunTime:0.000000s ]

[ 2016-09-20T12:02:49+08:00 ] 127.0.0.1 /gamenoll.com/admin.php/Playpic/domod
INFO: [ app_init ] --START--
INFO: Run Behavior\BuildLiteBehavior [ RunTime:0.000000s ]
INFO: [ app_init ] --END-- [ RunTime:0.000000s ]

[ 2016-09-20T12:02:50+08:00 ] 127.0.0.1 /gamenoll.com/admin.php/Playpic/index
INFO: [ app_init ] --START--
INFO: Run Behavior\BuildLiteBehavior [ RunTime:0.000000s ]
INFO: [ app_init ] --END-- [ RunTime:0.001000s ]

[ 2016-09-20T12:03:45+08:00 ] 127.0.0.1 /gamenoll.com/admin.php/Playpic/index
INFO: [ app_init ] --START--
INFO: Run Behavior\BuildLiteBehavior [ RunTime:0.000000s ]
INFO: [ app_init ] --END-- [ RunTime:0.000000s ]

[ 2016-09-20T12:03:47+08:00 ] 127.0.0.1 /gamenoll.com/admin.php/Playpic/mod/id/93.html
INFO: [ app_init ] --START--
INFO: Run Behavior\BuildLiteBehavior [ RunTime:0.000000s ]
INFO: [ app_init ] --END-- [ RunTime:0.000000s ]

[ 2016-09-20T12:03:49+08:00 ] 127.0.0.1 /gamenoll.com/admin.php/Playpic/domod
INFO: [ app_init ] --START--
INFO: Run Behavior\BuildLiteBehavior [ RunTime:0.000000s ]
INFO: [ app_init ] --END-- [ RunTime:0.000000s ]

[ 2016-09-20T12:03:50+08:00 ] 127.0.0.1 /gamenoll.com/admin.php/Playpic/index
INFO: [ app_init ] --START--
INFO: Run Behavior\BuildLiteBehavior [ RunTime:0.000000s ]
INFO: [ app_init ] --END-- [ RunTime:0.000000s ]

[ 2016-09-20T12:03:52+08:00 ] 127.0.0.1 /gamenoll.com/admin.php/Playpic/mod/id/93.html
INFO: [ app_init ] --START--
INFO: Run Behavior\BuildLiteBehavior [ RunTime:0.000000s ]
INFO: [ app_init ] --END-- [ RunTime:0.000000s ]

[ 2016-09-20T12:04:03+08:00 ] 127.0.0.1 /gamenoll.com/admin.php/Playpic/domod
INFO: [ app_init ] --START--
INFO: Run Behavior\BuildLiteBehavior [ RunTime:0.000000s ]
INFO: [ app_init ] --END-- [ RunTime:0.000000s ]

[ 2016-09-20T12:04:04+08:00 ] 127.0.0.1 /gamenoll.com/admin.php/Playpic/index
INFO: [ app_init ] --START--
INFO: Run Behavior\BuildLiteBehavior [ RunTime:0.000000s ]
INFO: [ app_init ] --END-- [ RunTime:0.000000s ]

[ 2016-09-20T12:04:09+08:00 ] 127.0.0.1 /gamenoll.com/admin.php/Playpic/mod/id/93.html
INFO: [ app_init ] --START--
INFO: Run Behavior\BuildLiteBehavior [ RunTime:0.000000s ]
INFO: [ app_init ] --END-- [ RunTime:0.001001s ]

[ 2016-09-20T12:04:18+08:00 ] 127.0.0.1 /gamenoll.com/admin.php/Playpic/domod
INFO: [ app_init ] --START--
INFO: Run Behavior\BuildLiteBehavior [ RunTime:0.000000s ]
INFO: [ app_init ] --END-- [ RunTime:0.000000s ]

[ 2016-09-20T12:04:19+08:00 ] 127.0.0.1 /gamenoll.com/admin.php/Playpic/index
INFO: [ app_init ] --START--
INFO: Run Behavior\BuildLiteBehavior [ RunTime:0.000000s ]
INFO: [ app_init ] --END-- [ RunTime:0.001000s ]

[ 2016-09-20T12:04:23+08:00 ] 127.0.0.1 /gamenoll.com/admin.php/Playpic/mod/id/93.html
INFO: [ app_init ] --START--
INFO: Run Behavior\BuildLiteBehavior [ RunTime:0.000000s ]
INFO: [ app_init ] --END-- [ RunTime:0.000000s ]

[ 2016-09-20T12:04:27+08:00 ] 127.0.0.1 /gamenoll.com/admin.php/Playpic/domod
INFO: [ app_init ] --START--
INFO: Run Behavior\BuildLiteBehavior [ RunTime:0.000000s ]
INFO: [ app_init ] --END-- [ RunTime:0.000000s ]

[ 2016-09-20T12:04:28+08:00 ] 127.0.0.1 /gamenoll.com/admin.php/Playpic/index
INFO: [ app_init ] --START--
INFO: Run Behavior\BuildLiteBehavior [ RunTime:0.000000s ]
INFO: [ app_init ] --END-- [ RunTime:0.000000s ]

[ 2016-09-20T12:04:53+08:00 ] 127.0.0.1 /gamenoll.com/admin.php/Playpic/index
INFO: [ app_init ] --START--
INFO: Run Behavior\BuildLiteBehavior [ RunTime:0.000000s ]
INFO: [ app_init ] --END-- [ RunTime:0.001000s ]

[ 2016-09-20T12:04:54+08:00 ] 127.0.0.1 /gamenoll.com/admin.php/Playpic/index
INFO: [ app_init ] --START--
INFO: Run Behavior\BuildLiteBehavior [ RunTime:0.000000s ]
INFO: [ app_init ] --END-- [ RunTime:0.000000s ]

[ 2016-09-20T12:04:55+08:00 ] 127.0.0.1 /gamenoll.com/admin.php/Playpic/index
INFO: [ app_init ] --START--
INFO: Run Behavior\BuildLiteBehavior [ RunTime:0.000000s ]
INFO: [ app_init ] --END-- [ RunTime:0.001000s ]

[ 2016-09-20T12:05:58+08:00 ] 127.0.0.1 /gamenoll.com/admin.php/Playpic/index
INFO: [ app_init ] --START--
INFO: Run Behavior\BuildLiteBehavior [ RunTime:0.000000s ]
INFO: [ app_init ] --END-- [ RunTime:0.000000s ]

[ 2016-09-20T12:06:00+08:00 ] 127.0.0.1 /gamenoll.com/admin.php/Playpic/mod/id/93.html
INFO: [ app_init ] --START--
INFO: Run Behavior\BuildLiteBehavior [ RunTime:0.000000s ]
INFO: [ app_init ] --END-- [ RunTime:0.000000s ]

[ 2016-09-20T12:06:04+08:00 ] 127.0.0.1 /gamenoll.com/admin.php/Playpic/domod
INFO: [ app_init ] --START--
INFO: Run Behavior\BuildLiteBehavior [ RunTime:0.000000s ]
INFO: [ app_init ] --END-- [ RunTime:0.000000s ]

[ 2016-09-20T12:06:05+08:00 ] 127.0.0.1 /gamenoll.com/admin.php/Playpic/index
INFO: [ app_init ] --START--
INFO: Run Behavior\BuildLiteBehavior [ RunTime:0.000000s ]
INFO: [ app_init ] --END-- [ RunTime:0.001000s ]

[ 2016-09-20T12:06:07+08:00 ] 127.0.0.1 /gamenoll.com/admin.php/Playpic/mod/id/93.html
INFO: [ app_init ] --START--
INFO: Run Behavior\BuildLiteBehavior [ RunTime:0.000000s ]
INFO: [ app_init ] --END-- [ RunTime:0.000000s ]

[ 2016-09-20T12:06:10+08:00 ] 127.0.0.1 /gamenoll.com/admin.php/Playpic/domod
INFO: [ app_init ] --START--
INFO: Run Behavior\BuildLiteBehavior [ RunTime:0.000000s ]
INFO: [ app_init ] --END-- [ RunTime:0.001000s ]

[ 2016-09-20T12:06:11+08:00 ] 127.0.0.1 /gamenoll.com/admin.php/Playpic/index
INFO: [ app_init ] --START--
INFO: Run Behavior\BuildLiteBehavior [ RunTime:0.000000s ]
INFO: [ app_init ] --END-- [ RunTime:0.001000s ]

[ 2016-09-20T12:06:19+08:00 ] 127.0.0.1 /gamenoll.com/admin.php/Playpic/index.html
INFO: [ app_init ] --START--
INFO: Run Behavior\BuildLiteBehavior [ RunTime:0.000000s ]
INFO: [ app_init ] --END-- [ RunTime:0.001000s ]

[ 2016-09-20T12:06:20+08:00 ] 127.0.0.1 /gamenoll.com/admin.php/Playpic/add.html
INFO: [ app_init ] --START--
INFO: Run Behavior\BuildLiteBehavior [ RunTime:0.000000s ]
INFO: [ app_init ] --END-- [ RunTime:0.000000s ]

[ 2016-09-20T12:06:24+08:00 ] 127.0.0.1 /gamenoll.com/admin.php/Playpic/index.html
INFO: [ app_init ] --START--
INFO: Run Behavior\BuildLiteBehavior [ RunTime:0.000000s ]
INFO: [ app_init ] --END-- [ RunTime:0.001000s ]

[ 2016-09-20T12:06:25+08:00 ] 127.0.0.1 /gamenoll.com/admin.php/Playpic/add.html
INFO: [ app_init ] --START--
INFO: Run Behavior\BuildLiteBehavior [ RunTime:0.000000s ]
INFO: [ app_init ] --END-- [ RunTime:0.001000s ]

[ 2016-09-20T12:06:26+08:00 ] 127.0.0.1 /gamenoll.com/admin.php/Playpic/index.html
INFO: [ app_init ] --START--
INFO: Run Behavior\BuildLiteBehavior [ RunTime:0.000000s ]
INFO: [ app_init ] --END-- [ RunTime:0.001000s ]

[ 2016-09-20T12:06:31+08:00 ] 127.0.0.1 /gamenoll.com/admin.php/Playpic/add.html
INFO: [ app_init ] --START--
INFO: Run Behavior\BuildLiteBehavior [ RunTime:0.000000s ]
INFO: [ app_init ] --END-- [ RunTime:0.000000s ]

[ 2016-09-20T12:06:31+08:00 ] 127.0.0.1 /gamenoll.com/admin.php/Playpic/index.html
INFO: [ app_init ] --START--
INFO: Run Behavior\BuildLiteBehavior [ RunTime:0.000000s ]
INFO: [ app_init ] --END-- [ RunTime:0.000000s ]

[ 2016-09-20T12:06:42+08:00 ] 127.0.0.1 /gamenoll.com/admin.php/Playpic/add.html
INFO: [ app_init ] --START--
INFO: Run Behavior\BuildLiteBehavior [ RunTime:0.000000s ]
INFO: [ app_init ] --END-- [ RunTime:0.000000s ]

[ 2016-09-20T12:06:58+08:00 ] 127.0.0.1 /gamenoll.com/admin.php/Playpic/index.html
INFO: [ app_init ] --START--
INFO: Run Behavior\BuildLiteBehavior [ RunTime:0.000000s ]
INFO: [ app_init ] --END-- [ RunTime:0.000000s ]

[ 2016-09-20T12:08:54+08:00 ] 127.0.0.1 /gamenoll.com/admin.php/Playpic/add.html
INFO: [ app_init ] --START--
INFO: Run Behavior\BuildLiteBehavior [ RunTime:0.000000s ]
INFO: [ app_init ] --END-- [ RunTime:0.000000s ]

[ 2016-09-20T12:09:11+08:00 ] 127.0.0.1 /gamenoll.com/admin.php/Playpic/index.html
INFO: [ app_init ] --START--
INFO: Run Behavior\BuildLiteBehavior [ RunTime:0.000000s ]
INFO: [ app_init ] --END-- [ RunTime:0.001000s ]

[ 2016-09-20T12:09:22+08:00 ] 127.0.0.1 /gamenoll.com/admin.php/Playpic/add.html
INFO: [ app_init ] --START--
INFO: Run Behavior\BuildLiteBehavior [ RunTime:0.000000s ]
INFO: [ app_init ] --END-- [ RunTime:0.000000s ]

[ 2016-09-20T12:09:39+08:00 ] 127.0.0.1 /gamenoll.com/admin.php/Playpic/index.html
INFO: [ app_init ] --START--
INFO: Run Behavior\BuildLiteBehavior [ RunTime:0.000000s ]
INFO: [ app_init ] --END-- [ RunTime:0.000000s ]

[ 2016-09-20T12:09:41+08:00 ] 127.0.0.1 /gamenoll.com/admin.php/Playpic/add.html
INFO: [ app_init ] --START--
INFO: Run Behavior\BuildLiteBehavior [ RunTime:0.000000s ]
INFO: [ app_init ] --END-- [ RunTime:0.001000s ]

[ 2016-09-20T12:09:50+08:00 ] 127.0.0.1 /gamenoll.com/admin.php/Playpic/index.html
INFO: [ app_init ] --START--
INFO: Run Behavior\BuildLiteBehavior [ RunTime:0.000000s ]
INFO: [ app_init ] --END-- [ RunTime:0.000000s ]

[ 2016-09-20T12:09:57+08:00 ] 127.0.0.1 /gamenoll.com/admin.php/Playpic/mod/id/92.html
INFO: [ app_init ] --START--
INFO: Run Behavior\BuildLiteBehavior [ RunTime:0.000000s ]
INFO: [ app_init ] --END-- [ RunTime:0.000000s ]

[ 2016-09-20T12:10:02+08:00 ] 127.0.0.1 /gamenoll.com/admin.php/Playpic/mod/id/93.html
INFO: [ app_init ] --START--
INFO: Run Behavior\BuildLiteBehavior [ RunTime:0.000000s ]
INFO: [ app_init ] --END-- [ RunTime:0.001000s ]

[ 2016-09-20T12:11:10+08:00 ] 127.0.0.1 /gamenoll.com/admin.php/Playpic/add.html
INFO: [ app_init ] --START--
INFO: Run Behavior\BuildLiteBehavior [ RunTime:0.000000s ]
INFO: [ app_init ] --END-- [ RunTime:0.000000s ]

[ 2016-09-20T12:11:14+08:00 ] 127.0.0.1 /gamenoll.com/admin.php/Playpic/index.html
INFO: [ app_init ] --START--
INFO: Run Behavior\BuildLiteBehavior [ RunTime:0.000000s ]
INFO: [ app_init ] --END-- [ RunTime:0.000000s ]

[ 2016-09-20T12:32:21+08:00 ] 127.0.0.1 /gamenoll.com/admin.php/Playpic/add.html
INFO: [ app_init ] --START--
INFO: Run Behavior\BuildLiteBehavior [ RunTime:0.000000s ]
INFO: [ app_init ] --END-- [ RunTime:0.000000s ]

[ 2016-09-20T12:32:21+08:00 ] 127.0.0.1 /gamenoll.com/admin.php/Login/login.html
INFO: [ app_init ] --START--
INFO: Run Behavior\BuildLiteBehavior [ RunTime:0.000000s ]
INFO: [ app_init ] --END-- [ RunTime:0.001000s ]

[ 2016-09-20T12:32:24+08:00 ] 127.0.0.1 /gamenoll.com/admin.php/Login/login
INFO: [ app_init ] --START--
INFO: Run Behavior\BuildLiteBehavior [ RunTime:0.000000s ]
INFO: [ app_init ] --END-- [ RunTime:0.000000s ]

[ 2016-09-20T12:32:24+08:00 ] 127.0.0.1 /gamenoll.com/admin.php/Index/index.html
INFO: [ app_init ] --START--
INFO: Run Behavior\BuildLiteBehavior [ RunTime:0.000000s ]
INFO: [ app_init ] --END-- [ RunTime:0.001000s ]

[ 2016-09-20T12:32:28+08:00 ] 127.0.0.1 /gamenoll.com/admin.php/Playpic/add.html
INFO: [ app_init ] --START--
INFO: Run Behavior\BuildLiteBehavior [ RunTime:0.000000s ]
INFO: [ app_init ] --END-- [ RunTime:0.000000s ]

[ 2016-09-20T12:32:35+08:00 ] 127.0.0.1 /gamenoll.com/admin.php/Playpic/index.html
INFO: [ app_init ] --START--
INFO: Run Behavior\BuildLiteBehavior [ RunTime:0.000000s ]
INFO: [ app_init ] --END-- [ RunTime:0.000000s ]

[ 2016-09-20T12:32:39+08:00 ] 127.0.0.1 /gamenoll.com/admin.php/Games/role_all.html
INFO: [ app_init ] --START--
INFO: Run Behavior\BuildLiteBehavior [ RunTime:0.000000s ]
INFO: [ app_init ] --END-- [ RunTime:0.001000s ]

[ 2016-09-20T12:32:40+08:00 ] 127.0.0.1 /gamenoll.com/admin.php/Games/server.html
INFO: [ app_init ] --START--
INFO: Run Behavior\BuildLiteBehavior [ RunTime:0.000000s ]
INFO: [ app_init ] --END-- [ RunTime:0.000000s ]

[ 2016-09-20T12:32:42+08:00 ] 127.0.0.1 /gamenoll.com/admin.php/Games/server_add.html
INFO: [ app_init ] --START--
INFO: Run Behavior\BuildLiteBehavior [ RunTime:0.000000s ]
INFO: [ app_init ] --END-- [ RunTime:0.000000s ]

[ 2016-09-20T12:32:44+08:00 ] 127.0.0.1 /gamenoll.com/admin.php/Playpic/index.html
INFO: [ app_init ] --START--
INFO: Run Behavior\BuildLiteBehavior [ RunTime:0.000000s ]
INFO: [ app_init ] --END-- [ RunTime:0.000000s ]

[ 2016-09-20T14:09:17+08:00 ] 127.0.0.1 /gamenoll.com/admin.php/Playpic/add.html
INFO: [ app_init ] --START--
INFO: Run Behavior\BuildLiteBehavior [ RunTime:0.000000s ]
INFO: [ app_init ] --END-- [ RunTime:0.001000s ]

