[ 2016-10-08T14:29:22+08:00 ] 127.0.0.1 /gamenoll.com/admin.php
INFO: [ app_init ] --START--
INFO: Run Behavior\BuildLiteBehavior [ RunTime:0.000000s ]
INFO: [ app_init ] --END-- [ RunTime:0.000000s ]

[ 2016-10-08T14:29:22+08:00 ] 127.0.0.1 /gamenoll.com/admin.php/Login/login.html
INFO: [ app_init ] --START--
INFO: Run Behavior\BuildLiteBehavior [ RunTime:0.000000s ]
INFO: [ app_init ] --END-- [ RunTime:0.000000s ]

[ 2016-10-08T14:29:26+08:00 ] 127.0.0.1 /gamenoll.com/admin.php/Login/login
INFO: [ app_init ] --START--
INFO: Run Behavior\BuildLiteBehavior [ RunTime:0.000000s ]
INFO: [ app_init ] --END-- [ RunTime:0.001000s ]

[ 2016-10-08T14:29:26+08:00 ] 127.0.0.1 /gamenoll.com/admin.php/Index/index.html
INFO: [ app_init ] --START--
INFO: Run Behavior\BuildLiteBehavior [ RunTime:0.000000s ]
INFO: [ app_init ] --END-- [ RunTime:0.000000s ]

[ 2016-10-08T14:29:31+08:00 ] 127.0.0.1 /gamenoll.com/admin.php/Games/server_add.html
INFO: [ app_init ] --START--
INFO: Run Behavior\BuildLiteBehavior [ RunTime:0.000000s ]
INFO: [ app_init ] --END-- [ RunTime:0.000000s ]

[ 2016-10-08T14:29:36+08:00 ] 127.0.0.1 /gamenoll.com/admin.php/Games/server_add
INFO: [ app_init ] --START--
INFO: Run Behavior\BuildLiteBehavior [ RunTime:0.000000s ]
INFO: [ app_init ] --END-- [ RunTime:0.001000s ]

[ 2016-10-08T14:29:36+08:00 ] 127.0.0.1 /gamenoll.com/admin.php/Games/server.html
INFO: [ app_init ] --START--
INFO: Run Behavior\BuildLiteBehavior [ RunTime:0.000000s ]
INFO: [ app_init ] --END-- [ RunTime:0.000000s ]

[ 2016-10-08T14:29:40+08:00 ] 127.0.0.1 /gamenoll.com/admin.php/Games/role_all.html
INFO: [ app_init ] --START--
INFO: Run Behavior\BuildLiteBehavior [ RunTime:0.000000s ]
INFO: [ app_init ] --END-- [ RunTime:0.000000s ]

[ 2016-10-08T14:32:50+08:00 ] 127.0.0.1 /gamenoll.com/admin.php/Faq/add.html
INFO: [ app_init ] --START--
INFO: Run Behavior\BuildLiteBehavior [ RunTime:0.000000s ]
INFO: [ app_init ] --END-- [ RunTime:0.000000s ]

[ 2016-10-08T14:32:52+08:00 ] 127.0.0.1 /gamenoll.com/admin.php/Faq/index.html
INFO: [ app_init ] --START--
INFO: Run Behavior\BuildLiteBehavior [ RunTime:0.000000s ]
INFO: [ app_init ] --END-- [ RunTime:0.000000s ]

[ 2016-10-08T14:32:55+08:00 ] 127.0.0.1 /gamenoll.com/admin.php/Faq/add.html
INFO: [ app_init ] --START--
INFO: Run Behavior\BuildLiteBehavior [ RunTime:0.000000s ]
INFO: [ app_init ] --END-- [ RunTime:0.000000s ]

[ 2016-10-08T14:45:43+08:00 ] 127.0.0.1 /gamenoll.com/admin.php/Faq/index.html
INFO: [ app_init ] --START--
INFO: Run Behavior\BuildLiteBehavior [ RunTime:0.000000s ]
INFO: [ app_init ] --END-- [ RunTime:0.001000s ]

[ 2016-10-08T14:45:48+08:00 ] 127.0.0.1 /gamenoll.com/admin.php/Faq/index/p/2.html
INFO: [ app_init ] --START--
INFO: Run Behavior\BuildLiteBehavior [ RunTime:0.000000s ]
INFO: [ app_init ] --END-- [ RunTime:0.000000s ]

[ 2016-10-08T14:45:49+08:00 ] 127.0.0.1 /gamenoll.com/admin.php/Faq/index/p/1.html
INFO: [ app_init ] --START--
INFO: Run Behavior\BuildLiteBehavior [ RunTime:0.000000s ]
INFO: [ app_init ] --END-- [ RunTime:0.000000s ]

[ 2016-10-08T14:46:43+08:00 ] 127.0.0.1 /gamenoll.com/admin.php/Games/index.html
INFO: [ app_init ] --START--
INFO: Run Behavior\BuildLiteBehavior [ RunTime:0.000000s ]
INFO: [ app_init ] --END-- [ RunTime:0.000000s ]

[ 2016-10-08T14:46:44+08:00 ] 127.0.0.1 /gamenoll.com/admin.php/Games/server.html
INFO: [ app_init ] --START--
INFO: Run Behavior\BuildLiteBehavior [ RunTime:0.000000s ]
INFO: [ app_init ] --END-- [ RunTime:0.000000s ]

[ 2016-10-08T14:46:46+08:00 ] 127.0.0.1 /gamenoll.com/admin.php/Games/role_all.html
INFO: [ app_init ] --START--
INFO: Run Behavior\BuildLiteBehavior [ RunTime:0.000000s ]
INFO: [ app_init ] --END-- [ RunTime:0.001000s ]

[ 2016-10-08T14:46:48+08:00 ] 127.0.0.1 /gamenoll.com/admin.php/Raiders/raiders_add.html
INFO: [ app_init ] --START--
INFO: Run Behavior\BuildLiteBehavior [ RunTime:0.000000s ]
INFO: [ app_init ] --END-- [ RunTime:0.001000s ]

[ 2016-10-08T14:46:50+08:00 ] 127.0.0.1 /gamenoll.com/admin.php/Games/add.html
INFO: [ app_init ] --START--
INFO: Run Behavior\BuildLiteBehavior [ RunTime:0.000000s ]
INFO: [ app_init ] --END-- [ RunTime:0.001000s ]

[ 2016-10-08T14:48:39+08:00 ] 127.0.0.1 /gamenoll.com/admin.php/Games/index.html
INFO: [ app_init ] --START--
INFO: Run Behavior\BuildLiteBehavior [ RunTime:0.000000s ]
INFO: [ app_init ] --END-- [ RunTime:0.001000s ]

[ 2016-10-08T14:48:42+08:00 ] 127.0.0.1 /gamenoll.com/admin.php/Games/server_add.html
INFO: [ app_init ] --START--
INFO: Run Behavior\BuildLiteBehavior [ RunTime:0.000000s ]
INFO: [ app_init ] --END-- [ RunTime:0.000000s ]

[ 2016-10-08T14:48:47+08:00 ] 127.0.0.1 /gamenoll.com/admin.php/Games/server.html
INFO: [ app_init ] --START--
INFO: Run Behavior\BuildLiteBehavior [ RunTime:0.000000s ]
INFO: [ app_init ] --END-- [ RunTime:0.000000s ]

[ 2016-10-08T14:49:01+08:00 ] 127.0.0.1 /gamenoll.com/admin.php/Manage/index.html
INFO: [ app_init ] --START--
INFO: Run Behavior\BuildLiteBehavior [ RunTime:0.001000s ]
INFO: [ app_init ] --END-- [ RunTime:0.001000s ]

[ 2016-10-08T14:49:03+08:00 ] 127.0.0.1 /gamenoll.com/admin.php/Manage/add.html
INFO: [ app_init ] --START--
INFO: Run Behavior\BuildLiteBehavior [ RunTime:0.000000s ]
INFO: [ app_init ] --END-- [ RunTime:0.001000s ]

[ 2016-10-08T14:49:05+08:00 ] 127.0.0.1 /gamenoll.com/admin.php/Manage/index.html
INFO: [ app_init ] --START--
INFO: Run Behavior\BuildLiteBehavior [ RunTime:0.000000s ]
INFO: [ app_init ] --END-- [ RunTime:0.001000s ]

[ 2016-10-08T14:49:12+08:00 ] 127.0.0.1 /gamenoll.com/admin.php/Rule/add.html
INFO: [ app_init ] --START--
INFO: Run Behavior\BuildLiteBehavior [ RunTime:0.000000s ]
INFO: [ app_init ] --END-- [ RunTime:0.000000s ]

[ 2016-10-08T14:49:13+08:00 ] 127.0.0.1 /gamenoll.com/admin.php/Group/index.html
INFO: [ app_init ] --START--
INFO: Run Behavior\BuildLiteBehavior [ RunTime:0.000000s ]
INFO: [ app_init ] --END-- [ RunTime:0.000000s ]

[ 2016-10-08T14:49:15+08:00 ] 127.0.0.1 /gamenoll.com/admin.php/Group/add.html
INFO: [ app_init ] --START--
INFO: Run Behavior\BuildLiteBehavior [ RunTime:0.000000s ]
INFO: [ app_init ] --END-- [ RunTime:0.000000s ]

[ 2016-10-08T14:49:26+08:00 ] 127.0.0.1 /gamenoll.com/admin.php/Group/index.html
INFO: [ app_init ] --START--
INFO: Run Behavior\BuildLiteBehavior [ RunTime:0.000000s ]
INFO: [ app_init ] --END-- [ RunTime:0.001000s ]

[ 2016-10-08T14:49:32+08:00 ] 127.0.0.1 /gamenoll.com/admin.php/Group/add.html
INFO: [ app_init ] --START--
INFO: Run Behavior\BuildLiteBehavior [ RunTime:0.000000s ]
INFO: [ app_init ] --END-- [ RunTime:0.001000s ]

[ 2016-10-08T14:49:34+08:00 ] 127.0.0.1 /gamenoll.com/admin.php/Rule/index.html
INFO: [ app_init ] --START--
INFO: Run Behavior\BuildLiteBehavior [ RunTime:0.000000s ]
INFO: [ app_init ] --END-- [ RunTime:0.001000s ]

[ 2016-10-08T14:49:35+08:00 ] 127.0.0.1 /gamenoll.com/admin.php/Group/index.html
INFO: [ app_init ] --START--
INFO: Run Behavior\BuildLiteBehavior [ RunTime:0.000000s ]
INFO: [ app_init ] --END-- [ RunTime:0.000000s ]

[ 2016-10-08T14:49:43+08:00 ] 127.0.0.1 /gamenoll.com/admin.php/Group/add.html
INFO: [ app_init ] --START--
INFO: Run Behavior\BuildLiteBehavior [ RunTime:0.000000s ]
INFO: [ app_init ] --END-- [ RunTime:0.001000s ]

[ 2016-10-08T14:49:45+08:00 ] 127.0.0.1 /gamenoll.com/admin.php/Rule/index.html
INFO: [ app_init ] --START--
INFO: Run Behavior\BuildLiteBehavior [ RunTime:0.000000s ]
INFO: [ app_init ] --END-- [ RunTime:0.000000s ]

[ 2016-10-08T14:49:53+08:00 ] 127.0.0.1 /gamenoll.com/admin.php/Rule/add.html
INFO: [ app_init ] --START--
INFO: Run Behavior\BuildLiteBehavior [ RunTime:0.000000s ]
INFO: [ app_init ] --END-- [ RunTime:0.001000s ]

[ 2016-10-08T14:49:55+08:00 ] 127.0.0.1 /gamenoll.com/admin.php/Rule/index.html
INFO: [ app_init ] --START--
INFO: Run Behavior\BuildLiteBehavior [ RunTime:0.000000s ]
INFO: [ app_init ] --END-- [ RunTime:0.000000s ]

[ 2016-10-08T14:49:56+08:00 ] 127.0.0.1 /gamenoll.com/admin.php/Group/add.html
INFO: [ app_init ] --START--
INFO: Run Behavior\BuildLiteBehavior [ RunTime:0.000000s ]
INFO: [ app_init ] --END-- [ RunTime:0.000000s ]

[ 2016-10-08T14:49:59+08:00 ] 127.0.0.1 /gamenoll.com/admin.php/Group/index.html
INFO: [ app_init ] --START--
INFO: Run Behavior\BuildLiteBehavior [ RunTime:0.000000s ]
INFO: [ app_init ] --END-- [ RunTime:0.001000s ]

[ 2016-10-08T14:50:22+08:00 ] 127.0.0.1 /gamenoll.com/admin.php/Rule/add.html
INFO: [ app_init ] --START--
INFO: Run Behavior\BuildLiteBehavior [ RunTime:0.000000s ]
INFO: [ app_init ] --END-- [ RunTime:0.000000s ]

[ 2016-10-08T14:50:25+08:00 ] 127.0.0.1 /gamenoll.com/admin.php/Manage/add.html
INFO: [ app_init ] --START--
INFO: Run Behavior\BuildLiteBehavior [ RunTime:0.000000s ]
INFO: [ app_init ] --END-- [ RunTime:0.001000s ]

[ 2016-10-08T14:50:26+08:00 ] 127.0.0.1 /gamenoll.com/admin.php/Manage/index.html
INFO: [ app_init ] --START--
INFO: Run Behavior\BuildLiteBehavior [ RunTime:0.000000s ]
INFO: [ app_init ] --END-- [ RunTime:0.000000s ]

[ 2016-10-08T14:50:35+08:00 ] 127.0.0.1 /gamenoll.com/admin.php/Manage/mod/id/5.html
INFO: [ app_init ] --START--
INFO: Run Behavior\BuildLiteBehavior [ RunTime:0.000000s ]
INFO: [ app_init ] --END-- [ RunTime:0.000000s ]

[ 2016-10-08T14:50:58+08:00 ] 127.0.0.1 /gamenoll.com/admin.php/Manage/addGroup/id/12.html
INFO: [ app_init ] --START--
INFO: Run Behavior\BuildLiteBehavior [ RunTime:0.000000s ]
INFO: [ app_init ] --END-- [ RunTime:0.000000s ]

[ 2016-10-08T14:51:02+08:00 ] 127.0.0.1 /gamenoll.com/admin.php/Manage/addGroup
INFO: [ app_init ] --START--
INFO: Run Behavior\BuildLiteBehavior [ RunTime:0.000000s ]
INFO: [ app_init ] --END-- [ RunTime:0.000000s ]

[ 2016-10-08T14:51:02+08:00 ] 127.0.0.1 /gamenoll.com/admin.php/Manage/index.html
INFO: [ app_init ] --START--
INFO: Run Behavior\BuildLiteBehavior [ RunTime:0.000000s ]
INFO: [ app_init ] --END-- [ RunTime:0.000000s ]

[ 2016-10-08T14:51:05+08:00 ] 127.0.0.1 /gamenoll.com/admin.php/Manage/add.html
INFO: [ app_init ] --START--
INFO: Run Behavior\BuildLiteBehavior [ RunTime:0.000000s ]
INFO: [ app_init ] --END-- [ RunTime:0.001000s ]

[ 2016-10-08T14:51:07+08:00 ] 127.0.0.1 /gamenoll.com/admin.php/Manage/index.html
INFO: [ app_init ] --START--
INFO: Run Behavior\BuildLiteBehavior [ RunTime:0.000000s ]
INFO: [ app_init ] --END-- [ RunTime:0.000000s ]

[ 2016-10-08T14:51:10+08:00 ] 127.0.0.1 /gamenoll.com/admin.php/Manage/addGroup/id/12.html
INFO: [ app_init ] --START--
INFO: Run Behavior\BuildLiteBehavior [ RunTime:0.000000s ]
INFO: [ app_init ] --END-- [ RunTime:0.000000s ]

[ 2016-10-08T14:51:12+08:00 ] 127.0.0.1 /gamenoll.com/admin.php/Manage/addGroup
INFO: [ app_init ] --START--
INFO: Run Behavior\BuildLiteBehavior [ RunTime:0.000000s ]
INFO: [ app_init ] --END-- [ RunTime:0.000000s ]
ERR: 1062:Duplicate entry '12-4' for key 'uid_group_id'
 [ SQL语句 ] : INSERT INTO `gn_auth_group_access` (`uid`,`group_id`) VALUES ('12','4')

[ 2016-10-08T14:51:21+08:00 ] 127.0.0.1 /gamenoll.com/admin.php/Manage/addGroup
INFO: [ app_init ] --START--
INFO: Run Behavior\BuildLiteBehavior [ RunTime:0.000000s ]
INFO: [ app_init ] --END-- [ RunTime:0.001000s ]
ERR: 1062:Duplicate entry '12-5' for key 'uid_group_id'
 [ SQL语句 ] : INSERT INTO `gn_auth_group_access` (`uid`,`group_id`) VALUES ('12','5')

[ 2016-10-08T14:51:30+08:00 ] 127.0.0.1 /gamenoll.com/admin.php/Manage/addGroup/id/12.html
INFO: [ app_init ] --START--
INFO: Run Behavior\BuildLiteBehavior [ RunTime:0.000000s ]
INFO: [ app_init ] --END-- [ RunTime:0.000000s ]

[ 2016-10-08T14:51:31+08:00 ] 127.0.0.1 /gamenoll.com/admin.php/Manage/addGroup/id/12.html
INFO: [ app_init ] --START--
INFO: Run Behavior\BuildLiteBehavior [ RunTime:0.000000s ]
INFO: [ app_init ] --END-- [ RunTime:0.000000s ]

[ 2016-10-08T14:51:33+08:00 ] 127.0.0.1 /gamenoll.com/admin.php/Manage/index.html
INFO: [ app_init ] --START--
INFO: Run Behavior\BuildLiteBehavior [ RunTime:0.000000s ]
INFO: [ app_init ] --END-- [ RunTime:0.000000s ]

[ 2016-10-08T14:51:35+08:00 ] 127.0.0.1 /gamenoll.com/admin.php/Manage/addGroup/id/12.html
INFO: [ app_init ] --START--
INFO: Run Behavior\BuildLiteBehavior [ RunTime:0.000000s ]
INFO: [ app_init ] --END-- [ RunTime:0.000000s ]

[ 2016-10-08T14:51:39+08:00 ] 127.0.0.1 /gamenoll.com/admin.php/Manage/addGroup
INFO: [ app_init ] --START--
INFO: Run Behavior\BuildLiteBehavior [ RunTime:0.000000s ]
INFO: [ app_init ] --END-- [ RunTime:0.000000s ]
ERR: 1062:Duplicate entry '12-5' for key 'uid_group_id'
 [ SQL语句 ] : INSERT INTO `gn_auth_group_access` (`uid`,`group_id`) VALUES ('12','5')

[ 2016-10-08T14:51:50+08:00 ] 127.0.0.1 /gamenoll.com/admin.php/Manage/index.html
INFO: [ app_init ] --START--
INFO: Run Behavior\BuildLiteBehavior [ RunTime:0.000000s ]
INFO: [ app_init ] --END-- [ RunTime:0.001000s ]

[ 2016-10-08T14:51:52+08:00 ] 127.0.0.1 /gamenoll.com/admin.php/Manage/addGroup/id/5.html
INFO: [ app_init ] --START--
INFO: Run Behavior\BuildLiteBehavior [ RunTime:0.000000s ]
INFO: [ app_init ] --END-- [ RunTime:0.001000s ]

[ 2016-10-08T14:51:55+08:00 ] 127.0.0.1 /gamenoll.com/admin.php/Manage/addGroup
INFO: [ app_init ] --START--
INFO: Run Behavior\BuildLiteBehavior [ RunTime:0.000000s ]
INFO: [ app_init ] --END-- [ RunTime:0.000000s ]

[ 2016-10-08T14:51:55+08:00 ] 127.0.0.1 /gamenoll.com/admin.php/Manage/index.html
INFO: [ app_init ] --START--
INFO: Run Behavior\BuildLiteBehavior [ RunTime:0.000000s ]
INFO: [ app_init ] --END-- [ RunTime:0.000000s ]

[ 2016-10-08T14:52:35+08:00 ] 127.0.0.1 /gamenoll.com/admin.php/Login/logout.html
INFO: [ app_init ] --START--
INFO: Run Behavior\BuildLiteBehavior [ RunTime:0.000000s ]
INFO: [ app_init ] --END-- [ RunTime:0.000000s ]

[ 2016-10-08T14:52:37+08:00 ] 127.0.0.1 /gamenoll.com/admin.php/Login/login.html
INFO: [ app_init ] --START--
INFO: Run Behavior\BuildLiteBehavior [ RunTime:0.000000s ]
INFO: [ app_init ] --END-- [ RunTime:0.000000s ]

[ 2016-10-08T14:52:49+08:00 ] 127.0.0.1 /gamenoll.com/admin.php/Login/login
INFO: [ app_init ] --START--
INFO: Run Behavior\BuildLiteBehavior [ RunTime:0.000000s ]
INFO: [ app_init ] --END-- [ RunTime:0.000000s ]

[ 2016-10-08T14:52:49+08:00 ] 127.0.0.1 /gamenoll.com/admin.php/Index/index.html
INFO: [ app_init ] --START--
INFO: Run Behavior\BuildLiteBehavior [ RunTime:0.000000s ]
INFO: [ app_init ] --END-- [ RunTime:0.000000s ]

[ 2016-10-08T14:52:52+08:00 ] 127.0.0.1 /gamenoll.com/admin.php/Group/add.html
INFO: [ app_init ] --START--
INFO: Run Behavior\BuildLiteBehavior [ RunTime:0.000000s ]
INFO: [ app_init ] --END-- [ RunTime:0.000000s ]

[ 2016-10-08T14:52:57+08:00 ] 127.0.0.1 /gamenoll.com/admin.php/Pay/index.html
INFO: [ app_init ] --START--
INFO: Run Behavior\BuildLiteBehavior [ RunTime:0.000000s ]
INFO: [ app_init ] --END-- [ RunTime:0.000000s ]

[ 2016-10-08T14:53:01+08:00 ] 127.0.0.1 /gamenoll.com/admin.php/Group/add.html
INFO: [ app_init ] --START--
INFO: Run Behavior\BuildLiteBehavior [ RunTime:0.000000s ]
INFO: [ app_init ] --END-- [ RunTime:0.000000s ]

[ 2016-10-08T14:53:14+08:00 ] 127.0.0.1 /gamenoll.com/admin.php/Games/server_add.html
INFO: [ app_init ] --START--
INFO: Run Behavior\BuildLiteBehavior [ RunTime:0.000000s ]
INFO: [ app_init ] --END-- [ RunTime:0.001000s ]

[ 2016-10-08T14:53:17+08:00 ] 127.0.0.1 /gamenoll.com/admin.php/Games/add.html
INFO: [ app_init ] --START--
INFO: Run Behavior\BuildLiteBehavior [ RunTime:0.000000s ]
INFO: [ app_init ] --END-- [ RunTime:0.000000s ]

[ 2016-10-08T14:53:21+08:00 ] 127.0.0.1 /gamenoll.com/admin.php/Games/index.html
INFO: [ app_init ] --START--
INFO: Run Behavior\BuildLiteBehavior [ RunTime:0.000000s ]
INFO: [ app_init ] --END-- [ RunTime:0.001000s ]

[ 2016-10-08T14:53:24+08:00 ] 127.0.0.1 /gamenoll.com/admin.php/Playpic/index.html
INFO: [ app_init ] --START--
INFO: Run Behavior\BuildLiteBehavior [ RunTime:0.000000s ]
INFO: [ app_init ] --END-- [ RunTime:0.000000s ]

[ 2016-10-08T14:53:27+08:00 ] 127.0.0.1 /gamenoll.com/admin.php/help/index.html
INFO: [ app_init ] --START--
INFO: Run Behavior\BuildLiteBehavior [ RunTime:0.000000s ]
INFO: [ app_init ] --END-- [ RunTime:0.000000s ]

[ 2016-10-08T14:53:31+08:00 ] 127.0.0.1 /gamenoll.com/admin.php/Faq/index.html
INFO: [ app_init ] --START--
INFO: Run Behavior\BuildLiteBehavior [ RunTime:0.000000s ]
INFO: [ app_init ] --END-- [ RunTime:0.000000s ]

[ 2016-10-08T14:53:33+08:00 ] 127.0.0.1 /gamenoll.com/admin.php/Faq/add.html
INFO: [ app_init ] --START--
INFO: Run Behavior\BuildLiteBehavior [ RunTime:0.000000s ]
INFO: [ app_init ] --END-- [ RunTime:0.000000s ]

[ 2016-10-08T14:53:35+08:00 ] 127.0.0.1 /gamenoll.com/admin.php/Pay/index.html
INFO: [ app_init ] --START--
INFO: Run Behavior\BuildLiteBehavior [ RunTime:0.000000s ]
INFO: [ app_init ] --END-- [ RunTime:0.001000s ]

[ 2016-10-08T14:53:39+08:00 ] 127.0.0.1 /gamenoll.com/admin.php/News/add.html
INFO: [ app_init ] --START--
INFO: Run Behavior\BuildLiteBehavior [ RunTime:0.000000s ]
INFO: [ app_init ] --END-- [ RunTime:0.000000s ]

[ 2016-10-08T14:53:41+08:00 ] 127.0.0.1 /gamenoll.com/admin.php/News/add.html
INFO: [ app_init ] --START--
INFO: Run Behavior\BuildLiteBehavior [ RunTime:0.000000s ]
INFO: [ app_init ] --END-- [ RunTime:0.000000s ]

[ 2016-10-08T14:53:43+08:00 ] 127.0.0.1 /gamenoll.com/admin.php/Rule/add.html
INFO: [ app_init ] --START--
INFO: Run Behavior\BuildLiteBehavior [ RunTime:0.000000s ]
INFO: [ app_init ] --END-- [ RunTime:0.000000s ]

[ 2016-10-08T14:53:47+08:00 ] 127.0.0.1 /gamenoll.com/admin.php/Manage/index.html
INFO: [ app_init ] --START--
INFO: Run Behavior\BuildLiteBehavior [ RunTime:0.000000s ]
INFO: [ app_init ] --END-- [ RunTime:0.001000s ]

[ 2016-10-08T14:53:52+08:00 ] 127.0.0.1 /gamenoll.com/admin.php/Manage/index.html
INFO: [ app_init ] --START--
INFO: Run Behavior\BuildLiteBehavior [ RunTime:0.000000s ]
INFO: [ app_init ] --END-- [ RunTime:0.000000s ]

[ 2016-10-08T14:53:55+08:00 ] 127.0.0.1 /gamenoll.com/admin.php/User/index.html
INFO: [ app_init ] --START--
INFO: Run Behavior\BuildLiteBehavior [ RunTime:0.000000s ]
INFO: [ app_init ] --END-- [ RunTime:0.000000s ]

[ 2016-10-08T14:53:57+08:00 ] 127.0.0.1 /gamenoll.com/admin.php/User/add.html
INFO: [ app_init ] --START--
INFO: Run Behavior\BuildLiteBehavior [ RunTime:0.000000s ]
INFO: [ app_init ] --END-- [ RunTime:0.000000s ]

[ 2016-10-08T14:54:00+08:00 ] 127.0.0.1 /gamenoll.com/admin.php/Login/logout.html
INFO: [ app_init ] --START--
INFO: Run Behavior\BuildLiteBehavior [ RunTime:0.000000s ]
INFO: [ app_init ] --END-- [ RunTime:0.000000s ]

[ 2016-10-08T14:54:01+08:00 ] 127.0.0.1 /gamenoll.com/admin.php/Login/login.html
INFO: [ app_init ] --START--
INFO: Run Behavior\BuildLiteBehavior [ RunTime:0.000000s ]
INFO: [ app_init ] --END-- [ RunTime:0.000000s ]

[ 2016-10-08T14:54:04+08:00 ] 127.0.0.1 /gamenoll.com/admin.php/Login/login
INFO: [ app_init ] --START--
INFO: Run Behavior\BuildLiteBehavior [ RunTime:0.000000s ]
INFO: [ app_init ] --END-- [ RunTime:0.000000s ]

[ 2016-10-08T14:54:04+08:00 ] 127.0.0.1 /gamenoll.com/admin.php/Index/index.html
INFO: [ app_init ] --START--
INFO: Run Behavior\BuildLiteBehavior [ RunTime:0.000000s ]
INFO: [ app_init ] --END-- [ RunTime:0.000000s ]

[ 2016-10-08T14:55:56+08:00 ] 127.0.0.1 /gamenoll.com/admin.php/Games/server.html
INFO: [ app_init ] --START--
INFO: Run Behavior\BuildLiteBehavior [ RunTime:0.000000s ]
INFO: [ app_init ] --END-- [ RunTime:0.001000s ]

[ 2016-10-08T14:56:00+08:00 ] 127.0.0.1 /gamenoll.com/admin.php/Raiders/raiders.html
INFO: [ app_init ] --START--
INFO: Run Behavior\BuildLiteBehavior [ RunTime:0.001000s ]
INFO: [ app_init ] --END-- [ RunTime:0.001000s ]

[ 2016-10-08T14:56:02+08:00 ] 127.0.0.1 /gamenoll.com/admin.php/Raiders/raiders_add.html
INFO: [ app_init ] --START--
INFO: Run Behavior\BuildLiteBehavior [ RunTime:0.000000s ]
INFO: [ app_init ] --END-- [ RunTime:0.001000s ]

[ 2016-10-08T14:59:31+08:00 ] 127.0.0.1 /gamenoll.com/admin.php/Games/server_add.html
INFO: [ app_init ] --START--
INFO: Run Behavior\BuildLiteBehavior [ RunTime:0.000000s ]
INFO: [ app_init ] --END-- [ RunTime:0.000000s ]

[ 2016-10-08T14:59:33+08:00 ] 127.0.0.1 /gamenoll.com/admin.php/Games/server.html
INFO: [ app_init ] --START--
INFO: Run Behavior\BuildLiteBehavior [ RunTime:0.000000s ]
INFO: [ app_init ] --END-- [ RunTime:0.000000s ]

[ 2016-10-08T14:59:45+08:00 ] 127.0.0.1 /gamenoll.com/admin.php/Games/server_add.html
INFO: [ app_init ] --START--
INFO: Run Behavior\BuildLiteBehavior [ RunTime:0.000000s ]
INFO: [ app_init ] --END-- [ RunTime:0.001000s ]

[ 2016-10-08T14:59:49+08:00 ] 127.0.0.1 /gamenoll.com/admin.php/Games/server.html
INFO: [ app_init ] --START--
INFO: Run Behavior\BuildLiteBehavior [ RunTime:0.000000s ]
INFO: [ app_init ] --END-- [ RunTime:0.000000s ]

