[ 2016-10-25T11:57:29+08:00 ] 127.0.0.1 /15combo/admin.php
INFO: [ app_init ] --START--
INFO: Run Behavior\BuildLiteBehavior [ RunTime:0.000000s ]
INFO: [ app_init ] --END-- [ RunTime:0.001000s ]

[ 2016-10-25T11:57:29+08:00 ] 127.0.0.1 /15combo/admin.php/Login/login.html
INFO: [ app_init ] --START--
INFO: Run Behavior\BuildLiteBehavior [ RunTime:0.000000s ]
INFO: [ app_init ] --END-- [ RunTime:0.000000s ]

[ 2016-10-25T11:57:35+08:00 ] 127.0.0.1 /15combo/admin.php/Login/login
INFO: [ app_init ] --START--
INFO: Run Behavior\BuildLiteBehavior [ RunTime:0.000000s ]
INFO: [ app_init ] --END-- [ RunTime:0.000000s ]

[ 2016-10-25T11:57:35+08:00 ] 127.0.0.1 /15combo/admin.php/Index/index.html
INFO: [ app_init ] --START--
INFO: Run Behavior\BuildLiteBehavior [ RunTime:0.000000s ]
INFO: [ app_init ] --END-- [ RunTime:0.000000s ]

[ 2016-10-25T12:02:52+08:00 ] 127.0.0.1 /15combo/admin.php/News/index.html
INFO: [ app_init ] --START--
INFO: Run Behavior\BuildLiteBehavior [ RunTime:0.000000s ]
INFO: [ app_init ] --END-- [ RunTime:0.001000s ]

[ 2016-10-25T12:02:53+08:00 ] 127.0.0.1 /15combo/admin.php/News/add.html
INFO: [ app_init ] --START--
INFO: Run Behavior\BuildLiteBehavior [ RunTime:0.000000s ]
INFO: [ app_init ] --END-- [ RunTime:0.000000s ]

[ 2016-10-25T12:05:48+08:00 ] 127.0.0.1 /15combo/admin.php/News/add.html
INFO: [ app_init ] --START--
INFO: Run Behavior\BuildLiteBehavior [ RunTime:0.000000s ]
INFO: [ app_init ] --END-- [ RunTime:0.000000s ]

[ 2016-10-25T12:05:50+08:00 ] 127.0.0.1 /15combo/admin.php/News/add.html
INFO: [ app_init ] --START--
INFO: Run Behavior\BuildLiteBehavior [ RunTime:0.000000s ]
INFO: [ app_init ] --END-- [ RunTime:0.000000s ]

[ 2016-10-25T12:06:33+08:00 ] 127.0.0.1 /15combo/admin.php/News/add.html
INFO: [ app_init ] --START--
INFO: Run Behavior\BuildLiteBehavior [ RunTime:0.000000s ]
INFO: [ app_init ] --END-- [ RunTime:0.000000s ]

[ 2016-10-25T12:12:20+08:00 ] 127.0.0.1 /15combo/admin.php/Pay/index.html
INFO: [ app_init ] --START--
INFO: Run Behavior\BuildLiteBehavior [ RunTime:0.000000s ]
INFO: [ app_init ] --END-- [ RunTime:0.000000s ]

[ 2016-10-25T12:17:48+08:00 ] 127.0.0.1 /15combo/admin.php/Pay/index.html
INFO: [ app_init ] --START--
INFO: Run Behavior\BuildLiteBehavior [ RunTime:0.000000s ]
INFO: [ app_init ] --END-- [ RunTime:0.000000s ]

[ 2016-10-25T12:17:52+08:00 ] 127.0.0.1 /15combo/admin.php/Pay/index.html
INFO: [ app_init ] --START--
INFO: Run Behavior\BuildLiteBehavior [ RunTime:0.000000s ]
INFO: [ app_init ] --END-- [ RunTime:0.001000s ]

[ 2016-10-25T12:18:09+08:00 ] 127.0.0.1 /15combo/admin.php/News/add.html
INFO: [ app_init ] --START--
INFO: Run Behavior\BuildLiteBehavior [ RunTime:0.000000s ]
INFO: [ app_init ] --END-- [ RunTime:0.000000s ]

[ 2016-10-25T12:18:12+08:00 ] 127.0.0.1 /15combo/admin.php/News/index.html
INFO: [ app_init ] --START--
INFO: Run Behavior\BuildLiteBehavior [ RunTime:0.000000s ]
INFO: [ app_init ] --END-- [ RunTime:0.000000s ]

[ 2016-10-25T12:18:40+08:00 ] 127.0.0.1 /15combo/admin.php/News/add.html
INFO: [ app_init ] --START--
INFO: Run Behavior\BuildLiteBehavior [ RunTime:0.000000s ]
INFO: [ app_init ] --END-- [ RunTime:0.000000s ]

[ 2016-10-25T12:18:44+08:00 ] 127.0.0.1 /15combo/admin.php/News/index.html
INFO: [ app_init ] --START--
INFO: Run Behavior\BuildLiteBehavior [ RunTime:0.000000s ]
INFO: [ app_init ] --END-- [ RunTime:0.000000s ]

[ 2016-10-25T13:20:12+08:00 ] 127.0.0.1 /15combo/admin.php/News/add.html
INFO: [ app_init ] --START--
INFO: Run Behavior\BuildLiteBehavior [ RunTime:0.000000s ]
INFO: [ app_init ] --END-- [ RunTime:0.001000s ]

[ 2016-10-25T13:20:28+08:00 ] 127.0.0.1 /15combo/admin.php/Pay/index.html
INFO: [ app_init ] --START--
INFO: Run Behavior\BuildLiteBehavior [ RunTime:0.000000s ]
INFO: [ app_init ] --END-- [ RunTime:0.001000s ]

[ 2016-10-25T13:47:36+08:00 ] 127.0.0.1 /15combo/admin.php/Pay/index.html
INFO: [ app_init ] --START--
INFO: Run Behavior\BuildLiteBehavior [ RunTime:0.000000s ]
INFO: [ app_init ] --END-- [ RunTime:0.001000s ]

[ 2016-10-25T13:47:39+08:00 ] 127.0.0.1 /15combo/admin.php/Pay/index/p/2.html
INFO: [ app_init ] --START--
INFO: Run Behavior\BuildLiteBehavior [ RunTime:0.000000s ]
INFO: [ app_init ] --END-- [ RunTime:0.000000s ]

[ 2016-10-25T13:47:41+08:00 ] 127.0.0.1 /15combo/admin.php/Pay/index/p/1.html
INFO: [ app_init ] --START--
INFO: Run Behavior\BuildLiteBehavior [ RunTime:0.000000s ]
INFO: [ app_init ] --END-- [ RunTime:0.000000s ]

[ 2016-10-25T14:23:16+08:00 ] 127.0.0.1 /15combo/admin.php/Pay/index/p/1.html
INFO: [ app_init ] --START--
INFO: Run Behavior\BuildLiteBehavior [ RunTime:0.000000s ]
INFO: [ app_init ] --END-- [ RunTime:0.000000s ]

[ 2016-10-25T14:23:17+08:00 ] 127.0.0.1 /15combo/admin.php/Pay/index/p/1.html
INFO: [ app_init ] --START--
INFO: Run Behavior\BuildLiteBehavior [ RunTime:0.000000s ]
INFO: [ app_init ] --END-- [ RunTime:0.000000s ]

[ 2016-10-25T14:24:06+08:00 ] 127.0.0.1 /15combo/admin.php/Pay/index/p/1.html
INFO: [ app_init ] --START--
INFO: Run Behavior\BuildLiteBehavior [ RunTime:0.000000s ]
INFO: [ app_init ] --END-- [ RunTime:0.000000s ]

[ 2016-10-25T14:24:09+08:00 ] 127.0.0.1 /15combo/admin.php/Pay/index/p/1.html
INFO: [ app_init ] --START--
INFO: Run Behavior\BuildLiteBehavior [ RunTime:0.000000s ]
INFO: [ app_init ] --END-- [ RunTime:0.001000s ]

[ 2016-10-25T14:24:20+08:00 ] 127.0.0.1 /15combo/admin.php/Pay/index/p/1.html
INFO: [ app_init ] --START--
INFO: Run Behavior\BuildLiteBehavior [ RunTime:0.000000s ]
INFO: [ app_init ] --END-- [ RunTime:0.000000s ]

[ 2016-10-25T14:24:27+08:00 ] 127.0.0.1 /15combo/admin.php/Pay/index/p/1.html
INFO: [ app_init ] --START--
INFO: Run Behavior\BuildLiteBehavior [ RunTime:0.000000s ]
INFO: [ app_init ] --END-- [ RunTime:0.001000s ]

[ 2016-10-25T14:24:41+08:00 ] 127.0.0.1 /15combo/admin.php/Pay/index/p/1.html
INFO: [ app_init ] --START--
INFO: Run Behavior\BuildLiteBehavior [ RunTime:0.000000s ]
INFO: [ app_init ] --END-- [ RunTime:0.000000s ]

[ 2016-10-25T14:30:03+08:00 ] 127.0.0.1 /15combo/admin.php/Pay/index.html
INFO: [ app_init ] --START--
INFO: Run Behavior\BuildLiteBehavior [ RunTime:0.000000s ]
INFO: [ app_init ] --END-- [ RunTime:0.001000s ]

[ 2016-10-25T14:30:05+08:00 ] 127.0.0.1 /15combo/admin.php/Manage/add.html
INFO: [ app_init ] --START--
INFO: Run Behavior\BuildLiteBehavior [ RunTime:0.000000s ]
INFO: [ app_init ] --END-- [ RunTime:0.001000s ]

[ 2016-10-25T14:30:12+08:00 ] 127.0.0.1 /15combo/admin.php/Faq/add.html
INFO: [ app_init ] --START--
INFO: Run Behavior\BuildLiteBehavior [ RunTime:0.000000s ]
INFO: [ app_init ] --END-- [ RunTime:0.001000s ]

[ 2016-10-25T14:30:17+08:00 ] 127.0.0.1 /15combo/admin.php/User/add.html
INFO: [ app_init ] --START--
INFO: Run Behavior\BuildLiteBehavior [ RunTime:0.000000s ]
INFO: [ app_init ] --END-- [ RunTime:0.001000s ]

[ 2016-10-25T14:32:55+08:00 ] 127.0.0.1 /15combo/admin.php/Pay/index.html
INFO: [ app_init ] --START--
INFO: Run Behavior\BuildLiteBehavior [ RunTime:0.000000s ]
INFO: [ app_init ] --END-- [ RunTime:0.001000s ]

[ 2016-10-25T14:32:57+08:00 ] 127.0.0.1 /15combo/admin.php/Pay/add
INFO: [ app_init ] --START--
INFO: Run Behavior\BuildLiteBehavior [ RunTime:0.000000s ]
INFO: [ app_init ] --END-- [ RunTime:0.001000s ]

[ 2016-10-25T14:33:05+08:00 ] 127.0.0.1 /15combo/admin.php/Pay/index.html
INFO: [ app_init ] --START--
INFO: Run Behavior\BuildLiteBehavior [ RunTime:0.001000s ]
INFO: [ app_init ] --END-- [ RunTime:0.001000s ]

[ 2016-10-25T14:33:08+08:00 ] 127.0.0.1 /15combo/admin.php/Pay/add
INFO: [ app_init ] --START--
INFO: Run Behavior\BuildLiteBehavior [ RunTime:0.000000s ]
INFO: [ app_init ] --END-- [ RunTime:0.000000s ]

[ 2016-10-25T14:35:44+08:00 ] 127.0.0.1 /15combo/admin.php/Pay/add
INFO: [ app_init ] --START--
INFO: Run Behavior\BuildLiteBehavior [ RunTime:0.000000s ]
INFO: [ app_init ] --END-- [ RunTime:0.000000s ]

[ 2016-10-25T14:38:11+08:00 ] 127.0.0.1 /15combo/admin.php/Pay/add
INFO: [ app_init ] --START--
INFO: Run Behavior\BuildLiteBehavior [ RunTime:0.000000s ]
INFO: [ app_init ] --END-- [ RunTime:0.000000s ]

[ 2016-10-25T14:38:26+08:00 ] 127.0.0.1 /15combo/admin.php/Pay/add
INFO: [ app_init ] --START--
INFO: Run Behavior\BuildLiteBehavior [ RunTime:0.000000s ]
INFO: [ app_init ] --END-- [ RunTime:0.001000s ]

[ 2016-10-25T14:38:30+08:00 ] 127.0.0.1 /15combo/admin.php/Pay/add
INFO: [ app_init ] --START--
INFO: Run Behavior\BuildLiteBehavior [ RunTime:0.000000s ]
INFO: [ app_init ] --END-- [ RunTime:0.001000s ]

[ 2016-10-25T14:38:34+08:00 ] 127.0.0.1 /15combo/admin.php/Pay/add
INFO: [ app_init ] --START--
INFO: Run Behavior\BuildLiteBehavior [ RunTime:0.000000s ]
INFO: [ app_init ] --END-- [ RunTime:0.001000s ]

[ 2016-10-25T14:38:39+08:00 ] 127.0.0.1 /15combo/admin.php/Pay/add
INFO: [ app_init ] --START--
INFO: Run Behavior\BuildLiteBehavior [ RunTime:0.000000s ]
INFO: [ app_init ] --END-- [ RunTime:0.001000s ]

[ 2016-10-25T14:38:42+08:00 ] 127.0.0.1 /15combo/admin.php/Pay/add
INFO: [ app_init ] --START--
INFO: Run Behavior\BuildLiteBehavior [ RunTime:0.000000s ]
INFO: [ app_init ] --END-- [ RunTime:0.000000s ]

[ 2016-10-25T14:45:55+08:00 ] 127.0.0.1 /15combo/admin.php/Pay/add
INFO: [ app_init ] --START--
INFO: Run Behavior\BuildLiteBehavior [ RunTime:0.000000s ]
INFO: [ app_init ] --END-- [ RunTime:0.000000s ]

[ 2016-10-25T14:47:02+08:00 ] 127.0.0.1 /15combo/admin.php/Pay/add
INFO: [ app_init ] --START--
INFO: Run Behavior\BuildLiteBehavior [ RunTime:0.000000s ]
INFO: [ app_init ] --END-- [ RunTime:0.001000s ]

[ 2016-10-25T14:48:21+08:00 ] 127.0.0.1 /15combo/admin.php/Pay/add
INFO: [ app_init ] --START--
INFO: Run Behavior\BuildLiteBehavior [ RunTime:0.000000s ]
INFO: [ app_init ] --END-- [ RunTime:0.001000s ]

[ 2016-10-25T14:49:03+08:00 ] 127.0.0.1 /15combo/admin.php/Pay/add
INFO: [ app_init ] --START--
INFO: Run Behavior\BuildLiteBehavior [ RunTime:0.000000s ]
INFO: [ app_init ] --END-- [ RunTime:0.000000s ]

[ 2016-10-25T14:56:16+08:00 ] 127.0.0.1 /15combo/admin.php/Pay/add
INFO: [ app_init ] --START--
INFO: Run Behavior\BuildLiteBehavior [ RunTime:0.000000s ]
INFO: [ app_init ] --END-- [ RunTime:0.001000s ]

[ 2016-10-25T14:59:00+08:00 ] 127.0.0.1 /15combo/admin.php/Pay/add
INFO: [ app_init ] --START--
INFO: Run Behavior\BuildLiteBehavior [ RunTime:0.000000s ]
INFO: [ app_init ] --END-- [ RunTime:0.000000s ]

[ 2016-10-25T14:59:39+08:00 ] 127.0.0.1 /15combo/admin.php/Pay/add
INFO: [ app_init ] --START--
INFO: Run Behavior\BuildLiteBehavior [ RunTime:0.000000s ]
INFO: [ app_init ] --END-- [ RunTime:0.000000s ]

[ 2016-10-25T14:59:47+08:00 ] 127.0.0.1 /15combo/admin.php/Pay/add
INFO: [ app_init ] --START--
INFO: Run Behavior\BuildLiteBehavior [ RunTime:0.000000s ]
INFO: [ app_init ] --END-- [ RunTime:0.001000s ]

[ 2016-10-25T15:00:04+08:00 ] 127.0.0.1 /15combo/admin.php/Pay/add
INFO: [ app_init ] --START--
INFO: Run Behavior\BuildLiteBehavior [ RunTime:0.001000s ]
INFO: [ app_init ] --END-- [ RunTime:0.001000s ]

[ 2016-10-25T15:00:08+08:00 ] 127.0.0.1 /15combo/admin.php/Pay/add
INFO: [ app_init ] --START--
INFO: Run Behavior\BuildLiteBehavior [ RunTime:0.000000s ]
INFO: [ app_init ] --END-- [ RunTime:0.001000s ]

[ 2016-10-25T15:00:16+08:00 ] 127.0.0.1 /15combo/admin.php/Pay/add
INFO: [ app_init ] --START--
INFO: Run Behavior\BuildLiteBehavior [ RunTime:0.000000s ]
INFO: [ app_init ] --END-- [ RunTime:0.000000s ]

[ 2016-10-25T15:02:39+08:00 ] 127.0.0.1 /15combo/admin.php/Pay/add
INFO: [ app_init ] --START--
INFO: Run Behavior\BuildLiteBehavior [ RunTime:0.000000s ]
INFO: [ app_init ] --END-- [ RunTime:0.000000s ]

[ 2016-10-25T15:02:48+08:00 ] 127.0.0.1 /15combo/admin.php/Pay/addpro
INFO: [ app_init ] --START--
INFO: Run Behavior\BuildLiteBehavior [ RunTime:0.000000s ]
INFO: [ app_init ] --END-- [ RunTime:0.000000s ]

[ 2016-10-25T15:03:00+08:00 ] 127.0.0.1 /15combo/admin.php/Pay/addpro
INFO: [ app_init ] --START--
INFO: Run Behavior\BuildLiteBehavior [ RunTime:0.000000s ]
INFO: [ app_init ] --END-- [ RunTime:0.000000s ]

[ 2016-10-25T15:03:14+08:00 ] 127.0.0.1 /15combo/admin.php/Pay/addpro
INFO: [ app_init ] --START--
INFO: Run Behavior\BuildLiteBehavior [ RunTime:0.000000s ]
INFO: [ app_init ] --END-- [ RunTime:0.000000s ]

[ 2016-10-25T15:03:28+08:00 ] 127.0.0.1 /15combo/admin.php/Pay/addpro
INFO: [ app_init ] --START--
INFO: Run Behavior\BuildLiteBehavior [ RunTime:0.000000s ]
INFO: [ app_init ] --END-- [ RunTime:0.001000s ]

[ 2016-10-25T15:05:24+08:00 ] 127.0.0.1 /15combo/admin.php/Pay/addpro
INFO: [ app_init ] --START--
INFO: Run Behavior\BuildLiteBehavior [ RunTime:0.000000s ]
INFO: [ app_init ] --END-- [ RunTime:0.000000s ]

[ 2016-10-25T15:05:30+08:00 ] 127.0.0.1 /15combo/admin.php/Pay/addpro
INFO: [ app_init ] --START--
INFO: Run Behavior\BuildLiteBehavior [ RunTime:0.000000s ]
INFO: [ app_init ] --END-- [ RunTime:0.000000s ]

[ 2016-10-25T15:05:41+08:00 ] 127.0.0.1 /15combo/admin.php/Pay/addpro
INFO: [ app_init ] --START--
INFO: Run Behavior\BuildLiteBehavior [ RunTime:0.000000s ]
INFO: [ app_init ] --END-- [ RunTime:0.000000s ]

[ 2016-10-25T15:06:29+08:00 ] 127.0.0.1 /15combo/admin.php/Pay/add
INFO: [ app_init ] --START--
INFO: Run Behavior\BuildLiteBehavior [ RunTime:0.000000s ]
INFO: [ app_init ] --END-- [ RunTime:0.001000s ]

[ 2016-10-25T15:06:32+08:00 ] 127.0.0.1 /15combo/admin.php/Pay/addpro
INFO: [ app_init ] --START--
INFO: Run Behavior\BuildLiteBehavior [ RunTime:0.000000s ]
INFO: [ app_init ] --END-- [ RunTime:0.000000s ]

[ 2016-10-25T15:06:47+08:00 ] 127.0.0.1 /15combo/admin.php/Pay/addpro
INFO: [ app_init ] --START--
INFO: Run Behavior\BuildLiteBehavior [ RunTime:0.000000s ]
INFO: [ app_init ] --END-- [ RunTime:0.000000s ]

[ 2016-10-25T15:15:59+08:00 ] 127.0.0.1 /15combo/admin.php/Pay/addpro
INFO: [ app_init ] --START--
INFO: Run Behavior\BuildLiteBehavior [ RunTime:0.000000s ]
INFO: [ app_init ] --END-- [ RunTime:0.000000s ]
ERR: 1146:Table 'gamenoll.gn_profession' doesn't exist
 [ SQL语句 ] : SHOW COLUMNS FROM `gn_profession`

[ 2016-10-25T15:16:29+08:00 ] 127.0.0.1 /15combo/admin.php/Pay/addpro
INFO: [ app_init ] --START--
INFO: Run Behavior\BuildLiteBehavior [ RunTime:0.000000s ]
INFO: [ app_init ] --END-- [ RunTime:0.000000s ]

[ 2016-10-25T15:16:39+08:00 ] 127.0.0.1 /15combo/admin.php/Pay/addpro
INFO: [ app_init ] --START--
INFO: Run Behavior\BuildLiteBehavior [ RunTime:0.000000s ]
INFO: [ app_init ] --END-- [ RunTime:0.001000s ]
ERR: Think\Controller:asscess方法不存在！

[ 2016-10-25T15:16:49+08:00 ] 127.0.0.1 /15combo/admin.php/Pay/addpro
INFO: [ app_init ] --START--
INFO: Run Behavior\BuildLiteBehavior [ RunTime:0.000000s ]
INFO: [ app_init ] --END-- [ RunTime:0.000000s ]
ERR: Think\Controller:access方法不存在！

[ 2016-10-25T15:17:44+08:00 ] 127.0.0.1 /15combo/admin.php/Pay/addpro
INFO: [ app_init ] --START--
INFO: Run Behavior\BuildLiteBehavior [ RunTime:0.000000s ]
INFO: [ app_init ] --END-- [ RunTime:0.000000s ]
ERR: Think\Controller:auccess方法不存在！

[ 2016-10-25T15:18:27+08:00 ] 127.0.0.1 /15combo/admin.php/Pay/addpro
INFO: [ app_init ] --START--
INFO: Run Behavior\BuildLiteBehavior [ RunTime:0.000000s ]
INFO: [ app_init ] --END-- [ RunTime:0.000000s ]

[ 2016-10-25T15:18:28+08:00 ] 127.0.0.1 /15combo/admin.php/Pay/add
INFO: [ app_init ] --START--
INFO: Run Behavior\BuildLiteBehavior [ RunTime:0.000000s ]
INFO: [ app_init ] --END-- [ RunTime:0.000000s ]

[ 2016-10-25T15:38:00+08:00 ] 127.0.0.1 /15combo/admin.php/Pay/add
INFO: [ app_init ] --START--
INFO: Run Behavior\BuildLiteBehavior [ RunTime:0.000000s ]
INFO: [ app_init ] --END-- [ RunTime:0.001000s ]

[ 2016-10-25T15:38:25+08:00 ] 127.0.0.1 /15combo/admin.php/Pay/addpro
INFO: [ app_init ] --START--
INFO: Run Behavior\BuildLiteBehavior [ RunTime:0.000000s ]
INFO: [ app_init ] --END-- [ RunTime:0.001000s ]

[ 2016-10-25T15:38:31+08:00 ] 127.0.0.1 /15combo/admin.php/Pay/addpro
INFO: [ app_init ] --START--
INFO: Run Behavior\BuildLiteBehavior [ RunTime:0.000000s ]
INFO: [ app_init ] --END-- [ RunTime:0.000000s ]

[ 2016-10-25T15:41:03+08:00 ] 127.0.0.1 /15combo/admin.php/Pay/addpro
INFO: [ app_init ] --START--
INFO: Run Behavior\BuildLiteBehavior [ RunTime:0.000000s ]
INFO: [ app_init ] --END-- [ RunTime:0.000000s ]

[ 2016-10-25T15:41:30+08:00 ] 127.0.0.1 /15combo/admin.php/Pay/add
INFO: [ app_init ] --START--
INFO: Run Behavior\BuildLiteBehavior [ RunTime:0.000000s ]
INFO: [ app_init ] --END-- [ RunTime:0.000000s ]

[ 2016-10-25T15:41:31+08:00 ] 127.0.0.1 /15combo/admin.php/Pay/addpro
INFO: [ app_init ] --START--
INFO: Run Behavior\BuildLiteBehavior [ RunTime:0.000000s ]
INFO: [ app_init ] --END-- [ RunTime:0.000000s ]

[ 2016-10-25T16:03:20+08:00 ] 127.0.0.1 /15combo/admin.php/Pay/addpro
INFO: [ app_init ] --START--
INFO: Run Behavior\BuildLiteBehavior [ RunTime:0.000000s ]
INFO: [ app_init ] --END-- [ RunTime:0.001000s ]

[ 2016-10-25T16:04:55+08:00 ] 127.0.0.1 /15combo/admin.php/Pay/addpro
INFO: [ app_init ] --START--
INFO: Run Behavior\BuildLiteBehavior [ RunTime:0.000000s ]
INFO: [ app_init ] --END-- [ RunTime:0.000000s ]

[ 2016-10-25T16:06:25+08:00 ] 127.0.0.1 /15combo/admin.php/Pay/addpro
INFO: [ app_init ] --START--
INFO: Run Behavior\BuildLiteBehavior [ RunTime:0.000000s ]
INFO: [ app_init ] --END-- [ RunTime:0.000000s ]

[ 2016-10-25T16:07:55+08:00 ] 127.0.0.1 /15combo/admin.php/Pay/add
INFO: [ app_init ] --START--
INFO: Run Behavior\BuildLiteBehavior [ RunTime:0.000000s ]
INFO: [ app_init ] --END-- [ RunTime:0.001000s ]

[ 2016-10-25T16:08:03+08:00 ] 127.0.0.1 /15combo/admin.php/Pay/addpro
INFO: [ app_init ] --START--
INFO: Run Behavior\BuildLiteBehavior [ RunTime:0.000000s ]
INFO: [ app_init ] --END-- [ RunTime:0.000000s ]

[ 2016-10-25T16:08:22+08:00 ] 127.0.0.1 /15combo/admin.php/Pay/addpro
INFO: [ app_init ] --START--
INFO: Run Behavior\BuildLiteBehavior [ RunTime:0.000000s ]
INFO: [ app_init ] --END-- [ RunTime:0.000000s ]

[ 2016-10-25T16:08:31+08:00 ] 127.0.0.1 /15combo/admin.php/Pay/addpro
INFO: [ app_init ] --START--
INFO: Run Behavior\BuildLiteBehavior [ RunTime:0.000000s ]
INFO: [ app_init ] --END-- [ RunTime:0.000000s ]

[ 2016-10-25T16:12:41+08:00 ] 127.0.0.1 /15combo/admin.php/Pay/addpro
INFO: [ app_init ] --START--
INFO: Run Behavior\BuildLiteBehavior [ RunTime:0.000000s ]
INFO: [ app_init ] --END-- [ RunTime:0.000000s ]

[ 2016-10-25T16:13:04+08:00 ] 127.0.0.1 /15combo/admin.php/Pay/add
INFO: [ app_init ] --START--
INFO: Run Behavior\BuildLiteBehavior [ RunTime:0.000000s ]
INFO: [ app_init ] --END-- [ RunTime:0.001000s ]

[ 2016-10-25T16:13:12+08:00 ] 127.0.0.1 /15combo/admin.php/Pay/addpro
INFO: [ app_init ] --START--
INFO: Run Behavior\BuildLiteBehavior [ RunTime:0.000000s ]
INFO: [ app_init ] --END-- [ RunTime:0.001000s ]

[ 2016-10-25T16:13:18+08:00 ] 127.0.0.1 /15combo/admin.php/Pay/addpro
INFO: [ app_init ] --START--
INFO: Run Behavior\BuildLiteBehavior [ RunTime:0.000000s ]
INFO: [ app_init ] --END-- [ RunTime:0.000000s ]

[ 2016-10-25T16:13:35+08:00 ] 127.0.0.1 /15combo/admin.php/Pay/addpro
INFO: [ app_init ] --START--
INFO: Run Behavior\BuildLiteBehavior [ RunTime:0.000000s ]
INFO: [ app_init ] --END-- [ RunTime:0.001000s ]

[ 2016-10-25T16:15:03+08:00 ] 127.0.0.1 /15combo/admin.php/Pay/addpro
INFO: [ app_init ] --START--
INFO: Run Behavior\BuildLiteBehavior [ RunTime:0.000000s ]
INFO: [ app_init ] --END-- [ RunTime:0.000000s ]

[ 2016-10-25T16:16:14+08:00 ] 127.0.0.1 /15combo/admin.php/Pay/addpro
INFO: [ app_init ] --START--
INFO: Run Behavior\BuildLiteBehavior [ RunTime:0.000000s ]
INFO: [ app_init ] --END-- [ RunTime:0.000000s ]

[ 2016-10-25T16:16:30+08:00 ] 127.0.0.1 /15combo/admin.php/Pay/add
INFO: [ app_init ] --START--
INFO: Run Behavior\BuildLiteBehavior [ RunTime:0.000000s ]
INFO: [ app_init ] --END-- [ RunTime:0.000000s ]

[ 2016-10-25T16:16:34+08:00 ] 127.0.0.1 /15combo/admin.php/Pay/addpro
INFO: [ app_init ] --START--
INFO: Run Behavior\BuildLiteBehavior [ RunTime:0.000000s ]
INFO: [ app_init ] --END-- [ RunTime:0.000000s ]

[ 2016-10-25T16:17:49+08:00 ] 127.0.0.1 /15combo/admin.php/Pay/addpro
INFO: [ app_init ] --START--
INFO: Run Behavior\BuildLiteBehavior [ RunTime:0.000000s ]
INFO: [ app_init ] --END-- [ RunTime:0.000000s ]

[ 2016-10-25T16:17:58+08:00 ] 127.0.0.1 /15combo/admin.php/Pay/addpro
INFO: [ app_init ] --START--
INFO: Run Behavior\BuildLiteBehavior [ RunTime:0.000000s ]
INFO: [ app_init ] --END-- [ RunTime:0.001000s ]

[ 2016-10-25T16:18:21+08:00 ] 127.0.0.1 /15combo/admin.php/Pay/addpro
INFO: [ app_init ] --START--
INFO: Run Behavior\BuildLiteBehavior [ RunTime:0.000000s ]
INFO: [ app_init ] --END-- [ RunTime:0.000000s ]

[ 2016-10-25T16:18:40+08:00 ] 127.0.0.1 /15combo/admin.php/Pay/addpro
INFO: [ app_init ] --START--
INFO: Run Behavior\BuildLiteBehavior [ RunTime:0.000000s ]
INFO: [ app_init ] --END-- [ RunTime:0.001000s ]

[ 2016-10-25T16:26:36+08:00 ] 127.0.0.1 /15combo/admin.php/Pay/add
INFO: [ app_init ] --START--
INFO: Run Behavior\BuildLiteBehavior [ RunTime:0.000000s ]
INFO: [ app_init ] --END-- [ RunTime:0.001000s ]

[ 2016-10-25T16:27:34+08:00 ] 127.0.0.1 /15combo/admin.php/Pay/addpro
INFO: [ app_init ] --START--
INFO: Run Behavior\BuildLiteBehavior [ RunTime:0.000000s ]
INFO: [ app_init ] --END-- [ RunTime:0.001000s ]

[ 2016-10-25T16:27:35+08:00 ] 127.0.0.1 /15combo/admin.php/Pay/add
INFO: [ app_init ] --START--
INFO: Run Behavior\BuildLiteBehavior [ RunTime:0.000000s ]
INFO: [ app_init ] --END-- [ RunTime:0.001000s ]

[ 2016-10-25T16:30:46+08:00 ] 127.0.0.1 /15combo/admin.php/Pay/add
INFO: [ app_init ] --START--
INFO: Run Behavior\BuildLiteBehavior [ RunTime:0.000000s ]
INFO: [ app_init ] --END-- [ RunTime:0.000000s ]

[ 2016-10-25T16:30:46+08:00 ] 127.0.0.1 /15combo/admin.php/Pay/add
INFO: [ app_init ] --START--
INFO: Run Behavior\BuildLiteBehavior [ RunTime:0.000000s ]
INFO: [ app_init ] --END-- [ RunTime:0.001000s ]

[ 2016-10-25T16:31:46+08:00 ] 127.0.0.1 /15combo/admin.php/Pay/addpro
INFO: [ app_init ] --START--
INFO: Run Behavior\BuildLiteBehavior [ RunTime:0.000000s ]
INFO: [ app_init ] --END-- [ RunTime:0.000000s ]

[ 2016-10-25T16:31:47+08:00 ] 127.0.0.1 /15combo/admin.php/Pay/add
INFO: [ app_init ] --START--
INFO: Run Behavior\BuildLiteBehavior [ RunTime:0.000000s ]
INFO: [ app_init ] --END-- [ RunTime:0.001000s ]

[ 2016-10-25T16:33:26+08:00 ] 127.0.0.1 /15combo/admin.php/Pay/index.html
INFO: [ app_init ] --START--
INFO: Run Behavior\BuildLiteBehavior [ RunTime:0.000000s ]
INFO: [ app_init ] --END-- [ RunTime:0.015600s ]

[ 2016-10-25T16:33:28+08:00 ] 127.0.0.1 /15combo/admin.php/Pay/index.html
INFO: [ app_init ] --START--
INFO: Run Behavior\BuildLiteBehavior [ RunTime:0.000000s ]
INFO: [ app_init ] --END-- [ RunTime:0.000000s ]

[ 2016-10-25T16:33:29+08:00 ] 127.0.0.1 /15combo/admin.php/Pay/add
INFO: [ app_init ] --START--
INFO: Run Behavior\BuildLiteBehavior [ RunTime:0.000000s ]
INFO: [ app_init ] --END-- [ RunTime:0.000000s ]

[ 2016-10-25T16:33:44+08:00 ] 127.0.0.1 /15combo/admin.php/Pay/index.html
INFO: [ app_init ] --START--
INFO: Run Behavior\BuildLiteBehavior [ RunTime:0.000000s ]
INFO: [ app_init ] --END-- [ RunTime:0.000000s ]

[ 2016-10-25T16:53:09+08:00 ] 127.0.0.1 /15combo/admin.php/Pay/index.html
INFO: [ app_init ] --START--
INFO: Run Behavior\BuildLiteBehavior [ RunTime:0.000000s ]
INFO: [ app_init ] --END-- [ RunTime:0.000000s ]
ERR: 无法加载控制器:Pay

[ 2016-10-25T16:53:14+08:00 ] 127.0.0.1 /15combo/admin.php/Pay/index.html
INFO: [ app_init ] --START--
INFO: Run Behavior\BuildLiteBehavior [ RunTime:0.000000s ]
INFO: [ app_init ] --END-- [ RunTime:0.000000s ]
ERR: 无法加载控制器:Pay

[ 2016-10-25T16:53:25+08:00 ] 127.0.0.1 /15combo/admin.php/Pay/add
INFO: [ app_init ] --START--
INFO: Run Behavior\BuildLiteBehavior [ RunTime:0.000000s ]
INFO: [ app_init ] --END-- [ RunTime:0.000000s ]
ERR: 无法加载控制器:Pay

[ 2016-10-25T16:53:26+08:00 ] 127.0.0.1 /15combo/admin.php/Pay/add
INFO: [ app_init ] --START--
INFO: Run Behavior\BuildLiteBehavior [ RunTime:0.000000s ]
INFO: [ app_init ] --END-- [ RunTime:0.001000s ]
ERR: 无法加载控制器:Pay

[ 2016-10-25T16:53:26+08:00 ] 127.0.0.1 /15combo/admin.php/Pay/add
INFO: [ app_init ] --START--
INFO: Run Behavior\BuildLiteBehavior [ RunTime:0.000000s ]
INFO: [ app_init ] --END-- [ RunTime:0.000000s ]
ERR: 无法加载控制器:Pay

[ 2016-10-25T16:53:29+08:00 ] 127.0.0.1 /15combo/admin.php
INFO: [ app_init ] --START--
INFO: Run Behavior\BuildLiteBehavior [ RunTime:0.000000s ]
INFO: [ app_init ] --END-- [ RunTime:0.000000s ]

[ 2016-10-25T16:53:31+08:00 ] 127.0.0.1 /15combo/admin.php/profession/index.html
INFO: [ app_init ] --START--
INFO: Run Behavior\BuildLiteBehavior [ RunTime:0.000000s ]
INFO: [ app_init ] --END-- [ RunTime:0.000000s ]

[ 2016-10-25T16:55:06+08:00 ] 127.0.0.1 /15combo/admin.php/profession/index.html
INFO: [ app_init ] --START--
INFO: Run Behavior\BuildLiteBehavior [ RunTime:0.000000s ]
INFO: [ app_init ] --END-- [ RunTime:0.000000s ]

[ 2016-10-25T16:55:15+08:00 ] 127.0.0.1 /15combo/admin.php/profession/index.html
INFO: [ app_init ] --START--
INFO: Run Behavior\BuildLiteBehavior [ RunTime:0.000000s ]
INFO: [ app_init ] --END-- [ RunTime:0.015600s ]

[ 2016-10-25T16:55:51+08:00 ] 127.0.0.1 /15combo/admin.php/profession/index.html
INFO: [ app_init ] --START--
INFO: Run Behavior\BuildLiteBehavior [ RunTime:0.000000s ]
INFO: [ app_init ] --END-- [ RunTime:0.000000s ]

[ 2016-10-25T16:56:21+08:00 ] 127.0.0.1 /15combo/admin.php/profession/index.html
INFO: [ app_init ] --START--
INFO: Run Behavior\BuildLiteBehavior [ RunTime:0.000000s ]
INFO: [ app_init ] --END-- [ RunTime:0.000000s ]

[ 2016-10-25T16:57:08+08:00 ] 127.0.0.1 /15combo/admin.php/profession/index.html
INFO: [ app_init ] --START--
INFO: Run Behavior\BuildLiteBehavior [ RunTime:0.000000s ]
INFO: [ app_init ] --END-- [ RunTime:0.000000s ]

[ 2016-10-25T17:00:07+08:00 ] 127.0.0.1 /15combo/admin.php/Profession/add
INFO: [ app_init ] --START--
INFO: Run Behavior\BuildLiteBehavior [ RunTime:0.000000s ]
INFO: [ app_init ] --END-- [ RunTime:0.001000s ]

[ 2016-10-25T17:02:15+08:00 ] 127.0.0.1 /15combo/admin.php/Profession/add
INFO: [ app_init ] --START--
INFO: Run Behavior\BuildLiteBehavior [ RunTime:0.000000s ]
INFO: [ app_init ] --END-- [ RunTime:0.000000s ]

[ 2016-10-25T17:02:38+08:00 ] 127.0.0.1 /15combo/admin.php/profession/index.html
INFO: [ app_init ] --START--
INFO: Run Behavior\BuildLiteBehavior [ RunTime:0.000000s ]
INFO: [ app_init ] --END-- [ RunTime:0.000000s ]

[ 2016-10-25T17:02:40+08:00 ] 127.0.0.1 /15combo/admin.php/Profession/add
INFO: [ app_init ] --START--
INFO: Run Behavior\BuildLiteBehavior [ RunTime:0.000000s ]
INFO: [ app_init ] --END-- [ RunTime:0.000000s ]

[ 2016-10-25T17:03:53+08:00 ] 127.0.0.1 /15combo/admin.php/Profession/addpro
INFO: [ app_init ] --START--
INFO: Run Behavior\BuildLiteBehavior [ RunTime:0.000000s ]
INFO: [ app_init ] --END-- [ RunTime:0.000000s ]

[ 2016-10-25T17:03:54+08:00 ] 127.0.0.1 /15combo/admin.php/Profession/index
INFO: [ app_init ] --START--
INFO: Run Behavior\BuildLiteBehavior [ RunTime:0.000000s ]
INFO: [ app_init ] --END-- [ RunTime:0.000000s ]

[ 2016-10-25T17:05:00+08:00 ] 127.0.0.1 /15combo/admin.php/profession/index.html
INFO: [ app_init ] --START--
INFO: Run Behavior\BuildLiteBehavior [ RunTime:0.000000s ]
INFO: [ app_init ] --END-- [ RunTime:0.000000s ]

[ 2016-10-25T17:05:04+08:00 ] 127.0.0.1 /15combo/admin.php/Profession/add
INFO: [ app_init ] --START--
INFO: Run Behavior\BuildLiteBehavior [ RunTime:0.000000s ]
INFO: [ app_init ] --END-- [ RunTime:0.000000s ]

[ 2016-10-25T17:05:07+08:00 ] 127.0.0.1 /15combo/admin.php/profession/index.html
INFO: [ app_init ] --START--
INFO: Run Behavior\BuildLiteBehavior [ RunTime:0.000000s ]
INFO: [ app_init ] --END-- [ RunTime:0.000000s ]

[ 2016-10-25T17:05:11+08:00 ] 127.0.0.1 /15combo/admin.php/profession/index.html
INFO: [ app_init ] --START--
INFO: Run Behavior\BuildLiteBehavior [ RunTime:0.000000s ]
INFO: [ app_init ] --END-- [ RunTime:0.001000s ]

[ 2016-10-25T17:05:12+08:00 ] 127.0.0.1 /15combo/admin.php/profession/index.html
INFO: [ app_init ] --START--
INFO: Run Behavior\BuildLiteBehavior [ RunTime:0.000000s ]
INFO: [ app_init ] --END-- [ RunTime:0.000000s ]

[ 2016-10-25T17:05:32+08:00 ] 127.0.0.1 /15combo/admin.php/profession/index.html
INFO: [ app_init ] --START--
INFO: Run Behavior\BuildLiteBehavior [ RunTime:0.000000s ]
INFO: [ app_init ] --END-- [ RunTime:0.000000s ]

[ 2016-10-25T17:05:33+08:00 ] 127.0.0.1 /15combo/admin.php/Pay/index.html
INFO: [ app_init ] --START--
INFO: Run Behavior\BuildLiteBehavior [ RunTime:0.000000s ]
INFO: [ app_init ] --END-- [ RunTime:0.000000s ]
ERR: 无法加载控制器:Pay

[ 2016-10-25T17:05:36+08:00 ] 127.0.0.1 /15combo/admin.php/profession/index.html
INFO: [ app_init ] --START--
INFO: Run Behavior\BuildLiteBehavior [ RunTime:0.000000s ]
INFO: [ app_init ] --END-- [ RunTime:0.001000s ]

[ 2016-10-25T17:05:55+08:00 ] 127.0.0.1 /15combo/admin.php/News/add.html
INFO: [ app_init ] --START--
INFO: Run Behavior\BuildLiteBehavior [ RunTime:0.000000s ]
INFO: [ app_init ] --END-- [ RunTime:0.000000s ]

[ 2016-10-25T17:06:06+08:00 ] 127.0.0.1 /15combo/admin.php/News/add.html
INFO: [ app_init ] --START--
INFO: Run Behavior\BuildLiteBehavior [ RunTime:0.000000s ]
INFO: [ app_init ] --END-- [ RunTime:0.000000s ]

[ 2016-10-25T17:06:15+08:00 ] 127.0.0.1 /15combo/admin.php/profession/index.html
INFO: [ app_init ] --START--
INFO: Run Behavior\BuildLiteBehavior [ RunTime:0.000000s ]
INFO: [ app_init ] --END-- [ RunTime:0.000000s ]

[ 2016-10-25T17:06:33+08:00 ] 127.0.0.1 /15combo/admin.php/profession/index.html
INFO: [ app_init ] --START--
INFO: Run Behavior\BuildLiteBehavior [ RunTime:0.000000s ]
INFO: [ app_init ] --END-- [ RunTime:0.000000s ]

[ 2016-10-25T17:06:41+08:00 ] 127.0.0.1 /15combo/admin.php/Profession/add
INFO: [ app_init ] --START--
INFO: Run Behavior\BuildLiteBehavior [ RunTime:0.000000s ]
INFO: [ app_init ] --END-- [ RunTime:0.000000s ]

[ 2016-10-25T17:07:10+08:00 ] 127.0.0.1 /15combo/admin.php/profession/index.html
INFO: [ app_init ] --START--
INFO: Run Behavior\BuildLiteBehavior [ RunTime:0.000000s ]
INFO: [ app_init ] --END-- [ RunTime:0.000000s ]

[ 2016-10-25T17:12:30+08:00 ] 127.0.0.1 /15combo/admin.php/profession/index.html
INFO: [ app_init ] --START--
INFO: Run Behavior\BuildLiteBehavior [ RunTime:0.000000s ]
INFO: [ app_init ] --END-- [ RunTime:0.000000s ]

[ 2016-10-25T17:14:28+08:00 ] 127.0.0.1 /15combo/admin.php/profession/index.html
INFO: [ app_init ] --START--
INFO: Run Behavior\BuildLiteBehavior [ RunTime:0.000000s ]
INFO: [ app_init ] --END-- [ RunTime:0.000000s ]

[ 2016-10-25T17:14:31+08:00 ] 127.0.0.1 /15combo/admin.php/public/view//15combo/Public/profession/icon/2016-10-25/580f17761c3a1.mp4
INFO: [ app_init ] --START--
INFO: Run Behavior\BuildLiteBehavior [ RunTime:0.000000s ]
INFO: [ app_init ] --END-- [ RunTime:0.001000s ]
ERR: 参数错误或者未定义:src

[ 2016-10-25T17:15:06+08:00 ] 127.0.0.1 /15combo/admin.php/profession/index.html
INFO: [ app_init ] --START--
INFO: Run Behavior\BuildLiteBehavior [ RunTime:0.000000s ]
INFO: [ app_init ] --END-- [ RunTime:0.000000s ]

[ 2016-10-25T17:15:11+08:00 ] 127.0.0.1 /15combo/admin.php/public/view/15combo/Public/profession/icon/2016-10-25/580f1872cbf59.mp4
INFO: [ app_init ] --START--
INFO: Run Behavior\BuildLiteBehavior [ RunTime:0.000000s ]
INFO: [ app_init ] --END-- [ RunTime:0.000000s ]
ERR: 参数错误或者未定义:src

[ 2016-10-25T17:17:22+08:00 ] 127.0.0.1 /15combo/admin.php/profession/index.html
INFO: [ app_init ] --START--
INFO: Run Behavior\BuildLiteBehavior [ RunTime:0.000000s ]
INFO: [ app_init ] --END-- [ RunTime:0.000000s ]

[ 2016-10-25T17:17:24+08:00 ] 127.0.0.1 /15combo/admin.php/public/view/src//15combo/Public/profession/icon/2016-10-25/580f17761c3a1.mp4
INFO: [ app_init ] --START--
INFO: Run Behavior\BuildLiteBehavior [ RunTime:0.000000s ]
INFO: [ app_init ] --END-- [ RunTime:0.000000s ]

[ 2016-10-25T17:17:24+08:00 ] 127.0.0.1 /15combo/admin.php/public/view/src//15combo/Public/profession/icon/2016-10-25/15combo
INFO: [ app_init ] --START--
INFO: Run Behavior\BuildLiteBehavior [ RunTime:0.000000s ]
INFO: [ app_init ] --END-- [ RunTime:0.000000s ]

[ 2016-10-25T17:17:24+08:00 ] 127.0.0.1 /15combo/admin.php/public/view/src//15combo/Public/profession/icon/2016-10-25/15combo
INFO: [ app_init ] --START--
INFO: Run Behavior\BuildLiteBehavior [ RunTime:0.000000s ]
INFO: [ app_init ] --END-- [ RunTime:0.000000s ]

[ 2016-10-25T17:17:26+08:00 ] 127.0.0.1 /15combo/admin.php/public/view/src//15combo/Public/profession/icon/2016-10-25/580f17761c3a1.mp4
INFO: [ app_init ] --START--
INFO: Run Behavior\BuildLiteBehavior [ RunTime:0.000000s ]
INFO: [ app_init ] --END-- [ RunTime:0.000000s ]

[ 2016-10-25T17:17:26+08:00 ] 127.0.0.1 /15combo/admin.php/public/view/src//15combo/Public/profession/icon/2016-10-25/15combo
INFO: [ app_init ] --START--
INFO: Run Behavior\BuildLiteBehavior [ RunTime:0.000000s ]
INFO: [ app_init ] --END-- [ RunTime:0.000000s ]

[ 2016-10-25T17:17:26+08:00 ] 127.0.0.1 /15combo/admin.php/public/view/src//15combo/Public/profession/icon/2016-10-25/15combo
INFO: [ app_init ] --START--
INFO: Run Behavior\BuildLiteBehavior [ RunTime:0.000000s ]
INFO: [ app_init ] --END-- [ RunTime:0.000000s ]

[ 2016-10-25T17:17:27+08:00 ] 127.0.0.1 /15combo/admin.php/public/view/src//15combo/Public/profession/icon/2016-10-25/580f17761c3a1.mp4
INFO: [ app_init ] --START--
INFO: Run Behavior\BuildLiteBehavior [ RunTime:0.001000s ]
INFO: [ app_init ] --END-- [ RunTime:0.001000s ]

[ 2016-10-25T17:17:27+08:00 ] 127.0.0.1 /15combo/admin.php/public/view/src//15combo/Public/profession/icon/2016-10-25/15combo
INFO: [ app_init ] --START--
INFO: Run Behavior\BuildLiteBehavior [ RunTime:0.000000s ]
INFO: [ app_init ] --END-- [ RunTime:0.000000s ]

[ 2016-10-25T17:17:27+08:00 ] 127.0.0.1 /15combo/admin.php/public/view/src//15combo/Public/profession/icon/2016-10-25/15combo
INFO: [ app_init ] --START--
INFO: Run Behavior\BuildLiteBehavior [ RunTime:0.000000s ]
INFO: [ app_init ] --END-- [ RunTime:0.000000s ]

[ 2016-10-25T17:17:27+08:00 ] 127.0.0.1 /15combo/admin.php/public/view/src//15combo/Public/profession/icon/2016-10-25/580f17761c3a1.mp4
INFO: [ app_init ] --START--
INFO: Run Behavior\BuildLiteBehavior [ RunTime:0.000000s ]
INFO: [ app_init ] --END-- [ RunTime:0.000000s ]

[ 2016-10-25T17:17:27+08:00 ] 127.0.0.1 /15combo/admin.php/public/view/src//15combo/Public/profession/icon/2016-10-25/15combo
INFO: [ app_init ] --START--
INFO: Run Behavior\BuildLiteBehavior [ RunTime:0.000000s ]
INFO: [ app_init ] --END-- [ RunTime:0.000000s ]

[ 2016-10-25T17:17:27+08:00 ] 127.0.0.1 /15combo/admin.php/public/view/src//15combo/Public/profession/icon/2016-10-25/15combo
INFO: [ app_init ] --START--
INFO: Run Behavior\BuildLiteBehavior [ RunTime:0.000000s ]
INFO: [ app_init ] --END-- [ RunTime:0.000000s ]

[ 2016-10-25T17:17:28+08:00 ] 127.0.0.1 /15combo/admin.php/public/view/src//15combo/Public/profession/icon/2016-10-25/580f17761c3a1.mp4
INFO: [ app_init ] --START--
INFO: Run Behavior\BuildLiteBehavior [ RunTime:0.000000s ]
INFO: [ app_init ] --END-- [ RunTime:0.000000s ]

[ 2016-10-25T17:17:28+08:00 ] 127.0.0.1 /15combo/admin.php/public/view/src//15combo/Public/profession/icon/2016-10-25/15combo
INFO: [ app_init ] --START--
INFO: Run Behavior\BuildLiteBehavior [ RunTime:0.000000s ]
INFO: [ app_init ] --END-- [ RunTime:0.000000s ]

[ 2016-10-25T17:17:28+08:00 ] 127.0.0.1 /15combo/admin.php/public/view/src//15combo/Public/profession/icon/2016-10-25/15combo
INFO: [ app_init ] --START--
INFO: Run Behavior\BuildLiteBehavior [ RunTime:0.000000s ]
INFO: [ app_init ] --END-- [ RunTime:0.000000s ]

[ 2016-10-25T17:20:28+08:00 ] 127.0.0.1 /15combo/admin.php/profession/index.html
INFO: [ app_init ] --START--
INFO: Run Behavior\BuildLiteBehavior [ RunTime:0.000000s ]
INFO: [ app_init ] --END-- [ RunTime:0.000000s ]

[ 2016-10-25T17:20:32+08:00 ] 127.0.0.1 /15combo/admin.php/profession/index.html
INFO: [ app_init ] --START--
INFO: Run Behavior\BuildLiteBehavior [ RunTime:0.000000s ]
INFO: [ app_init ] --END-- [ RunTime:0.000000s ]

[ 2016-10-25T17:21:33+08:00 ] 127.0.0.1 /15combo/admin.php/profession/index.html
INFO: [ app_init ] --START--
INFO: Run Behavior\BuildLiteBehavior [ RunTime:0.000000s ]
INFO: [ app_init ] --END-- [ RunTime:0.000000s ]

[ 2016-10-25T17:21:38+08:00 ] 127.0.0.1 /15combo/admin.php/public/view/src/profession/icon/2016-10-25/580f17761c3a1.mp4
INFO: [ app_init ] --START--
INFO: Run Behavior\BuildLiteBehavior [ RunTime:0.000000s ]
INFO: [ app_init ] --END-- [ RunTime:0.001000s ]

[ 2016-10-25T17:22:21+08:00 ] 127.0.0.1 /15combo/admin.php/public/view/src/profession/icon/2016-10-25/580f17761c3a1.mp4
INFO: [ app_init ] --START--
INFO: Run Behavior\BuildLiteBehavior [ RunTime:0.000000s ]
INFO: [ app_init ] --END-- [ RunTime:0.000000s ]

[ 2016-10-25T17:22:22+08:00 ] 127.0.0.1 /15combo/admin.php/public/view/src/profession/icon/2016-10-25/580f17761c3a1.mp4
INFO: [ app_init ] --START--
INFO: Run Behavior\BuildLiteBehavior [ RunTime:0.000000s ]
INFO: [ app_init ] --END-- [ RunTime:0.000000s ]

[ 2016-10-25T17:22:23+08:00 ] 127.0.0.1 /15combo/admin.php/public/view/src/profession/icon/2016-10-25/580f17761c3a1.mp4
INFO: [ app_init ] --START--
INFO: Run Behavior\BuildLiteBehavior [ RunTime:0.000000s ]
INFO: [ app_init ] --END-- [ RunTime:0.000000s ]

[ 2016-10-25T17:22:26+08:00 ] 127.0.0.1 /15combo/admin.php/public/view/src/profession/icon/2016-10-25/580f17761c3a1.mp4
INFO: [ app_init ] --START--
INFO: Run Behavior\BuildLiteBehavior [ RunTime:0.000000s ]
INFO: [ app_init ] --END-- [ RunTime:0.000000s ]

[ 2016-10-25T17:22:26+08:00 ] 127.0.0.1 /15combo/admin.php/public/view/src/profession/icon/2016-10-25/580f17761c3a1.mp4
INFO: [ app_init ] --START--
INFO: Run Behavior\BuildLiteBehavior [ RunTime:0.000000s ]
INFO: [ app_init ] --END-- [ RunTime:0.000000s ]

[ 2016-10-25T17:22:26+08:00 ] 127.0.0.1 /15combo/admin.php/public/view/src/profession/icon/2016-10-25/580f17761c3a1.mp4
INFO: [ app_init ] --START--
INFO: Run Behavior\BuildLiteBehavior [ RunTime:0.000000s ]
INFO: [ app_init ] --END-- [ RunTime:0.001000s ]

[ 2016-10-25T17:22:26+08:00 ] 127.0.0.1 /15combo/admin.php/public/view/src/profession/icon/2016-10-25/580f17761c3a1.mp4
INFO: [ app_init ] --START--
INFO: Run Behavior\BuildLiteBehavior [ RunTime:0.000000s ]
INFO: [ app_init ] --END-- [ RunTime:0.000000s ]

[ 2016-10-25T17:22:26+08:00 ] 127.0.0.1 /15combo/admin.php/public/view/src/profession/icon/2016-10-25/580f17761c3a1.mp4
INFO: [ app_init ] --START--
INFO: Run Behavior\BuildLiteBehavior [ RunTime:0.000000s ]
INFO: [ app_init ] --END-- [ RunTime:0.001000s ]

[ 2016-10-25T17:26:34+08:00 ] 127.0.0.1 /15combo/admin.php/public/view/src/profession/icon/2016-10-25/580f17761c3a1.mp4
INFO: [ app_init ] --START--
INFO: Run Behavior\BuildLiteBehavior [ RunTime:0.000000s ]
INFO: [ app_init ] --END-- [ RunTime:0.000000s ]

[ 2016-10-25T17:27:10+08:00 ] 127.0.0.1 /15combo/admin.php/public/view/src/profession/icon/2016-10-25/580f17761c3a1.mp4
INFO: [ app_init ] --START--
INFO: Run Behavior\BuildLiteBehavior [ RunTime:0.000000s ]
INFO: [ app_init ] --END-- [ RunTime:0.000000s ]

[ 2016-10-25T17:27:10+08:00 ] 127.0.0.1 /15combo/admin.php/public/view/src/profession/icon/2016-10-25/580f17761c3a1.mp4
INFO: [ app_init ] --START--
INFO: Run Behavior\BuildLiteBehavior [ RunTime:0.000000s ]
INFO: [ app_init ] --END-- [ RunTime:0.000000s ]

[ 2016-10-25T17:27:41+08:00 ] 127.0.0.1 /15combo/admin.php/public/view/src/profession/icon/2016-10-25/580f17761c3a1.mp4
INFO: [ app_init ] --START--
INFO: Run Behavior\BuildLiteBehavior [ RunTime:0.000000s ]
INFO: [ app_init ] --END-- [ RunTime:0.000000s ]

[ 2016-10-25T17:27:45+08:00 ] 127.0.0.1 /15combo/admin.php/public/view/src/profession/icon/2016-10-25/580f17761c3a1.mp4
INFO: [ app_init ] --START--
INFO: Run Behavior\BuildLiteBehavior [ RunTime:0.000000s ]
INFO: [ app_init ] --END-- [ RunTime:0.000000s ]

[ 2016-10-25T17:31:07+08:00 ] 127.0.0.1 /15combo/admin.php/profession/index.html
INFO: [ app_init ] --START--
INFO: Run Behavior\BuildLiteBehavior [ RunTime:0.000000s ]
INFO: [ app_init ] --END-- [ RunTime:0.001000s ]

[ 2016-10-25T17:31:10+08:00 ] 127.0.0.1 /15combo/admin.php/public/view?src=%27profession/icon/2016-10-25/580f1872cbf59.mp4%27
INFO: [ app_init ] --START--
INFO: Run Behavior\BuildLiteBehavior [ RunTime:0.000000s ]
INFO: [ app_init ] --END-- [ RunTime:0.000000s ]

[ 2016-10-25T17:31:19+08:00 ] 127.0.0.1 /15combo/admin.php/profession/index.html
INFO: [ app_init ] --START--
INFO: Run Behavior\BuildLiteBehavior [ RunTime:0.000000s ]
INFO: [ app_init ] --END-- [ RunTime:0.001000s ]

[ 2016-10-25T17:31:21+08:00 ] 127.0.0.1 /15combo/admin.php/public/view?src=profession/icon/2016-10-25/580f17761c3a1.mp4
INFO: [ app_init ] --START--
INFO: Run Behavior\BuildLiteBehavior [ RunTime:0.000000s ]
INFO: [ app_init ] --END-- [ RunTime:0.000000s ]

[ 2016-10-25T17:31:23+08:00 ] 127.0.0.1 /15combo/admin.php/public/view?src=profession/icon/2016-10-25/580f1872cbf59.mp4
INFO: [ app_init ] --START--
INFO: Run Behavior\BuildLiteBehavior [ RunTime:0.000000s ]
INFO: [ app_init ] --END-- [ RunTime:0.000000s ]

[ 2016-10-25T17:31:36+08:00 ] 127.0.0.1 /15combo/admin.php/public/view?src=profession/icon/2016-10-25/580f17761c3a1.mp4
INFO: [ app_init ] --START--
INFO: Run Behavior\BuildLiteBehavior [ RunTime:0.000000s ]
INFO: [ app_init ] --END-- [ RunTime:0.001000s ]

[ 2016-10-25T17:32:52+08:00 ] 127.0.0.1 /15combo/admin.php/public/view?src=profession/icon/2016-10-25/580f17761c3a1.mp4
INFO: [ app_init ] --START--
INFO: Run Behavior\BuildLiteBehavior [ RunTime:0.000000s ]
INFO: [ app_init ] --END-- [ RunTime:0.000000s ]

[ 2016-10-25T17:33:59+08:00 ] 127.0.0.1 /15combo/admin.php/public/view?src=profession/icon/2016-10-25/580f17761c3a1.mp4
INFO: [ app_init ] --START--
INFO: Run Behavior\BuildLiteBehavior [ RunTime:0.000000s ]
INFO: [ app_init ] --END-- [ RunTime:0.000000s ]

[ 2016-10-25T17:34:00+08:00 ] 127.0.0.1 /15combo/admin.php/public/view?src=profession/icon/2016-10-25/580f17761c3a1.mp4
INFO: [ app_init ] --START--
INFO: Run Behavior\BuildLiteBehavior [ RunTime:0.000000s ]
INFO: [ app_init ] --END-- [ RunTime:0.000000s ]

[ 2016-10-25T17:34:03+08:00 ] 127.0.0.1 /15combo/admin.php/public/view?src=profession/icon/2016-10-25/580f1872cbf59.mp4
INFO: [ app_init ] --START--
INFO: Run Behavior\BuildLiteBehavior [ RunTime:0.000000s ]
INFO: [ app_init ] --END-- [ RunTime:0.000000s ]

[ 2016-10-25T17:35:06+08:00 ] 127.0.0.1 /15combo/admin.php/public/view?src=profession/icon/2016-10-25/580f1872cbf59.mp4
INFO: [ app_init ] --START--
INFO: Run Behavior\BuildLiteBehavior [ RunTime:0.000000s ]
INFO: [ app_init ] --END-- [ RunTime:0.001000s ]

[ 2016-10-25T17:35:14+08:00 ] 127.0.0.1 /15combo/admin.php/public/view?src=profession/icon/2016-10-25/580f1ff9384e0.mp4
INFO: [ app_init ] --START--
INFO: Run Behavior\BuildLiteBehavior [ RunTime:0.000000s ]
INFO: [ app_init ] --END-- [ RunTime:0.000000s ]

[ 2016-10-25T17:35:15+08:00 ] 127.0.0.1 /15combo/admin.php/public/view?src=profession/icon/2016-10-25/580f1ff9384e0.mp4
INFO: [ app_init ] --START--
INFO: Run Behavior\BuildLiteBehavior [ RunTime:0.000000s ]
INFO: [ app_init ] --END-- [ RunTime:0.000000s ]

[ 2016-10-25T17:35:46+08:00 ] 127.0.0.1 /15combo/admin.php/public/view?src=profession/icon/2016-10-25/580f1ff9384e0.mp4
INFO: [ app_init ] --START--
INFO: Run Behavior\BuildLiteBehavior [ RunTime:0.000000s ]
INFO: [ app_init ] --END-- [ RunTime:0.000000s ]

[ 2016-10-25T17:35:47+08:00 ] 127.0.0.1 /15combo/admin.php/public/view?src=profession/icon/2016-10-25/580f1ff9384e0.mp4
INFO: [ app_init ] --START--
INFO: Run Behavior\BuildLiteBehavior [ RunTime:0.000000s ]
INFO: [ app_init ] --END-- [ RunTime:0.001000s ]

[ 2016-10-25T17:35:47+08:00 ] 127.0.0.1 /15combo/admin.php/public/view?src=profession/icon/2016-10-25/580f1ff9384e0.mp4
INFO: [ app_init ] --START--
INFO: Run Behavior\BuildLiteBehavior [ RunTime:0.000000s ]
INFO: [ app_init ] --END-- [ RunTime:0.000000s ]

[ 2016-10-25T17:35:47+08:00 ] 127.0.0.1 /15combo/admin.php/public/view?src=profession/icon/2016-10-25/580f1ff9384e0.mp4
INFO: [ app_init ] --START--
INFO: Run Behavior\BuildLiteBehavior [ RunTime:0.000000s ]
INFO: [ app_init ] --END-- [ RunTime:0.000000s ]

[ 2016-10-25T17:35:48+08:00 ] 127.0.0.1 /15combo/admin.php/public/view?src=profession/icon/2016-10-25/580f1ff9384e0.mp4
INFO: [ app_init ] --START--
INFO: Run Behavior\BuildLiteBehavior [ RunTime:0.000000s ]
INFO: [ app_init ] --END-- [ RunTime:0.001000s ]

[ 2016-10-25T17:37:01+08:00 ] 127.0.0.1 /15combo/admin.php/public/view?src=profession/icon/2016-10-25/580f1ff9384e0.mp4
INFO: [ app_init ] --START--
INFO: Run Behavior\BuildLiteBehavior [ RunTime:0.000000s ]
INFO: [ app_init ] --END-- [ RunTime:0.000000s ]

[ 2016-10-25T17:37:01+08:00 ] 127.0.0.1 /15combo/admin.php/public/view?src=profession/icon/2016-10-25/580f1ff9384e0.mp4
INFO: [ app_init ] --START--
INFO: Run Behavior\BuildLiteBehavior [ RunTime:0.000000s ]
INFO: [ app_init ] --END-- [ RunTime:0.000000s ]

[ 2016-10-25T17:37:01+08:00 ] 127.0.0.1 /15combo/admin.php/public/view?src=profession/icon/2016-10-25/580f1ff9384e0.mp4
INFO: [ app_init ] --START--
INFO: Run Behavior\BuildLiteBehavior [ RunTime:0.000000s ]
INFO: [ app_init ] --END-- [ RunTime:0.000000s ]

[ 2016-10-25T17:37:22+08:00 ] 127.0.0.1 /15combo/admin.php/public/view?src=profession/icon/2016-10-25/580f1ff9384e0.mp4
INFO: [ app_init ] --START--
INFO: Run Behavior\BuildLiteBehavior [ RunTime:0.000000s ]
INFO: [ app_init ] --END-- [ RunTime:0.001000s ]

[ 2016-10-25T17:39:48+08:00 ] 127.0.0.1 /15combo/admin.php/public/view?src=profession/icon/2016-10-25/580f1ff9384e0.mp4
INFO: [ app_init ] --START--
INFO: Run Behavior\BuildLiteBehavior [ RunTime:0.000000s ]
INFO: [ app_init ] --END-- [ RunTime:0.000000s ]

[ 2016-10-25T17:44:28+08:00 ] 127.0.0.1 /15combo/admin.php/public/view?src=profession/icon/2016-10-25/580f1ff9384e0.mp4
INFO: [ app_init ] --START--
INFO: Run Behavior\BuildLiteBehavior [ RunTime:0.000000s ]
INFO: [ app_init ] --END-- [ RunTime:0.000000s ]

[ 2016-10-25T17:44:30+08:00 ] 127.0.0.1 /15combo/admin.php/public/view?src=profession/icon/2016-10-25/580f1ff9384e0.mp4
INFO: [ app_init ] --START--
INFO: Run Behavior\BuildLiteBehavior [ RunTime:0.000000s ]
INFO: [ app_init ] --END-- [ RunTime:0.000000s ]

[ 2016-10-25T17:44:33+08:00 ] 127.0.0.1 /15combo/admin.php/public/view?src=profession/icon/2016-10-25/580f17761c3a1.mp4
INFO: [ app_init ] --START--
INFO: Run Behavior\BuildLiteBehavior [ RunTime:0.000000s ]
INFO: [ app_init ] --END-- [ RunTime:0.000000s ]

[ 2016-10-25T17:47:36+08:00 ] 127.0.0.1 /15combo/admin.php/public/view?src=profession/icon/2016-10-25/580f1ff9384e0.mp4
INFO: [ app_init ] --START--
INFO: Run Behavior\BuildLiteBehavior [ RunTime:0.000000s ]
INFO: [ app_init ] --END-- [ RunTime:0.000000s ]

[ 2016-10-25T17:54:33+08:00 ] 127.0.0.1 /15combo/admin.php/public/view?src=profession/icon/2016-10-25/580f1872cbf59.mp4
INFO: [ app_init ] --START--
INFO: Run Behavior\BuildLiteBehavior [ RunTime:0.000000s ]
INFO: [ app_init ] --END-- [ RunTime:0.001000s ]

[ 2016-10-25T17:54:34+08:00 ] 127.0.0.1 /15combo/admin.php/public/view?src=profession/icon/2016-10-25/580f1872cbf59.mp4
INFO: [ app_init ] --START--
INFO: Run Behavior\BuildLiteBehavior [ RunTime:0.000000s ]
INFO: [ app_init ] --END-- [ RunTime:0.001000s ]

[ 2016-10-25T17:54:34+08:00 ] 127.0.0.1 /15combo/admin.php/public/view?src=profession/icon/2016-10-25/580f1872cbf59.mp4
INFO: [ app_init ] --START--
INFO: Run Behavior\BuildLiteBehavior [ RunTime:0.000000s ]
INFO: [ app_init ] --END-- [ RunTime:0.000000s ]

[ 2016-10-25T17:57:21+08:00 ] 127.0.0.1 /15combo/admin.php/public/view?src=profession/icon/2016-10-25/580f1872cbf59.mp4
INFO: [ app_init ] --START--
INFO: Run Behavior\BuildLiteBehavior [ RunTime:0.000000s ]
INFO: [ app_init ] --END-- [ RunTime:0.000000s ]

[ 2016-10-25T17:57:21+08:00 ] 127.0.0.1 /15combo/admin.php/public/view?src=profession/icon/2016-10-25/580f1872cbf59.mp4
INFO: [ app_init ] --START--
INFO: Run Behavior\BuildLiteBehavior [ RunTime:0.000000s ]
INFO: [ app_init ] --END-- [ RunTime:0.000000s ]

[ 2016-10-25T17:57:23+08:00 ] 127.0.0.1 /15combo/admin.php/profession/index.html
INFO: [ app_init ] --START--
INFO: Run Behavior\BuildLiteBehavior [ RunTime:0.000000s ]
INFO: [ app_init ] --END-- [ RunTime:0.000000s ]

[ 2016-10-25T17:57:24+08:00 ] 127.0.0.1 /15combo/admin.php/public/view?src=profession/icon/2016-10-25/580f1872cbf59.mp4
INFO: [ app_init ] --START--
INFO: Run Behavior\BuildLiteBehavior [ RunTime:0.000000s ]
INFO: [ app_init ] --END-- [ RunTime:0.000000s ]

[ 2016-10-25T17:59:32+08:00 ] 127.0.0.1 /15combo/admin.php/public/view?src=profession/icon/2016-10-25/580f1872cbf59.mp4
INFO: [ app_init ] --START--
INFO: Run Behavior\BuildLiteBehavior [ RunTime:0.000000s ]
INFO: [ app_init ] --END-- [ RunTime:0.000000s ]

[ 2016-10-25T17:59:33+08:00 ] 127.0.0.1 /15combo/admin.php/public/view?src=profession/icon/2016-10-25/580f1872cbf59.mp4
INFO: [ app_init ] --START--
INFO: Run Behavior\BuildLiteBehavior [ RunTime:0.000000s ]
INFO: [ app_init ] --END-- [ RunTime:0.000000s ]

[ 2016-10-25T17:59:33+08:00 ] 127.0.0.1 /15combo/admin.php/public/view?src=profession/icon/2016-10-25/580f1872cbf59.mp4
INFO: [ app_init ] --START--
INFO: Run Behavior\BuildLiteBehavior [ RunTime:0.000000s ]
INFO: [ app_init ] --END-- [ RunTime:0.001000s ]

[ 2016-10-25T18:02:53+08:00 ] 127.0.0.1 /15combo/admin.php/public/view?src=profession/icon/2016-10-25/580f1872cbf59.mp4
INFO: [ app_init ] --START--
INFO: Run Behavior\BuildLiteBehavior [ RunTime:0.000000s ]
INFO: [ app_init ] --END-- [ RunTime:0.001000s ]

[ 2016-10-25T18:02:54+08:00 ] 127.0.0.1 /15combo/admin.php/public/view?src=profession/icon/2016-10-25/580f1872cbf59.mp4
INFO: [ app_init ] --START--
INFO: Run Behavior\BuildLiteBehavior [ RunTime:0.000000s ]
INFO: [ app_init ] --END-- [ RunTime:0.000000s ]

[ 2016-10-25T18:02:54+08:00 ] 127.0.0.1 /15combo/admin.php/public/view?src=profession/icon/2016-10-25/580f1872cbf59.mp4
INFO: [ app_init ] --START--
INFO: Run Behavior\BuildLiteBehavior [ RunTime:0.000000s ]
INFO: [ app_init ] --END-- [ RunTime:0.000000s ]

[ 2016-10-25T18:02:55+08:00 ] 127.0.0.1 /15combo/admin.php/public/view?src=profession/icon/2016-10-25/580f1872cbf59.mp4
INFO: [ app_init ] --START--
INFO: Run Behavior\BuildLiteBehavior [ RunTime:0.000000s ]
INFO: [ app_init ] --END-- [ RunTime:0.001000s ]

[ 2016-10-25T18:02:55+08:00 ] 127.0.0.1 /15combo/admin.php/public/view?src=profession/icon/2016-10-25/580f1872cbf59.mp4
INFO: [ app_init ] --START--
INFO: Run Behavior\BuildLiteBehavior [ RunTime:0.000000s ]
INFO: [ app_init ] --END-- [ RunTime:0.000000s ]

[ 2016-10-25T18:02:55+08:00 ] 127.0.0.1 /15combo/admin.php/public/view?src=profession/icon/2016-10-25/580f1872cbf59.mp4
INFO: [ app_init ] --START--
INFO: Run Behavior\BuildLiteBehavior [ RunTime:0.000000s ]
INFO: [ app_init ] --END-- [ RunTime:0.000000s ]

[ 2016-10-25T18:02:55+08:00 ] 127.0.0.1 /15combo/admin.php/public/view?src=profession/icon/2016-10-25/580f1872cbf59.mp4
INFO: [ app_init ] --START--
INFO: Run Behavior\BuildLiteBehavior [ RunTime:0.000000s ]
INFO: [ app_init ] --END-- [ RunTime:0.000000s ]

[ 2016-10-25T18:02:55+08:00 ] 127.0.0.1 /15combo/admin.php/public/view?src=profession/icon/2016-10-25/580f1872cbf59.mp4
INFO: [ app_init ] --START--
INFO: Run Behavior\BuildLiteBehavior [ RunTime:0.000000s ]
INFO: [ app_init ] --END-- [ RunTime:0.000000s ]

[ 2016-10-25T18:02:56+08:00 ] 127.0.0.1 /15combo/admin.php/public/view?src=profession/icon/2016-10-25/580f1872cbf59.mp4
INFO: [ app_init ] --START--
INFO: Run Behavior\BuildLiteBehavior [ RunTime:0.000000s ]
INFO: [ app_init ] --END-- [ RunTime:0.000000s ]

[ 2016-10-25T18:03:03+08:00 ] 127.0.0.1 /15combo/admin.php/public/view?src=profession/icon/2016-10-25/580f1872cbf59.mp4
INFO: [ app_init ] --START--
INFO: Run Behavior\BuildLiteBehavior [ RunTime:0.000000s ]
INFO: [ app_init ] --END-- [ RunTime:0.000000s ]

[ 2016-10-25T18:03:03+08:00 ] 127.0.0.1 /15combo/admin.php/public/view?src=profession/icon/2016-10-25/580f1872cbf59.mp4
INFO: [ app_init ] --START--
INFO: Run Behavior\BuildLiteBehavior [ RunTime:0.000000s ]
INFO: [ app_init ] --END-- [ RunTime:0.001000s ]

[ 2016-10-25T18:03:03+08:00 ] 127.0.0.1 /15combo/admin.php/public/view?src=profession/icon/2016-10-25/580f1872cbf59.mp4
INFO: [ app_init ] --START--
INFO: Run Behavior\BuildLiteBehavior [ RunTime:0.000000s ]
INFO: [ app_init ] --END-- [ RunTime:0.000000s ]

[ 2016-10-25T18:03:03+08:00 ] 127.0.0.1 /15combo/admin.php/public/view?src=profession/icon/2016-10-25/580f1872cbf59.mp4
INFO: [ app_init ] --START--
INFO: Run Behavior\BuildLiteBehavior [ RunTime:0.000000s ]
INFO: [ app_init ] --END-- [ RunTime:0.000000s ]

[ 2016-10-25T18:03:40+08:00 ] 127.0.0.1 /15combo/admin.php/profession/index.html
INFO: [ app_init ] --START--
INFO: Run Behavior\BuildLiteBehavior [ RunTime:0.000000s ]
INFO: [ app_init ] --END-- [ RunTime:0.000000s ]

[ 2016-10-25T18:04:06+08:00 ] 127.0.0.1 /15combo/admin.php/News/index.html
INFO: [ app_init ] --START--
INFO: Run Behavior\BuildLiteBehavior [ RunTime:0.000000s ]
INFO: [ app_init ] --END-- [ RunTime:0.000000s ]

[ 2016-10-25T18:04:14+08:00 ] 127.0.0.1 /15combo/admin.php/Games/server_add.html
INFO: [ app_init ] --START--
INFO: Run Behavior\BuildLiteBehavior [ RunTime:0.000000s ]
INFO: [ app_init ] --END-- [ RunTime:0.000000s ]

[ 2016-10-25T18:04:15+08:00 ] 127.0.0.1 /15combo/admin.php/Games/server.html
INFO: [ app_init ] --START--
INFO: Run Behavior\BuildLiteBehavior [ RunTime:0.000000s ]
INFO: [ app_init ] --END-- [ RunTime:0.000000s ]

[ 2016-10-25T18:04:19+08:00 ] 127.0.0.1 /15combo/admin.php/Raiders/raiders.html
INFO: [ app_init ] --START--
INFO: Run Behavior\BuildLiteBehavior [ RunTime:0.000000s ]
INFO: [ app_init ] --END-- [ RunTime:0.000000s ]

[ 2016-10-25T18:04:47+08:00 ] 127.0.0.1 /15combo/admin.php/profession/index.html
INFO: [ app_init ] --START--
INFO: Run Behavior\BuildLiteBehavior [ RunTime:0.000000s ]
INFO: [ app_init ] --END-- [ RunTime:0.000000s ]

[ 2016-10-25T18:08:27+08:00 ] 127.0.0.1 /15combo/admin.php/profession/index.html
INFO: [ app_init ] --START--
INFO: Run Behavior\BuildLiteBehavior [ RunTime:0.000000s ]
INFO: [ app_init ] --END-- [ RunTime:0.001000s ]

[ 2016-10-25T18:08:29+08:00 ] 127.0.0.1 /15combo/admin.php/Faq/index.html
INFO: [ app_init ] --START--
INFO: Run Behavior\BuildLiteBehavior [ RunTime:0.000000s ]
INFO: [ app_init ] --END-- [ RunTime:0.000000s ]

[ 2016-10-25T18:10:27+08:00 ] 127.0.0.1 /15combo/admin.php/profession/index.html
INFO: [ app_init ] --START--
INFO: Run Behavior\BuildLiteBehavior [ RunTime:0.000000s ]
INFO: [ app_init ] --END-- [ RunTime:0.000000s ]

[ 2016-10-25T18:10:29+08:00 ] 127.0.0.1 /15combo/admin.php/profession/index.html
INFO: [ app_init ] --START--
INFO: Run Behavior\BuildLiteBehavior [ RunTime:0.000000s ]
INFO: [ app_init ] --END-- [ RunTime:0.000000s ]

[ 2016-10-25T18:11:12+08:00 ] 127.0.0.1 /15combo/admin.php/profession/index.html
INFO: [ app_init ] --START--
INFO: Run Behavior\BuildLiteBehavior [ RunTime:0.000000s ]
INFO: [ app_init ] --END-- [ RunTime:0.001000s ]

[ 2016-10-25T18:11:43+08:00 ] 127.0.0.1 /15combo/admin.php/profession/index.html
INFO: [ app_init ] --START--
INFO: Run Behavior\BuildLiteBehavior [ RunTime:0.000000s ]
INFO: [ app_init ] --END-- [ RunTime:0.000000s ]

[ 2016-10-25T18:11:44+08:00 ] 127.0.0.1 /15combo/admin.php/profession/index.html
INFO: [ app_init ] --START--
INFO: Run Behavior\BuildLiteBehavior [ RunTime:0.000000s ]
INFO: [ app_init ] --END-- [ RunTime:0.001000s ]

[ 2016-10-25T18:12:16+08:00 ] 127.0.0.1 /15combo/admin.php/profession/index.html
INFO: [ app_init ] --START--
INFO: Run Behavior\BuildLiteBehavior [ RunTime:0.000000s ]
INFO: [ app_init ] --END-- [ RunTime:0.001000s ]

[ 2016-10-25T18:12:58+08:00 ] 127.0.0.1 /15combo/admin.php/Profession/add
INFO: [ app_init ] --START--
INFO: Run Behavior\BuildLiteBehavior [ RunTime:0.000000s ]
INFO: [ app_init ] --END-- [ RunTime:0.000000s ]

[ 2016-10-25T18:14:46+08:00 ] 127.0.0.1 /15combo/admin.php/User/index.html
INFO: [ app_init ] --START--
INFO: Run Behavior\BuildLiteBehavior [ RunTime:0.000000s ]
INFO: [ app_init ] --END-- [ RunTime:0.000000s ]

[ 2016-10-25T18:14:48+08:00 ] 127.0.0.1 /15combo/admin.php/User/add.html
INFO: [ app_init ] --START--
INFO: Run Behavior\BuildLiteBehavior [ RunTime:0.000000s ]
INFO: [ app_init ] --END-- [ RunTime:0.000000s ]

[ 2016-10-25T18:14:52+08:00 ] 127.0.0.1 /15combo/admin.php/Manage/add.html
INFO: [ app_init ] --START--
INFO: Run Behavior\BuildLiteBehavior [ RunTime:0.000000s ]
INFO: [ app_init ] --END-- [ RunTime:0.000000s ]

[ 2016-10-25T18:14:55+08:00 ] 127.0.0.1 /15combo/admin.php/Manage/index.html
INFO: [ app_init ] --START--
INFO: Run Behavior\BuildLiteBehavior [ RunTime:0.000000s ]
INFO: [ app_init ] --END-- [ RunTime:0.000000s ]

[ 2016-10-25T18:14:58+08:00 ] 127.0.0.1 /15combo/admin.php/Manage/mod/id/12.html
INFO: [ app_init ] --START--
INFO: Run Behavior\BuildLiteBehavior [ RunTime:0.000000s ]
INFO: [ app_init ] --END-- [ RunTime:0.000000s ]

[ 2016-10-25T18:15:04+08:00 ] 127.0.0.1 /15combo/admin.php/Manage/add.html
INFO: [ app_init ] --START--
INFO: Run Behavior\BuildLiteBehavior [ RunTime:0.000000s ]
INFO: [ app_init ] --END-- [ RunTime:0.000000s ]

[ 2016-10-25T18:15:08+08:00 ] 127.0.0.1 /15combo/admin.php/Manage/index.html
INFO: [ app_init ] --START--
INFO: Run Behavior\BuildLiteBehavior [ RunTime:0.000000s ]
INFO: [ app_init ] --END-- [ RunTime:0.001000s ]

[ 2016-10-25T18:15:12+08:00 ] 127.0.0.1 /15combo/admin.php/Manage/mod/id/12.html
INFO: [ app_init ] --START--
INFO: Run Behavior\BuildLiteBehavior [ RunTime:0.000000s ]
INFO: [ app_init ] --END-- [ RunTime:0.000000s ]

[ 2016-10-25T18:15:19+08:00 ] 127.0.0.1 /15combo/admin.php/Manage/mod
INFO: [ app_init ] --START--
INFO: Run Behavior\BuildLiteBehavior [ RunTime:0.000000s ]
INFO: [ app_init ] --END-- [ RunTime:0.000000s ]

[ 2016-10-25T18:15:19+08:00 ] 127.0.0.1 /15combo/admin.php/Manage/index.html
INFO: [ app_init ] --START--
INFO: Run Behavior\BuildLiteBehavior [ RunTime:0.000000s ]
INFO: [ app_init ] --END-- [ RunTime:0.001000s ]

[ 2016-10-25T18:15:20+08:00 ] 127.0.0.1 /15combo/admin.php/Manage/mod/id/12.html
INFO: [ app_init ] --START--
INFO: Run Behavior\BuildLiteBehavior [ RunTime:0.000000s ]
INFO: [ app_init ] --END-- [ RunTime:0.000000s ]

[ 2016-10-25T18:15:41+08:00 ] 127.0.0.1 /15combo/admin.php/Manage/mod
INFO: [ app_init ] --START--
INFO: Run Behavior\BuildLiteBehavior [ RunTime:0.000000s ]
INFO: [ app_init ] --END-- [ RunTime:0.000000s ]

[ 2016-10-25T18:15:41+08:00 ] 127.0.0.1 /15combo/admin.php/Manage/index.html
INFO: [ app_init ] --START--
INFO: Run Behavior\BuildLiteBehavior [ RunTime:0.000000s ]
INFO: [ app_init ] --END-- [ RunTime:0.000000s ]

[ 2016-10-25T18:15:51+08:00 ] 127.0.0.1 /15combo/admin.php/Manage/mod/id/12.html
INFO: [ app_init ] --START--
INFO: Run Behavior\BuildLiteBehavior [ RunTime:0.000000s ]
INFO: [ app_init ] --END-- [ RunTime:0.001000s ]

[ 2016-10-25T18:33:38+08:00 ] 127.0.0.1 /15combo/admin.php/Manage/mod/id/12.html
INFO: [ app_init ] --START--
INFO: Run Behavior\BuildLiteBehavior [ RunTime:0.000000s ]
INFO: [ app_init ] --END-- [ RunTime:0.001000s ]

[ 2016-10-25T18:33:40+08:00 ] 127.0.0.1 /15combo/admin.php/profession/index.html
INFO: [ app_init ] --START--
INFO: Run Behavior\BuildLiteBehavior [ RunTime:0.000000s ]
INFO: [ app_init ] --END-- [ RunTime:0.000000s ]

[ 2016-10-25T18:33:42+08:00 ] 127.0.0.1 /15combo/admin.php/Profession/mod/id/1.html
INFO: [ app_init ] --START--
INFO: Run Behavior\BuildLiteBehavior [ RunTime:0.000000s ]
INFO: [ app_init ] --END-- [ RunTime:0.000000s ]

[ 2016-10-25T18:33:49+08:00 ] 127.0.0.1 /15combo/admin.php/Profession/addpro
INFO: [ app_init ] --START--
INFO: Run Behavior\BuildLiteBehavior [ RunTime:0.000000s ]
INFO: [ app_init ] --END-- [ RunTime:0.001000s ]

[ 2016-10-25T18:33:50+08:00 ] 127.0.0.1 /15combo/admin.php/Profession/index
INFO: [ app_init ] --START--
INFO: Run Behavior\BuildLiteBehavior [ RunTime:0.000000s ]
INFO: [ app_init ] --END-- [ RunTime:0.000000s ]

[ 2016-10-25T18:33:58+08:00 ] 127.0.0.1 /15combo/admin.php/public/view?src=profession/icon/
INFO: [ app_init ] --START--
INFO: Run Behavior\BuildLiteBehavior [ RunTime:0.000000s ]
INFO: [ app_init ] --END-- [ RunTime:0.000000s ]

[ 2016-10-25T18:34:21+08:00 ] 127.0.0.1 /15combo/admin.php/Profession/mod/id/8.html
INFO: [ app_init ] --START--
INFO: Run Behavior\BuildLiteBehavior [ RunTime:0.000000s ]
INFO: [ app_init ] --END-- [ RunTime:0.000000s ]

[ 2016-10-25T18:36:04+08:00 ] 127.0.0.1 /15combo/admin.php/Profession/mod/id/8.html
INFO: [ app_init ] --START--
INFO: Run Behavior\BuildLiteBehavior [ RunTime:0.000000s ]
INFO: [ app_init ] --END-- [ RunTime:0.000000s ]

[ 2016-10-25T18:36:05+08:00 ] 127.0.0.1 /15combo/admin.php/Profession/mod/id/8.html
INFO: [ app_init ] --START--
INFO: Run Behavior\BuildLiteBehavior [ RunTime:0.000000s ]
INFO: [ app_init ] --END-- [ RunTime:0.000000s ]

[ 2016-10-25T18:36:45+08:00 ] 127.0.0.1 /15combo/admin.php/Profession/mod/id/8.html
INFO: [ app_init ] --START--
INFO: Run Behavior\BuildLiteBehavior [ RunTime:0.000000s ]
INFO: [ app_init ] --END-- [ RunTime:0.000000s ]

[ 2016-10-25T18:36:46+08:00 ] 127.0.0.1 /15combo/admin.php/Profession/mod/id/8.html
INFO: [ app_init ] --START--
INFO: Run Behavior\BuildLiteBehavior [ RunTime:0.000000s ]
INFO: [ app_init ] --END-- [ RunTime:0.000000s ]

[ 2016-10-25T18:37:15+08:00 ] 127.0.0.1 /15combo/admin.php/Profession/mod/id/8.html
INFO: [ app_init ] --START--
INFO: Run Behavior\BuildLiteBehavior [ RunTime:0.000000s ]
INFO: [ app_init ] --END-- [ RunTime:0.000000s ]

[ 2016-10-25T18:37:16+08:00 ] 127.0.0.1 /15combo/admin.php/Profession/mod/id/8.html
INFO: [ app_init ] --START--
INFO: Run Behavior\BuildLiteBehavior [ RunTime:0.000000s ]
INFO: [ app_init ] --END-- [ RunTime:0.000000s ]

[ 2016-10-25T18:37:16+08:00 ] 127.0.0.1 /15combo/admin.php/Profession/mod/id/8.html
INFO: [ app_init ] --START--
INFO: Run Behavior\BuildLiteBehavior [ RunTime:0.000000s ]
INFO: [ app_init ] --END-- [ RunTime:0.000000s ]

[ 2016-10-25T18:37:16+08:00 ] 127.0.0.1 /15combo/admin.php/Profession/mod/id/8.html
INFO: [ app_init ] --START--
INFO: Run Behavior\BuildLiteBehavior [ RunTime:0.000000s ]
INFO: [ app_init ] --END-- [ RunTime:0.000000s ]

[ 2016-10-25T18:37:19+08:00 ] 127.0.0.1 /15combo/admin.php/Profession/index
INFO: [ app_init ] --START--
INFO: Run Behavior\BuildLiteBehavior [ RunTime:0.000000s ]
INFO: [ app_init ] --END-- [ RunTime:0.000000s ]

[ 2016-10-25T18:37:21+08:00 ] 127.0.0.1 /15combo/admin.php/Profession/mod/id/6.html
INFO: [ app_init ] --START--
INFO: Run Behavior\BuildLiteBehavior [ RunTime:0.000000s ]
INFO: [ app_init ] --END-- [ RunTime:0.000000s ]

[ 2016-10-25T18:37:39+08:00 ] 127.0.0.1 /15combo/admin.php/Profession/mod/id/6.html
INFO: [ app_init ] --START--
INFO: Run Behavior\BuildLiteBehavior [ RunTime:0.000000s ]
INFO: [ app_init ] --END-- [ RunTime:0.000000s ]

[ 2016-10-25T18:37:51+08:00 ] 127.0.0.1 /15combo/admin.php/Profession/mod/id/6.html
INFO: [ app_init ] --START--
INFO: Run Behavior\BuildLiteBehavior [ RunTime:0.000000s ]
INFO: [ app_init ] --END-- [ RunTime:0.001000s ]

[ 2016-10-25T18:38:42+08:00 ] 127.0.0.1 /15combo/admin.php/Profession/mod/id/6.html
INFO: [ app_init ] --START--
INFO: Run Behavior\BuildLiteBehavior [ RunTime:0.000000s ]
INFO: [ app_init ] --END-- [ RunTime:0.000000s ]

[ 2016-10-25T18:38:59+08:00 ] 127.0.0.1 /15combo/admin.php/User/index.html
INFO: [ app_init ] --START--
INFO: Run Behavior\BuildLiteBehavior [ RunTime:0.000000s ]
INFO: [ app_init ] --END-- [ RunTime:0.000000s ]

[ 2016-10-25T18:39:01+08:00 ] 127.0.0.1 /15combo/admin.php/User/add.html
INFO: [ app_init ] --START--
INFO: Run Behavior\BuildLiteBehavior [ RunTime:0.000000s ]
INFO: [ app_init ] --END-- [ RunTime:0.000000s ]

[ 2016-10-25T18:39:05+08:00 ] 127.0.0.1 /15combo/admin.php/Raiders/raiders.html
INFO: [ app_init ] --START--
INFO: Run Behavior\BuildLiteBehavior [ RunTime:0.000000s ]
INFO: [ app_init ] --END-- [ RunTime:0.000000s ]

[ 2016-10-25T18:39:08+08:00 ] 127.0.0.1 /15combo/admin.php/Games/add.html
INFO: [ app_init ] --START--
INFO: Run Behavior\BuildLiteBehavior [ RunTime:0.000000s ]
INFO: [ app_init ] --END-- [ RunTime:0.001000s ]

[ 2016-10-25T18:39:09+08:00 ] 127.0.0.1 /15combo/admin.php/Games/index.html
INFO: [ app_init ] --START--
INFO: Run Behavior\BuildLiteBehavior [ RunTime:0.000000s ]
INFO: [ app_init ] --END-- [ RunTime:0.000000s ]

[ 2016-10-25T18:39:11+08:00 ] 127.0.0.1 /15combo/admin.php/Games/mod/g_id/30.html
INFO: [ app_init ] --START--
INFO: Run Behavior\BuildLiteBehavior [ RunTime:0.000000s ]
INFO: [ app_init ] --END-- [ RunTime:0.001000s ]

[ 2016-10-25T18:39:36+08:00 ] 127.0.0.1 /15combo/admin.php/Profession/mod/id/6.html
INFO: [ app_init ] --START--
INFO: Run Behavior\BuildLiteBehavior [ RunTime:0.000000s ]
INFO: [ app_init ] --END-- [ RunTime:0.000000s ]

[ 2016-10-25T18:39:40+08:00 ] 127.0.0.1 /15combo/admin.php/Profession/mod/id/6.html
INFO: [ app_init ] --START--
INFO: Run Behavior\BuildLiteBehavior [ RunTime:0.000000s ]
INFO: [ app_init ] --END-- [ RunTime:0.001000s ]

[ 2016-10-25T18:40:04+08:00 ] 127.0.0.1 /15combo/admin.php/Profession/mod/id/5.html
INFO: [ app_init ] --START--
INFO: Run Behavior\BuildLiteBehavior [ RunTime:0.000000s ]
INFO: [ app_init ] --END-- [ RunTime:0.001000s ]

[ 2016-10-25T18:40:26+08:00 ] 127.0.0.1 /15combo/admin.php/Profession/addpro
INFO: [ app_init ] --START--
INFO: Run Behavior\BuildLiteBehavior [ RunTime:0.000000s ]
INFO: [ app_init ] --END-- [ RunTime:0.000000s ]

[ 2016-10-25T18:40:27+08:00 ] 127.0.0.1 /15combo/admin.php/Profession/index
INFO: [ app_init ] --START--
INFO: Run Behavior\BuildLiteBehavior [ RunTime:0.000000s ]
INFO: [ app_init ] --END-- [ RunTime:0.001000s ]

[ 2016-10-25T18:40:40+08:00 ] 127.0.0.1 /15combo/admin.php/public/view?src=profession/icon/
INFO: [ app_init ] --START--
INFO: Run Behavior\BuildLiteBehavior [ RunTime:0.000000s ]
INFO: [ app_init ] --END-- [ RunTime:0.000000s ]

[ 2016-10-25T18:43:21+08:00 ] 127.0.0.1 /15combo/admin.php/Profession/index
INFO: [ app_init ] --START--
INFO: Run Behavior\BuildLiteBehavior [ RunTime:0.000000s ]
INFO: [ app_init ] --END-- [ RunTime:0.000000s ]

[ 2016-10-25T18:43:23+08:00 ] 127.0.0.1 /15combo/admin.php/Profession/del/id/9.html
INFO: [ app_init ] --START--
INFO: Run Behavior\BuildLiteBehavior [ RunTime:0.000000s ]
INFO: [ app_init ] --END-- [ RunTime:0.000000s ]

[ 2016-10-25T18:43:24+08:00 ] 127.0.0.1 /15combo/admin.php/Profession/index
INFO: [ app_init ] --START--
INFO: Run Behavior\BuildLiteBehavior [ RunTime:0.000000s ]
INFO: [ app_init ] --END-- [ RunTime:0.000000s ]

[ 2016-10-25T18:43:26+08:00 ] 127.0.0.1 /15combo/admin.php/Profession/del/id/8.html
INFO: [ app_init ] --START--
INFO: Run Behavior\BuildLiteBehavior [ RunTime:0.000000s ]
INFO: [ app_init ] --END-- [ RunTime:0.000000s ]

[ 2016-10-25T18:43:27+08:00 ] 127.0.0.1 /15combo/admin.php/Profession/index
INFO: [ app_init ] --START--
INFO: Run Behavior\BuildLiteBehavior [ RunTime:0.000000s ]
INFO: [ app_init ] --END-- [ RunTime:0.001000s ]

[ 2016-10-25T18:43:32+08:00 ] 127.0.0.1 /15combo/admin.php/Profession/mod/id/7.html
INFO: [ app_init ] --START--
INFO: Run Behavior\BuildLiteBehavior [ RunTime:0.000000s ]
INFO: [ app_init ] --END-- [ RunTime:0.000000s ]

[ 2016-10-25T18:49:18+08:00 ] 127.0.0.1 /15combo/admin.php/Profession/mod/id/7.html
INFO: [ app_init ] --START--
INFO: Run Behavior\BuildLiteBehavior [ RunTime:0.000000s ]
INFO: [ app_init ] --END-- [ RunTime:0.000000s ]

[ 2016-10-25T18:50:47+08:00 ] 127.0.0.1 /15combo/admin.php/Profession/modpro
INFO: [ app_init ] --START--
INFO: Run Behavior\BuildLiteBehavior [ RunTime:0.000000s ]
INFO: [ app_init ] --END-- [ RunTime:0.000000s ]

[ 2016-10-25T18:51:02+08:00 ] 127.0.0.1 /15combo/admin.php/profession/index.html
INFO: [ app_init ] --START--
INFO: Run Behavior\BuildLiteBehavior [ RunTime:0.000000s ]
INFO: [ app_init ] --END-- [ RunTime:0.000000s ]

[ 2016-10-25T18:51:05+08:00 ] 127.0.0.1 /15combo/admin.php/Profession/mod/id/5.html
INFO: [ app_init ] --START--
INFO: Run Behavior\BuildLiteBehavior [ RunTime:0.000000s ]
INFO: [ app_init ] --END-- [ RunTime:0.001000s ]

[ 2016-10-25T18:51:07+08:00 ] 127.0.0.1 /15combo/admin.php/Profession/modpro
INFO: [ app_init ] --START--
INFO: Run Behavior\BuildLiteBehavior [ RunTime:0.000000s ]
INFO: [ app_init ] --END-- [ RunTime:0.000000s ]

[ 2016-10-25T18:54:52+08:00 ] 127.0.0.1 /15combo/admin.php/Profession/mod/id/5.html
INFO: [ app_init ] --START--
INFO: Run Behavior\BuildLiteBehavior [ RunTime:0.000000s ]
INFO: [ app_init ] --END-- [ RunTime:0.001000s ]

[ 2016-10-25T18:58:31+08:00 ] 127.0.0.1 /15combo/admin.php/Profession/modpro
INFO: [ app_init ] --START--
INFO: Run Behavior\BuildLiteBehavior [ RunTime:0.000000s ]
INFO: [ app_init ] --END-- [ RunTime:0.001000s ]

[ 2016-10-25T18:58:33+08:00 ] 127.0.0.1 /15combo/admin.php/Profession/mod/id/5.html
INFO: [ app_init ] --START--
INFO: Run Behavior\BuildLiteBehavior [ RunTime:0.000000s ]
INFO: [ app_init ] --END-- [ RunTime:0.000000s ]

[ 2016-10-25T18:58:35+08:00 ] 127.0.0.1 /15combo/admin.php/Profession/modpro/id/5
INFO: [ app_init ] --START--
INFO: Run Behavior\BuildLiteBehavior [ RunTime:0.000000s ]
INFO: [ app_init ] --END-- [ RunTime:0.000000s ]

[ 2016-10-25T19:00:13+08:00 ] 127.0.0.1 /15combo/admin.php/Profession/modpro/id/5
INFO: [ app_init ] --START--
INFO: Run Behavior\BuildLiteBehavior [ RunTime:0.000000s ]
INFO: [ app_init ] --END-- [ RunTime:0.000000s ]

[ 2016-10-25T19:00:15+08:00 ] 127.0.0.1 /15combo/admin.php/Profession/mod/id/5.html
INFO: [ app_init ] --START--
INFO: Run Behavior\BuildLiteBehavior [ RunTime:0.000000s ]
INFO: [ app_init ] --END-- [ RunTime:0.000000s ]

[ 2016-10-25T19:00:16+08:00 ] 127.0.0.1 /15combo/admin.php/Profession/modpro
INFO: [ app_init ] --START--
INFO: Run Behavior\BuildLiteBehavior [ RunTime:0.000000s ]
INFO: [ app_init ] --END-- [ RunTime:0.000000s ]

[ 2016-10-25T19:00:45+08:00 ] 127.0.0.1 /15combo/admin.php/Profession/mod/id/5.html
INFO: [ app_init ] --START--
INFO: Run Behavior\BuildLiteBehavior [ RunTime:0.000000s ]
INFO: [ app_init ] --END-- [ RunTime:0.000000s ]

[ 2016-10-25T19:00:46+08:00 ] 127.0.0.1 /15combo/admin.php/Profession/modpro
INFO: [ app_init ] --START--
INFO: Run Behavior\BuildLiteBehavior [ RunTime:0.000000s ]
INFO: [ app_init ] --END-- [ RunTime:0.000000s ]

[ 2016-10-25T19:02:42+08:00 ] 127.0.0.1 /15combo/admin.php/Profession/mod/id/5.html
INFO: [ app_init ] --START--
INFO: Run Behavior\BuildLiteBehavior [ RunTime:0.000000s ]
INFO: [ app_init ] --END-- [ RunTime:0.001000s ]

[ 2016-10-25T19:03:00+08:00 ] 127.0.0.1 /15combo/admin.php/Profession/modpro
INFO: [ app_init ] --START--
INFO: Run Behavior\BuildLiteBehavior [ RunTime:0.000000s ]
INFO: [ app_init ] --END-- [ RunTime:0.000000s ]

[ 2016-10-25T19:03:42+08:00 ] 127.0.0.1 /15combo/admin.php/Profession/modpro
INFO: [ app_init ] --START--
INFO: Run Behavior\BuildLiteBehavior [ RunTime:0.000000s ]
INFO: [ app_init ] --END-- [ RunTime:0.000000s ]

[ 2016-10-25T19:03:43+08:00 ] 127.0.0.1 /15combo/admin.php/Profession/index
INFO: [ app_init ] --START--
INFO: Run Behavior\BuildLiteBehavior [ RunTime:0.000000s ]
INFO: [ app_init ] --END-- [ RunTime:0.000000s ]

[ 2016-10-25T19:03:48+08:00 ] 127.0.0.1 /15combo/admin.php/Profession/mod/id/5.html
INFO: [ app_init ] --START--
INFO: Run Behavior\BuildLiteBehavior [ RunTime:0.000000s ]
INFO: [ app_init ] --END-- [ RunTime:0.000000s ]

[ 2016-10-25T19:05:03+08:00 ] 127.0.0.1 /15combo/admin.php/Profession/mod/id/5.html
INFO: [ app_init ] --START--
INFO: Run Behavior\BuildLiteBehavior [ RunTime:0.000000s ]
INFO: [ app_init ] --END-- [ RunTime:0.000000s ]

[ 2016-10-25T19:05:30+08:00 ] 127.0.0.1 /15combo/admin.php/Profession/modpro
INFO: [ app_init ] --START--
INFO: Run Behavior\BuildLiteBehavior [ RunTime:0.000000s ]
INFO: [ app_init ] --END-- [ RunTime:0.000000s ]

[ 2016-10-25T19:05:31+08:00 ] 127.0.0.1 /15combo/admin.php/Profession/index
INFO: [ app_init ] --START--
INFO: Run Behavior\BuildLiteBehavior [ RunTime:0.000000s ]
INFO: [ app_init ] --END-- [ RunTime:0.001000s ]

[ 2016-10-25T19:05:37+08:00 ] 127.0.0.1 /15combo/admin.php/Profession/mod/id/5.html
INFO: [ app_init ] --START--
INFO: Run Behavior\BuildLiteBehavior [ RunTime:0.000000s ]
INFO: [ app_init ] --END-- [ RunTime:0.001000s ]

[ 2016-10-25T19:05:53+08:00 ] 127.0.0.1 /15combo/admin.php/Profession/mod/id/5.html
INFO: [ app_init ] --START--
INFO: Run Behavior\BuildLiteBehavior [ RunTime:0.000000s ]
INFO: [ app_init ] --END-- [ RunTime:0.000000s ]

[ 2016-10-25T19:05:55+08:00 ] 127.0.0.1 /15combo/admin.php/Profession/modpro
INFO: [ app_init ] --START--
INFO: Run Behavior\BuildLiteBehavior [ RunTime:0.000000s ]
INFO: [ app_init ] --END-- [ RunTime:0.000000s ]

[ 2016-10-25T19:05:57+08:00 ] 127.0.0.1 /15combo/admin.php/Profession/index
INFO: [ app_init ] --START--
INFO: Run Behavior\BuildLiteBehavior [ RunTime:0.000000s ]
INFO: [ app_init ] --END-- [ RunTime:0.000000s ]

[ 2016-10-25T19:06:08+08:00 ] 127.0.0.1 /15combo/admin.php/Profession/del/id/1.html
INFO: [ app_init ] --START--
INFO: Run Behavior\BuildLiteBehavior [ RunTime:0.000000s ]
INFO: [ app_init ] --END-- [ RunTime:0.000000s ]

[ 2016-10-25T19:06:09+08:00 ] 127.0.0.1 /15combo/admin.php/Profession/index
INFO: [ app_init ] --START--
INFO: Run Behavior\BuildLiteBehavior [ RunTime:0.000000s ]
INFO: [ app_init ] --END-- [ RunTime:0.000000s ]

[ 2016-10-25T19:06:21+08:00 ] 127.0.0.1 /15combo/admin.php/Profession/mod/id/5.html
INFO: [ app_init ] --START--
INFO: Run Behavior\BuildLiteBehavior [ RunTime:0.000000s ]
INFO: [ app_init ] --END-- [ RunTime:0.001000s ]

[ 2016-10-25T19:07:21+08:00 ] 127.0.0.1 /15combo/admin.php/Profession/mod/id/5.html
INFO: [ app_init ] --START--
INFO: Run Behavior\BuildLiteBehavior [ RunTime:0.000000s ]
INFO: [ app_init ] --END-- [ RunTime:0.000000s ]

[ 2016-10-25T19:07:22+08:00 ] 127.0.0.1 /15combo/admin.php/Profession/modpro
INFO: [ app_init ] --START--
INFO: Run Behavior\BuildLiteBehavior [ RunTime:0.000000s ]
INFO: [ app_init ] --END-- [ RunTime:0.000000s ]

[ 2016-10-25T19:07:24+08:00 ] 127.0.0.1 /15combo/admin.php/Profession/index
INFO: [ app_init ] --START--
INFO: Run Behavior\BuildLiteBehavior [ RunTime:0.000000s ]
INFO: [ app_init ] --END-- [ RunTime:0.000000s ]

[ 2016-10-25T19:07:53+08:00 ] 127.0.0.1 /15combo/admin.php/Profession/mod/id/6.html
INFO: [ app_init ] --START--
INFO: Run Behavior\BuildLiteBehavior [ RunTime:0.000000s ]
INFO: [ app_init ] --END-- [ RunTime:0.001000s ]

[ 2016-10-25T19:09:58+08:00 ] 127.0.0.1 /15combo/admin.php/Profession/mod/id/6.html
INFO: [ app_init ] --START--
INFO: Run Behavior\BuildLiteBehavior [ RunTime:0.000000s ]
INFO: [ app_init ] --END-- [ RunTime:0.001000s ]

[ 2016-10-25T19:09:59+08:00 ] 127.0.0.1 /15combo/admin.php/Profession/mod/id/6.html
INFO: [ app_init ] --START--
INFO: Run Behavior\BuildLiteBehavior [ RunTime:0.000000s ]
INFO: [ app_init ] --END-- [ RunTime:0.001000s ]

[ 2016-10-25T19:10:37+08:00 ] 127.0.0.1 /15combo/admin.php/Profession/mod/id/6.html
INFO: [ app_init ] --START--
INFO: Run Behavior\BuildLiteBehavior [ RunTime:0.000000s ]
INFO: [ app_init ] --END-- [ RunTime:0.000000s ]

[ 2016-10-25T19:11:00+08:00 ] 127.0.0.1 /15combo/admin.php/Profession/mod/id/6.html
INFO: [ app_init ] --START--
INFO: Run Behavior\BuildLiteBehavior [ RunTime:0.000000s ]
INFO: [ app_init ] --END-- [ RunTime:0.000000s ]

[ 2016-10-25T19:11:27+08:00 ] 127.0.0.1 /15combo/admin.php/Profession/mod/id/6.html
INFO: [ app_init ] --START--
INFO: Run Behavior\BuildLiteBehavior [ RunTime:0.000000s ]
INFO: [ app_init ] --END-- [ RunTime:0.001000s ]

[ 2016-10-25T19:12:29+08:00 ] 127.0.0.1 /15combo/admin.php/Profession/modpro
INFO: [ app_init ] --START--
INFO: Run Behavior\BuildLiteBehavior [ RunTime:0.000000s ]
INFO: [ app_init ] --END-- [ RunTime:0.000000s ]

[ 2016-10-25T19:12:30+08:00 ] 127.0.0.1 /15combo/admin.php/Profession/index
INFO: [ app_init ] --START--
INFO: Run Behavior\BuildLiteBehavior [ RunTime:0.000000s ]
INFO: [ app_init ] --END-- [ RunTime:0.000000s ]

[ 2016-10-25T19:12:36+08:00 ] 127.0.0.1 /15combo/admin.php/Profession/mod/id/6.html
INFO: [ app_init ] --START--
INFO: Run Behavior\BuildLiteBehavior [ RunTime:0.000000s ]
INFO: [ app_init ] --END-- [ RunTime:0.001000s ]

[ 2016-10-25T19:14:04+08:00 ] 127.0.0.1 /15combo/admin.php/profession/index.html
INFO: [ app_init ] --START--
INFO: Run Behavior\BuildLiteBehavior [ RunTime:0.000000s ]
INFO: [ app_init ] --END-- [ RunTime:0.000000s ]

[ 2016-10-25T19:14:43+08:00 ] 127.0.0.1 /15combo/admin.php/News/index.html
INFO: [ app_init ] --START--
INFO: Run Behavior\BuildLiteBehavior [ RunTime:0.000000s ]
INFO: [ app_init ] --END-- [ RunTime:0.001000s ]

[ 2016-10-25T19:14:44+08:00 ] 127.0.0.1 /15combo/admin.php/News/add.html
INFO: [ app_init ] --START--
INFO: Run Behavior\BuildLiteBehavior [ RunTime:0.000000s ]
INFO: [ app_init ] --END-- [ RunTime:0.001000s ]

[ 2016-10-25T19:14:52+08:00 ] 127.0.0.1 /15combo/admin.php/News/index.html
INFO: [ app_init ] --START--
INFO: Run Behavior\BuildLiteBehavior [ RunTime:0.000000s ]
INFO: [ app_init ] --END-- [ RunTime:0.001000s ]

[ 2016-10-25T19:14:53+08:00 ] 127.0.0.1 /15combo/admin.php/News/add.html
INFO: [ app_init ] --START--
INFO: Run Behavior\BuildLiteBehavior [ RunTime:0.000000s ]
INFO: [ app_init ] --END-- [ RunTime:0.000000s ]

[ 2016-10-25T19:16:13+08:00 ] 127.0.0.1 /15combo/admin.php/News/add.html
INFO: [ app_init ] --START--
INFO: Run Behavior\BuildLiteBehavior [ RunTime:0.000000s ]
INFO: [ app_init ] --END-- [ RunTime:0.000000s ]

[ 2016-10-25T19:16:14+08:00 ] 127.0.0.1 /15combo/admin.php/News/index.html
INFO: [ app_init ] --START--
INFO: Run Behavior\BuildLiteBehavior [ RunTime:0.000000s ]
INFO: [ app_init ] --END-- [ RunTime:0.001000s ]

[ 2016-10-25T19:16:28+08:00 ] 127.0.0.1 /15combo/admin.php/News/add.html
INFO: [ app_init ] --START--
INFO: Run Behavior\BuildLiteBehavior [ RunTime:0.000000s ]
INFO: [ app_init ] --END-- [ RunTime:0.000000s ]

[ 2016-10-25T19:16:30+08:00 ] 127.0.0.1 /15combo/admin.php/News/index.html
INFO: [ app_init ] --START--
INFO: Run Behavior\BuildLiteBehavior [ RunTime:0.000000s ]
INFO: [ app_init ] --END-- [ RunTime:0.000000s ]

[ 2016-10-25T19:16:31+08:00 ] 127.0.0.1 /15combo/admin.php/News/add.html
INFO: [ app_init ] --START--
INFO: Run Behavior\BuildLiteBehavior [ RunTime:0.000000s ]
INFO: [ app_init ] --END-- [ RunTime:0.000000s ]

[ 2016-10-25T19:16:35+08:00 ] 127.0.0.1 /15combo/admin.php/profession/index.html
INFO: [ app_init ] --START--
INFO: Run Behavior\BuildLiteBehavior [ RunTime:0.000000s ]
INFO: [ app_init ] --END-- [ RunTime:0.000000s ]

[ 2016-10-25T19:16:58+08:00 ] 127.0.0.1 /15combo/admin.php/Profession/add
INFO: [ app_init ] --START--
INFO: Run Behavior\BuildLiteBehavior [ RunTime:0.000000s ]
INFO: [ app_init ] --END-- [ RunTime:0.000000s ]

[ 2016-10-25T19:17:12+08:00 ] 127.0.0.1 /15combo/admin.php/profession/index.html
INFO: [ app_init ] --START--
INFO: Run Behavior\BuildLiteBehavior [ RunTime:0.000000s ]
INFO: [ app_init ] --END-- [ RunTime:0.001000s ]

